#
# There is insufficient memory for the Java Runtime Environment to continue.
# Native memory allocation (malloc) failed to allocate 956336 bytes for Chunk::new
# Possible reasons:
#   The system is out of physical RAM or swap space
#   The process is running with CompressedOops enabled, and the Java Heap may be blocking the growth of the native heap
# Possible solutions:
#   Reduce memory load on the system
#   Increase physical memory or swap space
#   Check if swap backing store is full
#   Decrease Java heap size (-Xmx/-Xms)
#   Decrease number of Java threads
#   Decrease Java thread stack sizes (-Xss)
#   Set larger code cache with -XX:ReservedCodeCacheSize=
#   JVM is running with Unscaled Compressed Oops mode in which the Java heap is
#     placed in the first 4GB address space. The Java Heap base address is the
#     maximum limit for the native heap growth. Please use -XX:HeapBaseMinAddress
#     to set the Java Heap base and to place the Java Heap above 4GB virtual address.
# This output file may be truncated or incomplete.
#
#  Out of Memory Error (./src/hotspot/share/memory/arena.cpp:197), pid=35924, tid=26544
#
# JRE version: OpenJDK Runtime Environment (11.0.12+7) (build 11.0.12+7-b1504.28-7817840)
# Java VM: OpenJDK 64-Bit Server VM (11.0.12+7-b1504.28-7817840, mixed mode, tiered, compressed oops, g1 gc, windows-amd64)
# No core dump will be written. Minidumps are not enabled by default on client versions of Windows
#

---------------  S U M M A R Y ------------

Command Line: --add-opens=java.base/java.util=ALL-UNNAMED --add-opens=java.base/java.lang=ALL-UNNAMED --add-opens=java.base/java.lang.invoke=ALL-UNNAMED --add-opens=java.base/java.util=ALL-UNNAMED --add-opens=java.prefs/java.util.prefs=ALL-UNNAMED --add-opens=java.prefs/java.util.prefs=ALL-UNNAMED --add-opens=java.base/java.nio.charset=ALL-UNNAMED --add-opens=java.base/java.net=ALL-UNNAMED --add-opens=java.base/java.util.concurrent.atomic=ALL-UNNAMED -Xmx2048m -Dfile.encoding=UTF-8 -Duser.country=US -Duser.language=en -Duser.variant org.gradle.launcher.daemon.bootstrap.GradleDaemon 7.3.3

Host: Intel(R) Core(TM) i7-10610U CPU @ 1.80GHz, 8 cores, 15G,  Windows 10 , 64 bit Build 19041 (10.0.19041.1706)
Time: Thu May 26 18:19:02 2022 Jerusalem Daylight Time elapsed time: 4.510748 seconds (0d 0h 0m 4s)

---------------  T H R E A D  ---------------

Current thread (0x00000240b6efd000):  JavaThread "C2 CompilerThread0" daemon [_thread_in_native, id=26544, stack(0x000000cb1cd00000,0x000000cb1ce00000)]


Current CompileTask:
C2:   4510 2104   !   4       java.net.URLClassLoader$1::run (63 bytes)

Stack: [0x000000cb1cd00000,0x000000cb1ce00000]
Native frames: (J=compiled Java code, j=interpreted, Vv=VM code, C=native code)
V  [jvm.dll+0x5fbcea]
V  [jvm.dll+0x731905]
V  [jvm.dll+0x732f1d]
V  [jvm.dll+0x7335d3]
V  [jvm.dll+0x247bf8]
V  [jvm.dll+0xc018c]
V  [jvm.dll+0xc06cc]
V  [jvm.dll+0x2bcc04]
V  [jvm.dll+0x5113a8]
V  [jvm.dll+0x208303]
V  [jvm.dll+0x201fe0]
V  [jvm.dll+0x1ff71f]
V  [jvm.dll+0x18868c]
V  [jvm.dll+0x20e0d7]
V  [jvm.dll+0x20c901]
V  [jvm.dll+0x6f9b7f]
V  [jvm.dll+0x6f26a5]
V  [jvm.dll+0x5fabf6]
C  [ucrtbase.dll+0x21bb2]
C  [KERNEL32.DLL+0x17034]
C  [ntdll.dll+0x52651]


---------------  P R O C E S S  ---------------

Threads class SMR info:
_java_thread_list=0x00000240ba89d9f0, length=27, elements={
0x000002409c1a0000, 0x00000240b6e90000, 0x00000240b6e93800, 0x00000240b6ef6800,
0x00000240b6ef7000, 0x00000240b6ef9800, 0x00000240b6efd000, 0x00000240b6f03000,
0x00000240b6f05000, 0x00000240b7072800, 0x00000240b8725000, 0x00000240b713e000,
0x00000240b7684000, 0x00000240b8949000, 0x00000240b8b19800, 0x00000240b99ca800,
0x00000240b91fc800, 0x00000240b9a39800, 0x00000240b99fa800, 0x00000240b99fb800,
0x00000240b99fc000, 0x00000240b99f9800, 0x00000240b9702800, 0x00000240b9703800,
0x00000240b986c000, 0x00000240b9704000, 0x00000240b9705000
}

Java Threads: ( => current thread )
  0x000002409c1a0000 JavaThread "main" [_thread_blocked, id=20944, stack(0x000000cb1c100000,0x000000cb1c200000)]
  0x00000240b6e90000 JavaThread "Reference Handler" daemon [_thread_blocked, id=24976, stack(0x000000cb1c800000,0x000000cb1c900000)]
  0x00000240b6e93800 JavaThread "Finalizer" daemon [_thread_blocked, id=25344, stack(0x000000cb1c900000,0x000000cb1ca00000)]
  0x00000240b6ef6800 JavaThread "Signal Dispatcher" daemon [_thread_blocked, id=42960, stack(0x000000cb1ca00000,0x000000cb1cb00000)]
  0x00000240b6ef7000 JavaThread "Attach Listener" daemon [_thread_blocked, id=11188, stack(0x000000cb1cb00000,0x000000cb1cc00000)]
  0x00000240b6ef9800 JavaThread "Service Thread" daemon [_thread_blocked, id=28288, stack(0x000000cb1cc00000,0x000000cb1cd00000)]
=>0x00000240b6efd000 JavaThread "C2 CompilerThread0" daemon [_thread_in_native, id=26544, stack(0x000000cb1cd00000,0x000000cb1ce00000)]
  0x00000240b6f03000 JavaThread "C1 CompilerThread0" daemon [_thread_blocked, id=848, stack(0x000000cb1ce00000,0x000000cb1cf00000)]
  0x00000240b6f05000 JavaThread "Sweeper thread" daemon [_thread_blocked, id=44396, stack(0x000000cb1cf00000,0x000000cb1d000000)]
  0x00000240b7072800 JavaThread "Common-Cleaner" daemon [_thread_blocked, id=26872, stack(0x000000cb1d000000,0x000000cb1d100000)]
  0x00000240b8725000 JavaThread "Daemon health stats" [_thread_blocked, id=20708, stack(0x000000cb1d900000,0x000000cb1da00000)]
  0x00000240b713e000 JavaThread "Incoming local TCP Connector on port 49402" [_thread_in_native, id=35212, stack(0x000000cb1d200000,0x000000cb1d300000)]
  0x00000240b7684000 JavaThread "Daemon periodic checks" [_thread_blocked, id=44964, stack(0x000000cb1d300000,0x000000cb1d400000)]
  0x00000240b8949000 JavaThread "Daemon" [_thread_blocked, id=23332, stack(0x000000cb1da00000,0x000000cb1db00000)]
  0x00000240b8b19800 JavaThread "Handler for socket connection from /127.0.0.1:49402 to /127.0.0.1:49403" [_thread_in_native, id=9980, stack(0x000000cb1db00000,0x000000cb1dc00000)]
  0x00000240b99ca800 JavaThread "Cancel handler" [_thread_blocked, id=16540, stack(0x000000cb1dc00000,0x000000cb1dd00000)]
  0x00000240b91fc800 JavaThread "Daemon worker" [_thread_in_native, id=27004, stack(0x000000cb1dd00000,0x000000cb1de00000)]
  0x00000240b9a39800 JavaThread "Asynchronous log dispatcher for DefaultDaemonConnection: socket connection from /127.0.0.1:49402 to /127.0.0.1:49403" [_thread_blocked, id=25564, stack(0x000000cb1de00000,0x000000cb1df00000)]
  0x00000240b99fa800 JavaThread "Stdin handler" [_thread_blocked, id=14348, stack(0x000000cb1df00000,0x000000cb1e000000)]
  0x00000240b99fb800 JavaThread "Daemon client event forwarder" [_thread_blocked, id=34856, stack(0x000000cb1e000000,0x000000cb1e100000)]
  0x00000240b99fc000 JavaThread "Cache worker for journal cache (C:\Users\erels\.gradle\caches\journal-1)" [_thread_blocked, id=6104, stack(0x000000cb1e100000,0x000000cb1e200000)]
  0x00000240b99f9800 JavaThread "File lock request listener" [_thread_in_native, id=11928, stack(0x000000cb1e200000,0x000000cb1e300000)]
  0x00000240b9702800 JavaThread "Cache worker for file hash cache (C:\Users\erels\.gradle\caches\7.3.3\fileHashes)" [_thread_blocked, id=8768, stack(0x000000cb1e300000,0x000000cb1e400000)]
  0x00000240b9703800 JavaThread "Cache worker for file hash cache (C:\Users\erels\AndroidStudioProjects\CountDownTimer\.gradle\7.3.3\fileHashes)" [_thread_blocked, id=22812, stack(0x000000cb1e700000,0x000000cb1e800000)]
  0x00000240b986c000 JavaThread "C2 CompilerThread1" daemon [_thread_in_native, id=39080, stack(0x000000cb1e800000,0x000000cb1e900000)]
  0x00000240b9704000 JavaThread "File watcher server" daemon [_thread_in_native, id=15964, stack(0x000000cb1e900000,0x000000cb1ea00000)]
  0x00000240b9705000 JavaThread "File watcher consumer" daemon [_thread_blocked, id=23152, stack(0x000000cb1ea00000,0x000000cb1eb00000)]

Other Threads:
  0x00000240b6e8d800 VMThread "VM Thread" [stack: 0x000000cb1c700000,0x000000cb1c800000] [id=11404]
  0x00000240b7084800 WatcherThread [stack: 0x000000cb1d100000,0x000000cb1d200000] [id=29444]
  0x000002409c1b9800 GCTaskThread "GC Thread#0" [stack: 0x000000cb1c200000,0x000000cb1c300000] [id=19248]
  0x00000240b7a26800 GCTaskThread "GC Thread#1" [stack: 0x000000cb1d400000,0x000000cb1d500000] [id=23420]
  0x00000240b7dc5000 GCTaskThread "GC Thread#2" [stack: 0x000000cb1d500000,0x000000cb1d600000] [id=14460]
  0x00000240b75c0800 GCTaskThread "GC Thread#3" [stack: 0x000000cb1d600000,0x000000cb1d700000] [id=39764]
  0x00000240b7f2e000 GCTaskThread "GC Thread#4" [stack: 0x000000cb1d700000,0x000000cb1d800000] [id=18596]
  0x00000240b7bb4800 GCTaskThread "GC Thread#5" [stack: 0x000000cb1d800000,0x000000cb1d900000] [id=34320]
  0x00000240b9fd5800 GCTaskThread "GC Thread#6" [stack: 0x000000cb1e400000,0x000000cb1e500000] [id=36064]
  0x00000240b9fd3800 GCTaskThread "GC Thread#7" [stack: 0x000000cb1e500000,0x000000cb1e600000] [id=30820]
  0x000002409c1e9800 ConcurrentGCThread "G1 Main Marker" [stack: 0x000000cb1c300000,0x000000cb1c400000] [id=19544]
  0x000002409c1eb000 ConcurrentGCThread "G1 Conc#0" [stack: 0x000000cb1c400000,0x000000cb1c500000] [id=9632]
  0x00000240b9fd1000 ConcurrentGCThread "G1 Conc#1" [stack: 0x000000cb1e600000,0x000000cb1e700000] [id=38420]
  0x000002409c27e000 ConcurrentGCThread "G1 Refine#0" [stack: 0x000000cb1c500000,0x000000cb1c600000] [id=5160]
  0x00000240b64d8800 ConcurrentGCThread "G1 Young RemSet Sampling" [stack: 0x000000cb1c600000,0x000000cb1c700000] [id=42468]

Threads with active compile tasks:
C2 CompilerThread0   4542 2104   !   4       java.net.URLClassLoader$1::run (63 bytes)
C2 CompilerThread1   4542 2103       4       java.net.URLClassLoader$1::run (5 bytes)

VM state:not at safepoint (normal execution)

VM Mutex/Monitor currently owned by a thread: None

Heap address: 0x0000000080000000, size: 2048 MB, Compressed Oops mode: 32-bit
Narrow klass base: 0x0000000000000000, Narrow klass shift: 3
Compressed class space size: 1073741824 Address: 0x0000000100000000

Heap:
 garbage-first heap   total 258048K, used 50600K [0x0000000080000000, 0x0000000100000000)
  region size 1024K, 34 young (34816K), 1 survivors (1024K)
 Metaspace       used 26587K, capacity 27166K, committed 27264K, reserved 1073152K
  class space    used 3464K, capacity 3668K, committed 3712K, reserved 1048576K
Heap Regions: E=young(eden), S=young(survivor), O=old, HS=humongous(starts), HC=humongous(continues), CS=collection set, F=free, A=archive, TAMS=top-at-mark-start (previous, next)
|   0|0x0000000080000000, 0x0000000080100000, 0x0000000080100000|100%| O|  |TAMS 0x0000000080000000, 0x0000000080000000| Untracked 
|   1|0x0000000080100000, 0x0000000080200000, 0x0000000080200000|100%| O|  |TAMS 0x0000000080100000, 0x0000000080100000| Untracked 
|   2|0x0000000080200000, 0x0000000080300000, 0x0000000080300000|100%| O|  |TAMS 0x0000000080200000, 0x0000000080200000| Untracked 
|   3|0x0000000080300000, 0x0000000080400000, 0x0000000080400000|100%|HS|  |TAMS 0x0000000080400000, 0x0000000080300000| Complete 
|   4|0x0000000080400000, 0x0000000080500000, 0x0000000080500000|100%|HC|  |TAMS 0x0000000080500000, 0x0000000080400000| Complete 
|   5|0x0000000080500000, 0x0000000080600000, 0x0000000080600000|100%|HC|  |TAMS 0x0000000080600000, 0x0000000080500000| Complete 
|   6|0x0000000080600000, 0x0000000080700000, 0x0000000080700000|100%| O|  |TAMS 0x0000000080700000, 0x0000000080600000| Untracked 
|   7|0x0000000080700000, 0x0000000080800000, 0x0000000080800000|100%| O|  |TAMS 0x0000000080800000, 0x0000000080700000| Untracked 
|   8|0x0000000080800000, 0x0000000080900000, 0x0000000080900000|100%| O|  |TAMS 0x0000000080900000, 0x0000000080800000| Untracked 
|   9|0x0000000080900000, 0x0000000080a00000, 0x0000000080a00000|100%| O|  |TAMS 0x0000000080914a00, 0x0000000080900000| Untracked 
|  10|0x0000000080a00000, 0x0000000080b00000, 0x0000000080b00000|100%| O|  |TAMS 0x0000000080a00000, 0x0000000080a00000| Untracked 
|  11|0x0000000080b00000, 0x0000000080c00000, 0x0000000080c00000|100%| O|  |TAMS 0x0000000080b00000, 0x0000000080b00000| Untracked 
|  12|0x0000000080c00000, 0x0000000080d00000, 0x0000000080d00000|100%| O|  |TAMS 0x0000000080c00000, 0x0000000080c00000| Untracked 
|  13|0x0000000080d00000, 0x0000000080e00000, 0x0000000080e00000|100%| O|  |TAMS 0x0000000080d00000, 0x0000000080d00000| Untracked 
|  14|0x0000000080e00000, 0x0000000080f00000, 0x0000000080f00000|100%| O|  |TAMS 0x0000000080e00000, 0x0000000080e00000| Untracked 
|  15|0x0000000080f00000, 0x0000000081000000, 0x0000000081000000|100%| O|  |TAMS 0x0000000080f00000, 0x0000000080f00000| Untracked 
|  16|0x0000000081000000, 0x000000008106a000, 0x0000000081100000| 41%| O|  |TAMS 0x0000000081000000, 0x0000000081000000| Untracked 
|  17|0x0000000081100000, 0x0000000081100000, 0x0000000081200000|  0%| F|  |TAMS 0x0000000081100000, 0x0000000081100000| Untracked 
|  18|0x0000000081200000, 0x0000000081200000, 0x0000000081300000|  0%| F|  |TAMS 0x0000000081200000, 0x0000000081200000| Untracked 
|  19|0x0000000081300000, 0x0000000081300000, 0x0000000081400000|  0%| F|  |TAMS 0x0000000081300000, 0x0000000081300000| Untracked 
|  20|0x0000000081400000, 0x0000000081400000, 0x0000000081500000|  0%| F|  |TAMS 0x0000000081400000, 0x0000000081400000| Untracked 
|  21|0x0000000081500000, 0x0000000081500000, 0x0000000081600000|  0%| F|  |TAMS 0x0000000081500000, 0x0000000081500000| Untracked 
|  22|0x0000000081600000, 0x0000000081600000, 0x0000000081700000|  0%| F|  |TAMS 0x0000000081600000, 0x0000000081600000| Untracked 
|  23|0x0000000081700000, 0x0000000081700000, 0x0000000081800000|  0%| F|  |TAMS 0x0000000081700000, 0x0000000081700000| Untracked 
|  24|0x0000000081800000, 0x0000000081800000, 0x0000000081900000|  0%| F|  |TAMS 0x0000000081800000, 0x0000000081800000| Untracked 
|  25|0x0000000081900000, 0x0000000081900000, 0x0000000081a00000|  0%| F|  |TAMS 0x0000000081900000, 0x0000000081900000| Untracked 
|  26|0x0000000081a00000, 0x0000000081a00000, 0x0000000081b00000|  0%| F|  |TAMS 0x0000000081a00000, 0x0000000081a00000| Untracked 
|  27|0x0000000081b00000, 0x0000000081b00000, 0x0000000081c00000|  0%| F|  |TAMS 0x0000000081b00000, 0x0000000081b00000| Untracked 
|  28|0x0000000081c00000, 0x0000000081c00000, 0x0000000081d00000|  0%| F|  |TAMS 0x0000000081c00000, 0x0000000081c00000| Untracked 
|  29|0x0000000081d00000, 0x0000000081d00000, 0x0000000081e00000|  0%| F|  |TAMS 0x0000000081d00000, 0x0000000081d00000| Untracked 
|  30|0x0000000081e00000, 0x0000000081e00000, 0x0000000081f00000|  0%| F|  |TAMS 0x0000000081e00000, 0x0000000081e00000| Untracked 
|  31|0x0000000081f00000, 0x0000000081f00000, 0x0000000082000000|  0%| F|  |TAMS 0x0000000081f00000, 0x0000000081f00000| Untracked 
|  32|0x0000000082000000, 0x0000000082000000, 0x0000000082100000|  0%| F|  |TAMS 0x0000000082000000, 0x0000000082000000| Untracked 
|  33|0x0000000082100000, 0x0000000082100000, 0x0000000082200000|  0%| F|  |TAMS 0x0000000082100000, 0x0000000082100000| Untracked 
|  34|0x0000000082200000, 0x0000000082200000, 0x0000000082300000|  0%| F|  |TAMS 0x0000000082200000, 0x0000000082200000| Untracked 
|  35|0x0000000082300000, 0x0000000082300000, 0x0000000082400000|  0%| F|  |TAMS 0x0000000082300000, 0x0000000082300000| Untracked 
|  36|0x0000000082400000, 0x0000000082400000, 0x0000000082500000|  0%| F|  |TAMS 0x0000000082400000, 0x0000000082400000| Untracked 
|  37|0x0000000082500000, 0x0000000082500000, 0x0000000082600000|  0%| F|  |TAMS 0x0000000082500000, 0x0000000082500000| Untracked 
|  38|0x0000000082600000, 0x0000000082600000, 0x0000000082700000|  0%| F|  |TAMS 0x0000000082600000, 0x0000000082600000| Untracked 
|  39|0x0000000082700000, 0x0000000082700000, 0x0000000082800000|  0%| F|  |TAMS 0x0000000082700000, 0x0000000082700000| Untracked 
|  40|0x0000000082800000, 0x0000000082800000, 0x0000000082900000|  0%| F|  |TAMS 0x0000000082800000, 0x0000000082800000| Untracked 
|  41|0x0000000082900000, 0x0000000082900000, 0x0000000082a00000|  0%| F|  |TAMS 0x0000000082900000, 0x0000000082900000| Untracked 
|  42|0x0000000082a00000, 0x0000000082a00000, 0x0000000082b00000|  0%| F|  |TAMS 0x0000000082a00000, 0x0000000082a00000| Untracked 
|  43|0x0000000082b00000, 0x0000000082b00000, 0x0000000082c00000|  0%| F|  |TAMS 0x0000000082b00000, 0x0000000082b00000| Untracked 
|  44|0x0000000082c00000, 0x0000000082c00000, 0x0000000082d00000|  0%| F|  |TAMS 0x0000000082c00000, 0x0000000082c00000| Untracked 
|  45|0x0000000082d00000, 0x0000000082d00000, 0x0000000082e00000|  0%| F|  |TAMS 0x0000000082d00000, 0x0000000082d00000| Untracked 
|  46|0x0000000082e00000, 0x0000000082e00000, 0x0000000082f00000|  0%| F|  |TAMS 0x0000000082e00000, 0x0000000082e00000| Untracked 
|  47|0x0000000082f00000, 0x0000000082f00000, 0x0000000083000000|  0%| F|  |TAMS 0x0000000082f00000, 0x0000000082f00000| Untracked 
|  48|0x0000000083000000, 0x0000000083000000, 0x0000000083100000|  0%| F|  |TAMS 0x0000000083000000, 0x0000000083000000| Untracked 
|  49|0x0000000083100000, 0x0000000083100000, 0x0000000083200000|  0%| F|  |TAMS 0x0000000083100000, 0x0000000083100000| Untracked 
|  50|0x0000000083200000, 0x0000000083200000, 0x0000000083300000|  0%| F|  |TAMS 0x0000000083200000, 0x0000000083200000| Untracked 
|  51|0x0000000083300000, 0x0000000083300000, 0x0000000083400000|  0%| F|  |TAMS 0x0000000083300000, 0x0000000083300000| Untracked 
|  52|0x0000000083400000, 0x0000000083400000, 0x0000000083500000|  0%| F|  |TAMS 0x0000000083400000, 0x0000000083400000| Untracked 
|  53|0x0000000083500000, 0x0000000083500000, 0x0000000083600000|  0%| F|  |TAMS 0x0000000083500000, 0x0000000083500000| Untracked 
|  54|0x0000000083600000, 0x0000000083600000, 0x0000000083700000|  0%| F|  |TAMS 0x0000000083600000, 0x0000000083600000| Untracked 
|  55|0x0000000083700000, 0x0000000083700000, 0x0000000083800000|  0%| F|  |TAMS 0x0000000083700000, 0x0000000083700000| Untracked 
|  56|0x0000000083800000, 0x0000000083800000, 0x0000000083900000|  0%| F|  |TAMS 0x0000000083800000, 0x0000000083800000| Untracked 
|  57|0x0000000083900000, 0x0000000083900000, 0x0000000083a00000|  0%| F|  |TAMS 0x0000000083900000, 0x0000000083900000| Untracked 
|  58|0x0000000083a00000, 0x0000000083a00000, 0x0000000083b00000|  0%| F|  |TAMS 0x0000000083a00000, 0x0000000083a00000| Untracked 
|  59|0x0000000083b00000, 0x0000000083b00000, 0x0000000083c00000|  0%| F|  |TAMS 0x0000000083b00000, 0x0000000083b00000| Untracked 
|  60|0x0000000083c00000, 0x0000000083c00000, 0x0000000083d00000|  0%| F|  |TAMS 0x0000000083c00000, 0x0000000083c00000| Untracked 
|  61|0x0000000083d00000, 0x0000000083d00000, 0x0000000083e00000|  0%| F|  |TAMS 0x0000000083d00000, 0x0000000083d00000| Untracked 
|  62|0x0000000083e00000, 0x0000000083e00000, 0x0000000083f00000|  0%| F|  |TAMS 0x0000000083e00000, 0x0000000083e00000| Untracked 
|  63|0x0000000083f00000, 0x0000000083f00000, 0x0000000084000000|  0%| F|  |TAMS 0x0000000083f00000, 0x0000000083f00000| Untracked 
|  64|0x0000000084000000, 0x0000000084000000, 0x0000000084100000|  0%| F|  |TAMS 0x0000000084000000, 0x0000000084000000| Untracked 
|  65|0x0000000084100000, 0x0000000084100000, 0x0000000084200000|  0%| F|  |TAMS 0x0000000084100000, 0x0000000084100000| Untracked 
|  66|0x0000000084200000, 0x0000000084200000, 0x0000000084300000|  0%| F|  |TAMS 0x0000000084200000, 0x0000000084200000| Untracked 
|  67|0x0000000084300000, 0x0000000084300000, 0x0000000084400000|  0%| F|  |TAMS 0x0000000084300000, 0x0000000084300000| Untracked 
|  68|0x0000000084400000, 0x0000000084400000, 0x0000000084500000|  0%| F|  |TAMS 0x0000000084400000, 0x0000000084400000| Untracked 
|  69|0x0000000084500000, 0x0000000084500000, 0x0000000084600000|  0%| F|  |TAMS 0x0000000084500000, 0x0000000084500000| Untracked 
|  70|0x0000000084600000, 0x0000000084600000, 0x0000000084700000|  0%| F|  |TAMS 0x0000000084600000, 0x0000000084600000| Untracked 
|  71|0x0000000084700000, 0x0000000084700000, 0x0000000084800000|  0%| F|  |TAMS 0x0000000084700000, 0x0000000084700000| Untracked 
|  72|0x0000000084800000, 0x0000000084800000, 0x0000000084900000|  0%| F|  |TAMS 0x0000000084800000, 0x0000000084800000| Untracked 
|  73|0x0000000084900000, 0x0000000084900000, 0x0000000084a00000|  0%| F|  |TAMS 0x0000000084900000, 0x0000000084900000| Untracked 
|  74|0x0000000084a00000, 0x0000000084a00000, 0x0000000084b00000|  0%| F|  |TAMS 0x0000000084a00000, 0x0000000084a00000| Untracked 
|  75|0x0000000084b00000, 0x0000000084b00000, 0x0000000084c00000|  0%| F|  |TAMS 0x0000000084b00000, 0x0000000084b00000| Untracked 
|  76|0x0000000084c00000, 0x0000000084c00000, 0x0000000084d00000|  0%| F|  |TAMS 0x0000000084c00000, 0x0000000084c00000| Untracked 
|  77|0x0000000084d00000, 0x0000000084d00000, 0x0000000084e00000|  0%| F|  |TAMS 0x0000000084d00000, 0x0000000084d00000| Untracked 
|  78|0x0000000084e00000, 0x0000000084e00000, 0x0000000084f00000|  0%| F|  |TAMS 0x0000000084e00000, 0x0000000084e00000| Untracked 
|  79|0x0000000084f00000, 0x0000000084f00000, 0x0000000085000000|  0%| F|  |TAMS 0x0000000084f00000, 0x0000000084f00000| Untracked 
|  80|0x0000000085000000, 0x0000000085000000, 0x0000000085100000|  0%| F|  |TAMS 0x0000000085000000, 0x0000000085000000| Untracked 
|  81|0x0000000085100000, 0x0000000085100000, 0x0000000085200000|  0%| F|  |TAMS 0x0000000085100000, 0x0000000085100000| Untracked 
|  82|0x0000000085200000, 0x0000000085200000, 0x0000000085300000|  0%| F|  |TAMS 0x0000000085200000, 0x0000000085200000| Untracked 
|  83|0x0000000085300000, 0x0000000085300000, 0x0000000085400000|  0%| F|  |TAMS 0x0000000085300000, 0x0000000085300000| Untracked 
|  84|0x0000000085400000, 0x0000000085400000, 0x0000000085500000|  0%| F|  |TAMS 0x0000000085400000, 0x0000000085400000| Untracked 
|  85|0x0000000085500000, 0x0000000085500000, 0x0000000085600000|  0%| F|  |TAMS 0x0000000085500000, 0x0000000085500000| Untracked 
|  86|0x0000000085600000, 0x0000000085600000, 0x0000000085700000|  0%| F|  |TAMS 0x0000000085600000, 0x0000000085600000| Untracked 
|  87|0x0000000085700000, 0x0000000085700000, 0x0000000085800000|  0%| F|  |TAMS 0x0000000085700000, 0x0000000085700000| Untracked 
|  88|0x0000000085800000, 0x0000000085800000, 0x0000000085900000|  0%| F|  |TAMS 0x0000000085800000, 0x0000000085800000| Untracked 
|  89|0x0000000085900000, 0x0000000085900000, 0x0000000085a00000|  0%| F|  |TAMS 0x0000000085900000, 0x0000000085900000| Untracked 
|  90|0x0000000085a00000, 0x0000000085a00000, 0x0000000085b00000|  0%| F|  |TAMS 0x0000000085a00000, 0x0000000085a00000| Untracked 
|  91|0x0000000085b00000, 0x0000000085b00000, 0x0000000085c00000|  0%| F|  |TAMS 0x0000000085b00000, 0x0000000085b00000| Untracked 
|  92|0x0000000085c00000, 0x0000000085c00000, 0x0000000085d00000|  0%| F|  |TAMS 0x0000000085c00000, 0x0000000085c00000| Untracked 
|  93|0x0000000085d00000, 0x0000000085d00000, 0x0000000085e00000|  0%| F|  |TAMS 0x0000000085d00000, 0x0000000085d00000| Untracked 
|  94|0x0000000085e00000, 0x0000000085e00000, 0x0000000085f00000|  0%| F|  |TAMS 0x0000000085e00000, 0x0000000085e00000| Untracked 
|  95|0x0000000085f00000, 0x0000000085f00000, 0x0000000086000000|  0%| F|  |TAMS 0x0000000085f00000, 0x0000000085f00000| Untracked 
|  96|0x0000000086000000, 0x0000000086000000, 0x0000000086100000|  0%| F|  |TAMS 0x0000000086000000, 0x0000000086000000| Untracked 
|  97|0x0000000086100000, 0x0000000086100000, 0x0000000086200000|  0%| F|  |TAMS 0x0000000086100000, 0x0000000086100000| Untracked 
|  98|0x0000000086200000, 0x0000000086200000, 0x0000000086300000|  0%| F|  |TAMS 0x0000000086200000, 0x0000000086200000| Untracked 
|  99|0x0000000086300000, 0x0000000086300000, 0x0000000086400000|  0%| F|  |TAMS 0x0000000086300000, 0x0000000086300000| Untracked 
| 100|0x0000000086400000, 0x0000000086400000, 0x0000000086500000|  0%| F|  |TAMS 0x0000000086400000, 0x0000000086400000| Untracked 
| 101|0x0000000086500000, 0x0000000086500000, 0x0000000086600000|  0%| F|  |TAMS 0x0000000086500000, 0x0000000086500000| Untracked 
| 102|0x0000000086600000, 0x0000000086600000, 0x0000000086700000|  0%| F|  |TAMS 0x0000000086600000, 0x0000000086600000| Untracked 
| 103|0x0000000086700000, 0x0000000086700000, 0x0000000086800000|  0%| F|  |TAMS 0x0000000086700000, 0x0000000086700000| Untracked 
| 104|0x0000000086800000, 0x0000000086800000, 0x0000000086900000|  0%| F|  |TAMS 0x0000000086800000, 0x0000000086800000| Untracked 
| 105|0x0000000086900000, 0x0000000086900000, 0x0000000086a00000|  0%| F|  |TAMS 0x0000000086900000, 0x0000000086900000| Untracked 
| 106|0x0000000086a00000, 0x0000000086a00000, 0x0000000086b00000|  0%| F|  |TAMS 0x0000000086a00000, 0x0000000086a00000| Untracked 
| 107|0x0000000086b00000, 0x0000000086b00000, 0x0000000086c00000|  0%| F|  |TAMS 0x0000000086b00000, 0x0000000086b00000| Untracked 
| 108|0x0000000086c00000, 0x0000000086c00000, 0x0000000086d00000|  0%| F|  |TAMS 0x0000000086c00000, 0x0000000086c00000| Untracked 
| 109|0x0000000086d00000, 0x0000000086d00000, 0x0000000086e00000|  0%| F|  |TAMS 0x0000000086d00000, 0x0000000086d00000| Untracked 
| 110|0x0000000086e00000, 0x0000000086e00000, 0x0000000086f00000|  0%| F|  |TAMS 0x0000000086e00000, 0x0000000086e00000| Untracked 
| 111|0x0000000086f00000, 0x0000000086f00000, 0x0000000087000000|  0%| F|  |TAMS 0x0000000086f00000, 0x0000000086f00000| Untracked 
| 112|0x0000000087000000, 0x0000000087000000, 0x0000000087100000|  0%| F|  |TAMS 0x0000000087000000, 0x0000000087000000| Untracked 
| 113|0x0000000087100000, 0x0000000087100000, 0x0000000087200000|  0%| F|  |TAMS 0x0000000087100000, 0x0000000087100000| Untracked 
| 114|0x0000000087200000, 0x0000000087200000, 0x0000000087300000|  0%| F|  |TAMS 0x0000000087200000, 0x0000000087200000| Untracked 
| 115|0x0000000087300000, 0x0000000087300000, 0x0000000087400000|  0%| F|  |TAMS 0x0000000087300000, 0x0000000087300000| Untracked 
| 116|0x0000000087400000, 0x0000000087400000, 0x0000000087500000|  0%| F|  |TAMS 0x0000000087400000, 0x0000000087400000| Untracked 
| 117|0x0000000087500000, 0x0000000087500000, 0x0000000087600000|  0%| F|  |TAMS 0x0000000087500000, 0x0000000087500000| Untracked 
| 118|0x0000000087600000, 0x0000000087600000, 0x0000000087700000|  0%| F|  |TAMS 0x0000000087600000, 0x0000000087600000| Untracked 
| 119|0x0000000087700000, 0x0000000087700000, 0x0000000087800000|  0%| F|  |TAMS 0x0000000087700000, 0x0000000087700000| Untracked 
| 120|0x0000000087800000, 0x0000000087800000, 0x0000000087900000|  0%| F|  |TAMS 0x0000000087800000, 0x0000000087800000| Untracked 
| 121|0x0000000087900000, 0x0000000087900000, 0x0000000087a00000|  0%| F|  |TAMS 0x0000000087900000, 0x0000000087900000| Untracked 
| 122|0x0000000087a00000, 0x0000000087a00000, 0x0000000087b00000|  0%| F|  |TAMS 0x0000000087a00000, 0x0000000087a00000| Untracked 
| 123|0x0000000087b00000, 0x0000000087b00000, 0x0000000087c00000|  0%| F|  |TAMS 0x0000000087b00000, 0x0000000087b00000| Untracked 
| 124|0x0000000087c00000, 0x0000000087c00000, 0x0000000087d00000|  0%| F|  |TAMS 0x0000000087c00000, 0x0000000087c00000| Untracked 
| 125|0x0000000087d00000, 0x0000000087d00000, 0x0000000087e00000|  0%| F|  |TAMS 0x0000000087d00000, 0x0000000087d00000| Untracked 
| 126|0x0000000087e00000, 0x0000000087e00000, 0x0000000087f00000|  0%| F|  |TAMS 0x0000000087e00000, 0x0000000087e00000| Untracked 
| 127|0x0000000087f00000, 0x0000000087f00000, 0x0000000088000000|  0%| F|  |TAMS 0x0000000087f00000, 0x0000000087f00000| Untracked 
| 128|0x0000000088000000, 0x0000000088000000, 0x0000000088100000|  0%| F|  |TAMS 0x0000000088000000, 0x0000000088000000| Untracked 
| 129|0x0000000088100000, 0x0000000088100000, 0x0000000088200000|  0%| F|  |TAMS 0x0000000088100000, 0x0000000088100000| Untracked 
| 130|0x0000000088200000, 0x0000000088200000, 0x0000000088300000|  0%| F|  |TAMS 0x0000000088200000, 0x0000000088200000| Untracked 
| 131|0x0000000088300000, 0x0000000088300000, 0x0000000088400000|  0%| F|  |TAMS 0x0000000088300000, 0x0000000088300000| Untracked 
| 132|0x0000000088400000, 0x0000000088400000, 0x0000000088500000|  0%| F|  |TAMS 0x0000000088400000, 0x0000000088400000| Untracked 
| 133|0x0000000088500000, 0x0000000088500000, 0x0000000088600000|  0%| F|  |TAMS 0x0000000088500000, 0x0000000088500000| Untracked 
| 134|0x0000000088600000, 0x0000000088600000, 0x0000000088700000|  0%| F|  |TAMS 0x0000000088600000, 0x0000000088600000| Untracked 
| 135|0x0000000088700000, 0x0000000088700000, 0x0000000088800000|  0%| F|  |TAMS 0x0000000088700000, 0x0000000088700000| Untracked 
| 136|0x0000000088800000, 0x0000000088800000, 0x0000000088900000|  0%| F|  |TAMS 0x0000000088800000, 0x0000000088800000| Untracked 
| 137|0x0000000088900000, 0x0000000088900000, 0x0000000088a00000|  0%| F|  |TAMS 0x0000000088900000, 0x0000000088900000| Untracked 
| 138|0x0000000088a00000, 0x0000000088a00000, 0x0000000088b00000|  0%| F|  |TAMS 0x0000000088a00000, 0x0000000088a00000| Untracked 
| 139|0x0000000088b00000, 0x0000000088b00000, 0x0000000088c00000|  0%| F|  |TAMS 0x0000000088b00000, 0x0000000088b00000| Untracked 
| 140|0x0000000088c00000, 0x0000000088c00000, 0x0000000088d00000|  0%| F|  |TAMS 0x0000000088c00000, 0x0000000088c00000| Untracked 
| 141|0x0000000088d00000, 0x0000000088d00000, 0x0000000088e00000|  0%| F|  |TAMS 0x0000000088d00000, 0x0000000088d00000| Untracked 
| 142|0x0000000088e00000, 0x0000000088e00000, 0x0000000088f00000|  0%| F|  |TAMS 0x0000000088e00000, 0x0000000088e00000| Untracked 
| 143|0x0000000088f00000, 0x0000000088f00000, 0x0000000089000000|  0%| F|  |TAMS 0x0000000088f00000, 0x0000000088f00000| Untracked 
| 144|0x0000000089000000, 0x0000000089000000, 0x0000000089100000|  0%| F|  |TAMS 0x0000000089000000, 0x0000000089000000| Untracked 
| 145|0x0000000089100000, 0x0000000089100000, 0x0000000089200000|  0%| F|  |TAMS 0x0000000089100000, 0x0000000089100000| Untracked 
| 146|0x0000000089200000, 0x0000000089200000, 0x0000000089300000|  0%| F|  |TAMS 0x0000000089200000, 0x0000000089200000| Untracked 
| 147|0x0000000089300000, 0x0000000089300000, 0x0000000089400000|  0%| F|  |TAMS 0x0000000089300000, 0x0000000089300000| Untracked 
| 148|0x0000000089400000, 0x0000000089400000, 0x0000000089500000|  0%| F|  |TAMS 0x0000000089400000, 0x0000000089400000| Untracked 
| 149|0x0000000089500000, 0x0000000089500000, 0x0000000089600000|  0%| F|  |TAMS 0x0000000089500000, 0x0000000089500000| Untracked 
| 150|0x0000000089600000, 0x0000000089600000, 0x0000000089700000|  0%| F|  |TAMS 0x0000000089600000, 0x0000000089600000| Untracked 
| 151|0x0000000089700000, 0x0000000089700000, 0x0000000089800000|  0%| F|  |TAMS 0x0000000089700000, 0x0000000089700000| Untracked 
| 152|0x0000000089800000, 0x0000000089800000, 0x0000000089900000|  0%| F|  |TAMS 0x0000000089800000, 0x0000000089800000| Untracked 
| 153|0x0000000089900000, 0x0000000089900000, 0x0000000089a00000|  0%| F|  |TAMS 0x0000000089900000, 0x0000000089900000| Untracked 
| 154|0x0000000089a00000, 0x0000000089a00000, 0x0000000089b00000|  0%| F|  |TAMS 0x0000000089a00000, 0x0000000089a00000| Untracked 
| 155|0x0000000089b00000, 0x0000000089b00000, 0x0000000089c00000|  0%| F|  |TAMS 0x0000000089b00000, 0x0000000089b00000| Untracked 
| 156|0x0000000089c00000, 0x0000000089c00000, 0x0000000089d00000|  0%| F|  |TAMS 0x0000000089c00000, 0x0000000089c00000| Untracked 
| 157|0x0000000089d00000, 0x0000000089d00000, 0x0000000089e00000|  0%| F|  |TAMS 0x0000000089d00000, 0x0000000089d00000| Untracked 
| 158|0x0000000089e00000, 0x0000000089e00000, 0x0000000089f00000|  0%| F|  |TAMS 0x0000000089e00000, 0x0000000089e00000| Untracked 
| 159|0x0000000089f00000, 0x0000000089f00000, 0x000000008a000000|  0%| F|  |TAMS 0x0000000089f00000, 0x0000000089f00000| Untracked 
| 160|0x000000008a000000, 0x000000008a000000, 0x000000008a100000|  0%| F|  |TAMS 0x000000008a000000, 0x000000008a000000| Untracked 
| 161|0x000000008a100000, 0x000000008a100000, 0x000000008a200000|  0%| F|  |TAMS 0x000000008a100000, 0x000000008a100000| Untracked 
| 162|0x000000008a200000, 0x000000008a200000, 0x000000008a300000|  0%| F|  |TAMS 0x000000008a200000, 0x000000008a200000| Untracked 
| 163|0x000000008a300000, 0x000000008a300000, 0x000000008a400000|  0%| F|  |TAMS 0x000000008a300000, 0x000000008a300000| Untracked 
| 164|0x000000008a400000, 0x000000008a400000, 0x000000008a500000|  0%| F|  |TAMS 0x000000008a400000, 0x000000008a400000| Untracked 
| 165|0x000000008a500000, 0x000000008a500000, 0x000000008a600000|  0%| F|  |TAMS 0x000000008a500000, 0x000000008a500000| Untracked 
| 166|0x000000008a600000, 0x000000008a600000, 0x000000008a700000|  0%| F|  |TAMS 0x000000008a600000, 0x000000008a600000| Untracked 
| 167|0x000000008a700000, 0x000000008a700000, 0x000000008a800000|  0%| F|  |TAMS 0x000000008a700000, 0x000000008a700000| Untracked 
| 168|0x000000008a800000, 0x000000008a800000, 0x000000008a900000|  0%| F|  |TAMS 0x000000008a800000, 0x000000008a800000| Untracked 
| 169|0x000000008a900000, 0x000000008a900000, 0x000000008aa00000|  0%| F|  |TAMS 0x000000008a900000, 0x000000008a900000| Untracked 
| 170|0x000000008aa00000, 0x000000008aa00000, 0x000000008ab00000|  0%| F|  |TAMS 0x000000008aa00000, 0x000000008aa00000| Untracked 
| 171|0x000000008ab00000, 0x000000008ab00000, 0x000000008ac00000|  0%| F|  |TAMS 0x000000008ab00000, 0x000000008ab00000| Untracked 
| 172|0x000000008ac00000, 0x000000008ac00000, 0x000000008ad00000|  0%| F|  |TAMS 0x000000008ac00000, 0x000000008ac00000| Untracked 
| 173|0x000000008ad00000, 0x000000008ad00000, 0x000000008ae00000|  0%| F|  |TAMS 0x000000008ad00000, 0x000000008ad00000| Untracked 
| 174|0x000000008ae00000, 0x000000008ae00000, 0x000000008af00000|  0%| F|  |TAMS 0x000000008ae00000, 0x000000008ae00000| Untracked 
| 175|0x000000008af00000, 0x000000008af00000, 0x000000008b000000|  0%| F|  |TAMS 0x000000008af00000, 0x000000008af00000| Untracked 
| 176|0x000000008b000000, 0x000000008b000000, 0x000000008b100000|  0%| F|  |TAMS 0x000000008b000000, 0x000000008b000000| Untracked 
| 177|0x000000008b100000, 0x000000008b100000, 0x000000008b200000|  0%| F|  |TAMS 0x000000008b100000, 0x000000008b100000| Untracked 
| 178|0x000000008b200000, 0x000000008b200000, 0x000000008b300000|  0%| F|  |TAMS 0x000000008b200000, 0x000000008b200000| Untracked 
| 179|0x000000008b300000, 0x000000008b300000, 0x000000008b400000|  0%| F|  |TAMS 0x000000008b300000, 0x000000008b300000| Untracked 
| 180|0x000000008b400000, 0x000000008b400000, 0x000000008b500000|  0%| F|  |TAMS 0x000000008b400000, 0x000000008b400000| Untracked 
| 181|0x000000008b500000, 0x000000008b500000, 0x000000008b600000|  0%| F|  |TAMS 0x000000008b500000, 0x000000008b500000| Untracked 
| 182|0x000000008b600000, 0x000000008b600000, 0x000000008b700000|  0%| F|  |TAMS 0x000000008b600000, 0x000000008b600000| Untracked 
| 183|0x000000008b700000, 0x000000008b700000, 0x000000008b800000|  0%| F|  |TAMS 0x000000008b700000, 0x000000008b700000| Untracked 
| 184|0x000000008b800000, 0x000000008b800000, 0x000000008b900000|  0%| F|  |TAMS 0x000000008b800000, 0x000000008b800000| Untracked 
| 185|0x000000008b900000, 0x000000008b900000, 0x000000008ba00000|  0%| F|  |TAMS 0x000000008b900000, 0x000000008b900000| Untracked 
| 186|0x000000008ba00000, 0x000000008ba00000, 0x000000008bb00000|  0%| F|  |TAMS 0x000000008ba00000, 0x000000008ba00000| Untracked 
| 187|0x000000008bb00000, 0x000000008bb00000, 0x000000008bc00000|  0%| F|  |TAMS 0x000000008bb00000, 0x000000008bb00000| Untracked 
| 188|0x000000008bc00000, 0x000000008bc00000, 0x000000008bd00000|  0%| F|  |TAMS 0x000000008bc00000, 0x000000008bc00000| Untracked 
| 189|0x000000008bd00000, 0x000000008bd00000, 0x000000008be00000|  0%| F|  |TAMS 0x000000008bd00000, 0x000000008bd00000| Untracked 
| 190|0x000000008be00000, 0x000000008be00000, 0x000000008bf00000|  0%| F|  |TAMS 0x000000008be00000, 0x000000008be00000| Untracked 
| 191|0x000000008bf00000, 0x000000008bf00000, 0x000000008c000000|  0%| F|  |TAMS 0x000000008bf00000, 0x000000008bf00000| Untracked 
| 192|0x000000008c000000, 0x000000008c000000, 0x000000008c100000|  0%| F|  |TAMS 0x000000008c000000, 0x000000008c000000| Untracked 
| 193|0x000000008c100000, 0x000000008c100000, 0x000000008c200000|  0%| F|  |TAMS 0x000000008c100000, 0x000000008c100000| Untracked 
| 194|0x000000008c200000, 0x000000008c200000, 0x000000008c300000|  0%| F|  |TAMS 0x000000008c200000, 0x000000008c200000| Untracked 
| 195|0x000000008c300000, 0x000000008c300000, 0x000000008c400000|  0%| F|  |TAMS 0x000000008c300000, 0x000000008c300000| Untracked 
| 196|0x000000008c400000, 0x000000008c400000, 0x000000008c500000|  0%| F|  |TAMS 0x000000008c400000, 0x000000008c400000| Untracked 
| 197|0x000000008c500000, 0x000000008c500000, 0x000000008c600000|  0%| F|  |TAMS 0x000000008c500000, 0x000000008c500000| Untracked 
| 198|0x000000008c600000, 0x000000008c600000, 0x000000008c700000|  0%| F|  |TAMS 0x000000008c600000, 0x000000008c600000| Untracked 
| 199|0x000000008c700000, 0x000000008c700000, 0x000000008c800000|  0%| F|  |TAMS 0x000000008c700000, 0x000000008c700000| Untracked 
| 200|0x000000008c800000, 0x000000008c800000, 0x000000008c900000|  0%| F|  |TAMS 0x000000008c800000, 0x000000008c800000| Untracked 
| 201|0x000000008c900000, 0x000000008c900000, 0x000000008ca00000|  0%| F|  |TAMS 0x000000008c900000, 0x000000008c900000| Untracked 
| 202|0x000000008ca00000, 0x000000008ca00000, 0x000000008cb00000|  0%| F|  |TAMS 0x000000008ca00000, 0x000000008ca00000| Untracked 
| 203|0x000000008cb00000, 0x000000008cb00000, 0x000000008cc00000|  0%| F|  |TAMS 0x000000008cb00000, 0x000000008cb00000| Untracked 
| 204|0x000000008cc00000, 0x000000008cc00000, 0x000000008cd00000|  0%| F|  |TAMS 0x000000008cc00000, 0x000000008cc00000| Untracked 
| 205|0x000000008cd00000, 0x000000008cd00000, 0x000000008ce00000|  0%| F|  |TAMS 0x000000008cd00000, 0x000000008cd00000| Untracked 
| 206|0x000000008ce00000, 0x000000008ce00000, 0x000000008cf00000|  0%| F|  |TAMS 0x000000008ce00000, 0x000000008ce00000| Untracked 
| 207|0x000000008cf00000, 0x000000008cf00000, 0x000000008d000000|  0%| F|  |TAMS 0x000000008cf00000, 0x000000008cf00000| Untracked 
| 208|0x000000008d000000, 0x000000008d000000, 0x000000008d100000|  0%| F|  |TAMS 0x000000008d000000, 0x000000008d000000| Untracked 
| 209|0x000000008d100000, 0x000000008d100000, 0x000000008d200000|  0%| F|  |TAMS 0x000000008d100000, 0x000000008d100000| Untracked 
| 210|0x000000008d200000, 0x000000008d200000, 0x000000008d300000|  0%| F|  |TAMS 0x000000008d200000, 0x000000008d200000| Untracked 
| 211|0x000000008d300000, 0x000000008d300000, 0x000000008d400000|  0%| F|  |TAMS 0x000000008d300000, 0x000000008d300000| Untracked 
| 212|0x000000008d400000, 0x000000008d400000, 0x000000008d500000|  0%| F|  |TAMS 0x000000008d400000, 0x000000008d400000| Untracked 
| 213|0x000000008d500000, 0x000000008d500000, 0x000000008d600000|  0%| F|  |TAMS 0x000000008d500000, 0x000000008d500000| Untracked 
| 214|0x000000008d600000, 0x000000008d600000, 0x000000008d700000|  0%| F|  |TAMS 0x000000008d600000, 0x000000008d600000| Untracked 
| 215|0x000000008d700000, 0x000000008d700000, 0x000000008d800000|  0%| F|  |TAMS 0x000000008d700000, 0x000000008d700000| Untracked 
| 216|0x000000008d800000, 0x000000008d800000, 0x000000008d900000|  0%| F|  |TAMS 0x000000008d800000, 0x000000008d800000| Untracked 
| 217|0x000000008d900000, 0x000000008d900000, 0x000000008da00000|  0%| F|  |TAMS 0x000000008d900000, 0x000000008d900000| Untracked 
| 218|0x000000008da00000, 0x000000008db00000, 0x000000008db00000|100%| E|  |TAMS 0x000000008da00000, 0x000000008da00000| Complete 
| 219|0x000000008db00000, 0x000000008dc00000, 0x000000008dc00000|100%| E|CS|TAMS 0x000000008db00000, 0x000000008db00000| Complete 
| 220|0x000000008dc00000, 0x000000008dd00000, 0x000000008dd00000|100%| E|CS|TAMS 0x000000008dc00000, 0x000000008dc00000| Complete 
| 221|0x000000008dd00000, 0x000000008de00000, 0x000000008de00000|100%| E|CS|TAMS 0x000000008dd00000, 0x000000008dd00000| Complete 
| 222|0x000000008de00000, 0x000000008df00000, 0x000000008df00000|100%| E|CS|TAMS 0x000000008de00000, 0x000000008de00000| Complete 
| 223|0x000000008df00000, 0x000000008e000000, 0x000000008e000000|100%| E|CS|TAMS 0x000000008df00000, 0x000000008df00000| Complete 
| 224|0x000000008e000000, 0x000000008e100000, 0x000000008e100000|100%| E|CS|TAMS 0x000000008e000000, 0x000000008e000000| Complete 
| 225|0x000000008e100000, 0x000000008e200000, 0x000000008e200000|100%| E|CS|TAMS 0x000000008e100000, 0x000000008e100000| Complete 
| 226|0x000000008e200000, 0x000000008e300000, 0x000000008e300000|100%| E|CS|TAMS 0x000000008e200000, 0x000000008e200000| Complete 
| 227|0x000000008e300000, 0x000000008e400000, 0x000000008e400000|100%| E|CS|TAMS 0x000000008e300000, 0x000000008e300000| Complete 
| 228|0x000000008e400000, 0x000000008e500000, 0x000000008e500000|100%| E|CS|TAMS 0x000000008e400000, 0x000000008e400000| Complete 
| 229|0x000000008e500000, 0x000000008e600000, 0x000000008e600000|100%| E|CS|TAMS 0x000000008e500000, 0x000000008e500000| Complete 
| 230|0x000000008e600000, 0x000000008e700000, 0x000000008e700000|100%| S|CS|TAMS 0x000000008e600000, 0x000000008e600000| Complete 
| 231|0x000000008e700000, 0x000000008e800000, 0x000000008e800000|100%| E|CS|TAMS 0x000000008e700000, 0x000000008e700000| Complete 
| 232|0x000000008e800000, 0x000000008e900000, 0x000000008e900000|100%| E|CS|TAMS 0x000000008e800000, 0x000000008e800000| Complete 
| 233|0x000000008e900000, 0x000000008ea00000, 0x000000008ea00000|100%| E|CS|TAMS 0x000000008e900000, 0x000000008e900000| Complete 
| 234|0x000000008ea00000, 0x000000008eb00000, 0x000000008eb00000|100%| E|CS|TAMS 0x000000008ea00000, 0x000000008ea00000| Complete 
| 235|0x000000008eb00000, 0x000000008ec00000, 0x000000008ec00000|100%| E|CS|TAMS 0x000000008eb00000, 0x000000008eb00000| Complete 
| 236|0x000000008ec00000, 0x000000008ed00000, 0x000000008ed00000|100%| E|CS|TAMS 0x000000008ec00000, 0x000000008ec00000| Complete 
| 237|0x000000008ed00000, 0x000000008ee00000, 0x000000008ee00000|100%| E|CS|TAMS 0x000000008ed00000, 0x000000008ed00000| Complete 
| 238|0x000000008ee00000, 0x000000008ef00000, 0x000000008ef00000|100%| E|CS|TAMS 0x000000008ee00000, 0x000000008ee00000| Complete 
| 239|0x000000008ef00000, 0x000000008f000000, 0x000000008f000000|100%| E|CS|TAMS 0x000000008ef00000, 0x000000008ef00000| Complete 
| 240|0x000000008f000000, 0x000000008f100000, 0x000000008f100000|100%| E|CS|TAMS 0x000000008f000000, 0x000000008f000000| Complete 
| 241|0x000000008f100000, 0x000000008f200000, 0x000000008f200000|100%| E|CS|TAMS 0x000000008f100000, 0x000000008f100000| Complete 
| 242|0x000000008f200000, 0x000000008f300000, 0x000000008f300000|100%| E|CS|TAMS 0x000000008f200000, 0x000000008f200000| Complete 
| 243|0x000000008f300000, 0x000000008f400000, 0x000000008f400000|100%| E|CS|TAMS 0x000000008f300000, 0x000000008f300000| Complete 
| 244|0x000000008f400000, 0x000000008f500000, 0x000000008f500000|100%| E|CS|TAMS 0x000000008f400000, 0x000000008f400000| Complete 
| 245|0x000000008f500000, 0x000000008f600000, 0x000000008f600000|100%| E|CS|TAMS 0x000000008f500000, 0x000000008f500000| Complete 
| 246|0x000000008f600000, 0x000000008f700000, 0x000000008f700000|100%| E|CS|TAMS 0x000000008f600000, 0x000000008f600000| Complete 
| 247|0x000000008f700000, 0x000000008f800000, 0x000000008f800000|100%| E|CS|TAMS 0x000000008f700000, 0x000000008f700000| Complete 
| 248|0x000000008f800000, 0x000000008f900000, 0x000000008f900000|100%| E|CS|TAMS 0x000000008f800000, 0x000000008f800000| Complete 
| 249|0x000000008f900000, 0x000000008fa00000, 0x000000008fa00000|100%| E|CS|TAMS 0x000000008f900000, 0x000000008f900000| Complete 
| 250|0x000000008fa00000, 0x000000008fb00000, 0x000000008fb00000|100%| E|CS|TAMS 0x000000008fa00000, 0x000000008fa00000| Complete 
| 251|0x000000008fb00000, 0x000000008fc00000, 0x000000008fc00000|100%| E|CS|TAMS 0x000000008fb00000, 0x000000008fb00000| Complete 

Card table byte_map: [0x00000240af3e0000,0x00000240af7e0000] _byte_map_base: 0x00000240aefe0000

Marking Bits (Prev, Next): (CMBitMap*) 0x000002409c1e0c40, (CMBitMap*) 0x000002409c1e0c08
 Prev Bits: [0x00000240b1be0000, 0x00000240b3be0000)
 Next Bits: [0x00000240afbe0000, 0x00000240b1be0000)

Polling page: 0x000002409a1a0000

Metaspace:

Usage:
  Non-class:     23.01 MB capacity,    22.62 MB ( 98%) used,   349.42 KB (  1%) free+waste,    51.31 KB ( <1%) overhead. 
      Class:      3.61 MB capacity,     3.39 MB ( 94%) used,   202.77 KB (  5%) free+waste,    25.88 KB ( <1%) overhead. 
       Both:     26.63 MB capacity,    26.01 MB ( 98%) used,   552.19 KB (  2%) free+waste,    77.19 KB ( <1%) overhead. 

Virtual space:
  Non-class space:       24.00 MB reserved,      23.25 MB ( 97%) committed 
      Class space:        1.00 GB reserved,       3.63 MB ( <1%) committed 
             Both:        1.02 GB reserved,      26.88 MB (  3%) committed 

Chunk freelists:
   Non-Class:  52.00 KB
       Class:  11.00 KB
        Both:  63.00 KB

MaxMetaspaceSize: 17179869184.00 GB
CompressedClassSpaceSize: 1.00 GB
Initial GC threshold: 20.80 MB
Current GC threshold: 35.00 MB
CDS: off

CodeHeap 'non-profiled nmethods': size=120000Kb used=1123Kb max_used=1123Kb free=118876Kb
 bounds [0x00000240a7780000, 0x00000240a79f0000, 0x00000240aecb0000]
CodeHeap 'profiled nmethods': size=120000Kb used=4813Kb max_used=4813Kb free=115186Kb
 bounds [0x00000240a0250000, 0x00000240a0710000, 0x00000240a7780000]
CodeHeap 'non-nmethods': size=5760Kb used=1230Kb max_used=1255Kb free=4529Kb
 bounds [0x000002409fcb0000, 0x000002409ff20000, 0x00000240a0250000]
 total_blobs=2724 nmethods=2222 adapters=414
 compilation: enabled
              stopped_count=0, restarted_count=0
 full_count=0

Compilation events (20 events):
Event: 4.465 Thread 0x00000240b6f03000 2208       3       java.util.concurrent.locks.AbstractQueuedSynchronizer::isOnSyncQueue (33 bytes)
Event: 4.466 Thread 0x00000240b6f03000 nmethod 2208 0x00000240a06ec790 code [0x00000240a06ec960, 0x00000240a06eccb8]
Event: 4.471 Thread 0x00000240b6f03000 2209       3       java.lang.invoke.MemberName::hashCode (43 bytes)
Event: 4.472 Thread 0x00000240b6f03000 nmethod 2209 0x00000240a06ece10 code [0x00000240a06ed080, 0x00000240a06edd28]
Event: 4.472 Thread 0x00000240b6f03000 2210       3       java.lang.Byte::hashCode (8 bytes)
Event: 4.472 Thread 0x00000240b6f03000 nmethod 2210 0x00000240a06ee090 code [0x00000240a06ee240, 0x00000240a06ee398]
Event: 4.472 Thread 0x00000240b6f03000 2211       3       java.lang.Byte::hashCode (2 bytes)
Event: 4.472 Thread 0x00000240b6f03000 nmethod 2211 0x00000240a06ee490 code [0x00000240a06ee640, 0x00000240a06ee718]
Event: 4.476 Thread 0x00000240b6f03000 2213       3       org.gradle.internal.file.FileHierarchySet$Node::plus (337 bytes)
Event: 4.483 Thread 0x00000240b6f03000 nmethod 2213 0x00000240a06ee790 code [0x00000240a06eedc0, 0x00000240a06f27e8]
Event: 4.483 Thread 0x00000240b6f03000 2215       3       jdk.internal.org.objectweb.asm.ClassWriter::<init> (117 bytes)
Event: 4.484 Thread 0x00000240b6f03000 nmethod 2215 0x00000240a06f3d10 code [0x00000240a06f3fa0, 0x00000240a06f4bc8]
Event: 4.484 Thread 0x00000240b6f03000 2217       3       jdk.internal.org.objectweb.asm.ClassWriter::toByteArray (1423 bytes)
Event: 4.493 Thread 0x00000240b6f03000 nmethod 2217 0x00000240a06f4e90 code [0x00000240a06f57a0, 0x00000240a06f9548]
Event: 4.493 Thread 0x00000240b6f03000 2216       3       jdk.internal.org.objectweb.asm.ClassWriter::visit (121 bytes)
Event: 4.494 Thread 0x00000240b6f03000 nmethod 2216 0x00000240a06fad90 code [0x00000240a06fafc0, 0x00000240a06fb718]
Event: 4.494 Thread 0x00000240b6f03000 2218       3       java.lang.invoke.AbstractValidatingLambdaMetafactory::isAdaptableTo (126 bytes)
Event: 4.496 Thread 0x00000240b6f03000 nmethod 2218 0x00000240a06fba90 code [0x00000240a06fbd20, 0x00000240a06fc6c8]
Event: 4.504 Thread 0x00000240b6f03000 2220       3       sun.invoke.util.BytecodeDescriptor::unparseMethod (66 bytes)
Event: 4.506 Thread 0x00000240b6f03000 nmethod 2220 0x00000240a06fca90 code [0x00000240a06fcd00, 0x00000240a06fd5a8]

GC Heap History (6 events):
Event: 0.636 GC heap before
{Heap before GC invocations=0 (full 0):
 garbage-first heap   total 258048K, used 30720K [0x0000000080000000, 0x0000000100000000)
  region size 1024K, 24 young (24576K), 0 survivors (0K)
 Metaspace       used 9862K, capacity 10114K, committed 10368K, reserved 1058816K
  class space    used 1027K, capacity 1102K, committed 1152K, reserved 1048576K
}
Event: 0.639 GC heap after
{Heap after GC invocations=1 (full 0):
 garbage-first heap   total 258048K, used 9298K [0x0000000080000000, 0x0000000100000000)
  region size 1024K, 3 young (3072K), 3 survivors (3072K)
 Metaspace       used 9862K, capacity 10114K, committed 10368K, reserved 1058816K
  class space    used 1027K, capacity 1102K, committed 1152K, reserved 1048576K
}
Event: 3.286 GC heap before
{Heap before GC invocations=1 (full 0):
 garbage-first heap   total 258048K, used 111698K [0x0000000080000000, 0x0000000100000000)
  region size 1024K, 104 young (106496K), 3 survivors (3072K)
 Metaspace       used 20707K, capacity 21134K, committed 21248K, reserved 1067008K
  class space    used 2549K, capacity 2711K, committed 2816K, reserved 1048576K
}
Event: 3.303 GC heap after
{Heap after GC invocations=2 (full 0):
 garbage-first heap   total 258048K, used 17490K [0x0000000080000000, 0x0000000100000000)
  region size 1024K, 11 young (11264K), 11 survivors (11264K)
 Metaspace       used 20707K, capacity 21134K, committed 21248K, reserved 1067008K
  class space    used 2549K, capacity 2711K, committed 2816K, reserved 1048576K
}
Event: 3.734 GC heap before
{Heap before GC invocations=3 (full 0):
 garbage-first heap   total 258048K, used 38994K [0x0000000080000000, 0x0000000100000000)
  region size 1024K, 32 young (32768K), 11 survivors (11264K)
 Metaspace       used 22810K, capacity 23326K, committed 23552K, reserved 1069056K
  class space    used 2887K, capacity 3064K, committed 3072K, reserved 1048576K
}
Event: 3.747 GC heap after
{Heap after GC invocations=4 (full 0):
 garbage-first heap   total 258048K, used 17832K [0x0000000080000000, 0x0000000100000000)
  region size 1024K, 1 young (1024K), 1 survivors (1024K)
 Metaspace       used 22810K, capacity 23326K, committed 23552K, reserved 1069056K
  class space    used 2887K, capacity 3064K, committed 3072K, reserved 1048576K
}

Deoptimization events (20 events):
Event: 3.254 Thread 0x00000240b91fc800 Uncommon trap: trap_request=0xffffff4d fr.pc=0x00000240a77f4290 relative=0x0000000000000450
Event: 3.254 Thread 0x00000240b91fc800 Uncommon trap: reason=unstable_if action=reinterpret pc=0x00000240a77f4290 method=java.lang.String.substring(I)Ljava/lang/String; @ 34 c2
Event: 3.254 Thread 0x00000240b91fc800 DEOPT PACKING pc=0x00000240a77f4290 sp=0x000000cb1ddfb450
Event: 3.254 Thread 0x00000240b91fc800 DEOPT UNPACKING pc=0x000002409fcfa1af sp=0x000000cb1ddfb428 mode 2
Event: 3.468 Thread 0x00000240b91fc800 Uncommon trap: trap_request=0xffffff4d fr.pc=0x00000240a7869e98 relative=0x0000000000000398
Event: 3.468 Thread 0x00000240b91fc800 Uncommon trap: reason=unstable_if action=reinterpret pc=0x00000240a7869e98 method=jdk.internal.org.objectweb.asm.Type.getArgumentsAndReturnSizes(Ljava/lang/String;)I @ 88 c2
Event: 3.468 Thread 0x00000240b91fc800 DEOPT PACKING pc=0x00000240a7869e98 sp=0x000000cb1ddf9a40
Event: 3.468 Thread 0x00000240b91fc800 DEOPT UNPACKING pc=0x000002409fcfa1af sp=0x000000cb1ddf99c8 mode 2
Event: 3.911 Thread 0x00000240b91fc800 Uncommon trap: trap_request=0xffffff4d fr.pc=0x00000240a77d097c relative=0x000000000000023c
Event: 3.911 Thread 0x00000240b91fc800 Uncommon trap: reason=unstable_if action=reinterpret pc=0x00000240a77d097c method=java.util.concurrent.ConcurrentHashMap.get(Ljava/lang/Object;)Ljava/lang/Object; @ 76 c2
Event: 3.911 Thread 0x00000240b91fc800 DEOPT PACKING pc=0x00000240a77d097c sp=0x000000cb1ddf9ae0
Event: 3.912 Thread 0x00000240b91fc800 DEOPT UNPACKING pc=0x000002409fcfa1af sp=0x000000cb1ddf9a48 mode 2
Event: 4.410 Thread 0x00000240b91fc800 Uncommon trap: trap_request=0xffffff7e fr.pc=0x00000240a789481c relative=0x000000000000015c
Event: 4.410 Thread 0x00000240b91fc800 Uncommon trap: reason=predicate action=maybe_recompile pc=0x00000240a789481c method=com.google.common.base.CharMatcher.indexIn(Ljava/lang/CharSequence;I)I @ 19 c2
Event: 4.410 Thread 0x00000240b91fc800 DEOPT PACKING pc=0x00000240a789481c sp=0x000000cb1ddfb750
Event: 4.410 Thread 0x00000240b91fc800 DEOPT UNPACKING pc=0x000002409fcfa1af sp=0x000000cb1ddfb6e0 mode 2
Event: 4.435 Thread 0x00000240b91fc800 Uncommon trap: trap_request=0xffffff4d fr.pc=0x00000240a782f1b4 relative=0x00000000000013f4
Event: 4.435 Thread 0x00000240b91fc800 Uncommon trap: reason=unstable_if action=reinterpret pc=0x00000240a782f1b4 method=java.util.concurrent.ConcurrentHashMap.putVal(Ljava/lang/Object;Ljava/lang/Object;Z)Ljava/lang/Object; @ 231 c2
Event: 4.435 Thread 0x00000240b91fc800 DEOPT PACKING pc=0x00000240a782f1b4 sp=0x000000cb1ddfca20
Event: 4.435 Thread 0x00000240b91fc800 DEOPT UNPACKING pc=0x000002409fcfa1af sp=0x000000cb1ddfc9a0 mode 2

Classes redefined (0 events):
No events

Internal exceptions (20 events):
Event: 2.646 Thread 0x00000240b91fc800 Exception <a 'java/lang/NoSuchMethodError'{0x000000008b5ed408}: 'long java.lang.invoke.DirectMethodHandle$Holder.invokeInterface(java.lang.Object, java.lang.Object)'> (0x000000008b5ed408) thrown at [./src/hotspot/share/interpreter/linkResolver.cpp, line 773]
Event: 2.649 Thread 0x00000240b91fc800 Exception <a 'java/lang/NoSuchMethodError'{0x000000008b5fa4a8}: 'void java.lang.invoke.DelegatingMethodHandle$Holder.reinvoke_L(java.lang.Object, java.lang.Object, java.lang.Object, java.lang.Object, java.lang.Object, java.lang.Object, java.lang.Object)'> (0x000000008b5fa4a8) thrown at [./src/hotspot/share/interpreter/linkResolver.cpp, line 773]
Event: 3.107 Thread 0x00000240b91fc800 Exception <a 'java/lang/NoSuchMethodError'{0x000000008990afa0}: 'void java.lang.invoke.DirectMethodHandle$Holder.invokeStaticInit(java.lang.Object)'> (0x000000008990afa0) thrown at [./src/hotspot/share/interpreter/linkResolver.cpp, line 773]
Event: 3.131 Thread 0x00000240b91fc800 Exception <a 'java/lang/NoSuchMethodError'{0x00000000899b8920}: 'java.lang.Object java.lang.invoke.DirectMethodHandle$Holder.invokeStatic(java.lang.Object, java.lang.Object, java.lang.Object, int)'> (0x00000000899b8920) thrown at [./src/hotspot/share/interpreter/linkResolver.cpp, line 773]
Event: 3.131 Thread 0x00000240b91fc800 Exception <a 'java/lang/NoSuchMethodError'{0x00000000899bd038}: 'java.lang.Object java.lang.invoke.DirectMethodHandle$Holder.invokeSpecial(java.lang.Object, java.lang.Object, java.lang.Object, java.lang.Object, int)'> (0x00000000899bd038) thrown at [./src/hotspot/share/interpreter/linkResolver.cpp, line 773]
Event: 3.132 Thread 0x00000240b91fc800 Exception <a 'java/lang/NoSuchMethodError'{0x00000000899c0f70}: 'java.lang.Object java.lang.invoke.Invokers$Holder.linkToTargetMethod(java.lang.Object, java.lang.Object, int, java.lang.Object)'> (0x00000000899c0f70) thrown at [./src/hotspot/share/interpreter/linkResolver.cpp, line 773]
Event: 3.354 Thread 0x00000240b91fc800 Exception <a 'java/lang/NoSuchMethodError'{0x000000008fabccb0}: 'int java.lang.invoke.DirectMethodHandle$Holder.invokeSpecialIFC(java.lang.Object, java.lang.Object, java.lang.Object, java.lang.Object)'> (0x000000008fabccb0) thrown at [./src/hotspot/share/interpreter/linkResolver.cpp, line 773]
Event: 3.358 Thread 0x00000240b91fc800 Exception <a 'java/lang/NoSuchMethodError'{0x000000008facac68}: 'java.lang.Object java.lang.invoke.DirectMethodHandle$Holder.invokeInterface(java.lang.Object, java.lang.Object, java.lang.Object)'> (0x000000008facac68) thrown at [./src/hotspot/share/interpreter/linkResolver.cpp, line 773]
Event: 3.358 Thread 0x00000240b91fc800 Exception <a 'java/lang/IncompatibleClassChangeError'{0x000000008face140}: Found class java.lang.Object, but interface was expected> (0x000000008face140) thrown at [./src/hotspot/share/interpreter/linkResolver.cpp, line 839]
Event: 3.607 Thread 0x00000240b91fc800 Exception <a 'java/lang/NoSuchMethodError'{0x000000008ee7ecc0}: 'java.lang.Object java.lang.invoke.DirectMethodHandle$Holder.invokeSpecial(java.lang.Object, java.lang.Object, java.lang.Object, java.lang.Object, java.lang.Object, java.lang.Object, java.lang.Object, java.lang.Object, java.lang.Object)'> (0x000000008ee7ecc0) thrown at [./src/hotspot/share/interpreter/linkResolver.cpp, line 773]
Event: 3.783 Thread 0x00000240b91fc800 Exception <a 'java/lang/NoSuchMethodError'{0x000000008f968850}: 'java.lang.Object java.lang.invoke.DirectMethodHandle$Holder.invokeVirtual(java.lang.Object, java.lang.Object, java.lang.Object, java.lang.Object)'> (0x000000008f968850) thrown at [./src/hotspot/share/interpreter/linkResolver.cpp, line 773]
Event: 3.981 Thread 0x00000240b91fc800 Exception <a 'java/lang/NoSuchMethodError'{0x000000008f22ea08}: 'void java.lang.invoke.DirectMethodHandle$Holder.invokeSpecial(java.lang.Object, java.lang.Object, java.lang.Object, java.lang.Object, java.lang.Object, java.lang.Object)'> (0x000000008f22ea08) thrown at [./src/hotspot/share/interpreter/linkResolver.cpp, line 773]
Event: 4.000 Thread 0x00000240b91fc800 Exception <a 'java/lang/NoSuchMethodError'{0x000000008f29d4c0}: 'void java.lang.invoke.DirectMethodHandle$Holder.invokeSpecial(java.lang.Object, java.lang.Object, java.lang.Object, java.lang.Object, java.lang.Object, java.lang.Object, java.lang.Object)'> (0x000000008f29d4c0) thrown at [./src/hotspot/share/interpreter/linkResolver.cpp, line 773]
Event: 4.001 Thread 0x00000240b91fc800 Exception <a 'java/lang/NoSuchMethodError'{0x000000008f2a59b0}: 'java.lang.Object java.lang.invoke.Invokers$Holder.linkToTargetMethod(java.lang.Object, java.lang.Object, java.lang.Object, java.lang.Object, java.lang.Object, java.lang.Object)'> (0x000000008f2a59b0) thrown at [./src/hotspot/share/interpreter/linkResolver.cpp, line 773]
Event: 4.163 Thread 0x00000240b91fc800 Exception <a 'java/lang/NoSuchMethodError'{0x000000008e846408}: 'int java.lang.invoke.DirectMethodHandle$Holder.invokeStaticInit(java.lang.Object, java.lang.Object, java.lang.Object)'> (0x000000008e846408) thrown at [./src/hotspot/share/interpreter/linkResolver.cpp, line 773]
Event: 4.297 Thread 0x00000240b91fc800 Exception <a 'java/lang/NoSuchMethodError'{0x000000008e26b728}: 'void java.lang.invoke.DirectMethodHandle$Holder.invokeStaticInit(java.lang.Object, java.lang.Object)'> (0x000000008e26b728) thrown at [./src/hotspot/share/interpreter/linkResolver.cpp, line 773]
Event: 4.463 Thread 0x00000240b91fc800 Exception <a 'java/lang/NoSuchMethodError'{0x000000008dc0b8a0}: 'void java.lang.invoke.DirectMethodHandle$Holder.invokeStatic(java.lang.Object, java.lang.Object, java.lang.Object, java.lang.Object)'> (0x000000008dc0b8a0) thrown at [./src/hotspot/share/interpreter/linkResolver.cpp, line 773]
Event: 4.473 Thread 0x00000240b91fc800 Exception <a 'java/lang/NoSuchMethodError'{0x000000008dc3b320}: 'java.lang.Object java.lang.invoke.DirectMethodHandle$Holder.invokeVirtual(java.lang.Object, java.lang.Object, java.lang.Object)'> (0x000000008dc3b320) thrown at [./src/hotspot/share/interpreter/linkResolver.cpp, line 773]
Event: 4.480 Thread 0x00000240b91fc800 Exception <a 'java/lang/NoSuchMethodError'{0x000000008dc63b80}: 'int java.lang.invoke.DirectMethodHandle$Holder.invokeVirtual(java.lang.Object, java.lang.Object)'> (0x000000008dc63b80) thrown at [./src/hotspot/share/interpreter/linkResolver.cpp, line 773]
Event: 4.497 Thread 0x00000240b91fc800 Exception <a 'java/lang/NoSuchMethodError'{0x000000008dcd7300}: 'int java.lang.invoke.DirectMethodHandle$Holder.invokeVirtual(java.lang.Object, java.lang.Object, java.lang.Object)'> (0x000000008dcd7300) thrown at [./src/hotspot/share/interpreter/linkResolver.cpp, line 773]

Events (20 events):
Event: 4.503 loading class com/google/common/collect/ImmutableSet$Builder
Event: 4.503 loading class com/google/common/collect/ImmutableSet$Builder done
Event: 4.503 loading class com/google/common/collect/ImmutableSet$Builder
Event: 4.503 loading class com/google/common/collect/ImmutableSet$Builder done
Event: 4.503 loading class com/google/common/collect/ImmutableSet$Builder
Event: 4.503 loading class com/google/common/collect/ImmutableSet$Builder done
Event: 4.504 loading class com/google/common/collect/ImmutableSet$Builder
Event: 4.504 loading class com/google/common/collect/ImmutableSet$Builder done
Event: 4.504 loading class com/google/common/collect/ImmutableSet$Builder
Event: 4.504 loading class com/google/common/collect/ImmutableSet$Builder done
Event: 4.504 loading class com/google/common/collect/ImmutableSet
Event: 4.504 loading class com/google/common/collect/ImmutableSet done
Event: 4.504 loading class com/google/common/collect/ImmutableSet$Builder
Event: 4.504 loading class com/google/common/collect/ImmutableSet$Builder done
Event: 4.505 loading class com/google/common/collect/ImmutableRangeSet
Event: 4.505 loading class com/google/common/collect/ImmutableRangeSet done
Event: 4.506 loading class com/google/common/collect/AbstractRangeSet
Event: 4.506 loading class com/google/common/collect/AbstractRangeSet done
Event: 4.506 loading class com/google/common/collect/RangeSet
Event: 4.506 loading class com/google/common/collect/RangeSet done


Dynamic libraries:
0x00007ff7b9740000 - 0x00007ff7b974a000 	C:\Program Files\Android\Android Studio\jre\bin\java.exe
0x00007fff798f0000 - 0x00007fff79ae5000 	C:\Windows\SYSTEM32\ntdll.dll
0x00007fff79650000 - 0x00007fff7970d000 	C:\Windows\System32\KERNEL32.DLL
0x00007fff79380000 - 0x00007fff7964d000 	C:\Windows\System32\KERNELBASE.dll
0x00007fff76fc0000 - 0x00007fff770c0000 	C:\Windows\System32\ucrtbase.dll
0x00007fff669e0000 - 0x00007fff669f7000 	C:\Program Files\Android\Android Studio\jre\bin\VCRUNTIME140.dll
0x00007fff666e0000 - 0x00007fff666f9000 	C:\Program Files\Android\Android Studio\jre\bin\jli.dll
0x00007fff79710000 - 0x00007fff798b0000 	C:\Windows\System32\USER32.dll
0x00007fff770c0000 - 0x00007fff770e2000 	C:\Windows\System32\win32u.dll
0x00007fff4b7d0000 - 0x00007fff4ba6a000 	C:\Windows\WinSxS\amd64_microsoft.windows.common-controls_6595b64144ccf1df_6.0.19041.1110_none_60b5254171f9507e\COMCTL32.dll
0x00007fff78990000 - 0x00007fff789ba000 	C:\Windows\System32\GDI32.dll
0x00007fff77f40000 - 0x00007fff77fde000 	C:\Windows\System32\msvcrt.dll
0x00007fff773b0000 - 0x00007fff774bb000 	C:\Windows\System32\gdi32full.dll
0x00007fff770f0000 - 0x00007fff7718d000 	C:\Windows\System32\msvcp_win.dll
0x00007fff78350000 - 0x00007fff78380000 	C:\Windows\System32\IMM32.DLL
0x00007fff65e90000 - 0x00007fff65f2d000 	C:\Program Files\Android\Android Studio\jre\bin\msvcp140.dll
0x00007fff19080000 - 0x00007fff19b65000 	C:\Program Files\Android\Android Studio\jre\bin\server\jvm.dll
0x00007fff78a80000 - 0x00007fff78b2e000 	C:\Windows\System32\ADVAPI32.dll
0x00007fff782b0000 - 0x00007fff7834c000 	C:\Windows\System32\sechost.dll
0x00007fff79250000 - 0x00007fff79375000 	C:\Windows\System32\RPCRT4.dll
0x00007fff77630000 - 0x00007fff77638000 	C:\Windows\System32\PSAPI.DLL
0x00007fff6ffd0000 - 0x00007fff6ffda000 	C:\Windows\SYSTEM32\VERSION.dll
0x00007fff50050000 - 0x00007fff50059000 	C:\Windows\SYSTEM32\WSOCK32.dll
0x00007fff50010000 - 0x00007fff50037000 	C:\Windows\SYSTEM32\WINMM.dll
0x00007fff785c0000 - 0x00007fff7862b000 	C:\Windows\System32\WS2_32.dll
0x00007fff75960000 - 0x00007fff75972000 	C:\Windows\SYSTEM32\kernel.appcore.dll
0x00007fff70d40000 - 0x00007fff70d51000 	C:\Program Files\Android\Android Studio\jre\bin\verify.dll
0x00007fff754e0000 - 0x00007fff756c4000 	C:\Windows\SYSTEM32\DBGHELP.DLL
0x00007fff6c020000 - 0x00007fff6c04c000 	C:\Windows\SYSTEM32\dbgcore.DLL
0x00007fff775a0000 - 0x00007fff77622000 	C:\Windows\System32\bcryptPrimitives.dll
0x00007fff6f500000 - 0x00007fff6f529000 	C:\Program Files\Android\Android Studio\jre\bin\java.dll
0x00007fff73f90000 - 0x00007fff73f9b000 	C:\Program Files\Android\Android Studio\jre\bin\jimage.dll
0x00007fff6f610000 - 0x00007fff6f628000 	C:\Program Files\Android\Android Studio\jre\bin\zip.dll
0x00007fff77720000 - 0x00007fff77e64000 	C:\Windows\System32\SHELL32.dll
0x00007fff74c20000 - 0x00007fff753b4000 	C:\Windows\SYSTEM32\windows.storage.dll
0x00007fff78630000 - 0x00007fff78984000 	C:\Windows\System32\combase.dll
0x00007fff76a20000 - 0x00007fff76a4c000 	C:\Windows\SYSTEM32\Wldp.dll
0x00007fff781f0000 - 0x00007fff7829d000 	C:\Windows\System32\SHCORE.dll
0x00007fff78060000 - 0x00007fff780b5000 	C:\Windows\System32\shlwapi.dll
0x00007fff76f00000 - 0x00007fff76f1f000 	C:\Windows\SYSTEM32\profapi.dll
0x00007fff6f1b0000 - 0x00007fff6f1ca000 	C:\Program Files\Android\Android Studio\jre\bin\net.dll
0x00007fff73670000 - 0x00007fff7377a000 	C:\Windows\SYSTEM32\WINHTTP.dll
0x00007fff76780000 - 0x00007fff767ea000 	C:\Windows\system32\mswsock.dll
0x00007fff6c4d0000 - 0x00007fff6c4e4000 	C:\Program Files\Android\Android Studio\jre\bin\nio.dll
0x00007fff66bf0000 - 0x00007fff66c17000 	C:\Users\erels\.gradle\native\e1d6ef7f7dcc3fd88c89a11ec53ec762bb8ba0a96d01ffa2cd45eb1d1d8dd5c5\windows-amd64\native-platform.dll
0x00007fff56ef0000 - 0x00007fff57034000 	C:\Users\erels\.gradle\native\5664cfc778a61ccfe75a443a1ab52a65af34e5dc3c78e0209fed803814484fcb\windows-amd64\native-platform-file-events.dll
0x00007fff70dd0000 - 0x00007fff70dda000 	C:\Program Files\Android\Android Studio\jre\bin\management.dll
0x00007fff70d30000 - 0x00007fff70d3d000 	C:\Program Files\Android\Android Studio\jre\bin\management_ext.dll
0x00007fff76970000 - 0x00007fff76988000 	C:\Windows\SYSTEM32\CRYPTSP.dll
0x00007fff76090000 - 0x00007fff760c4000 	C:\Windows\system32\rsaenh.dll
0x00007fff774c0000 - 0x00007fff774e7000 	C:\Windows\System32\bcrypt.dll
0x00007fff76e80000 - 0x00007fff76eae000 	C:\Windows\SYSTEM32\USERENV.dll
0x00007fff76990000 - 0x00007fff7699c000 	C:\Windows\SYSTEM32\CRYPTBASE.dll
0x00007fff76420000 - 0x00007fff7645b000 	C:\Windows\SYSTEM32\IPHLPAPI.DLL
0x00007fff78b30000 - 0x00007fff78b38000 	C:\Windows\System32\NSI.dll
0x00007fff71b10000 - 0x00007fff71b27000 	C:\Windows\SYSTEM32\dhcpcsvc6.DLL
0x00007fff71ab0000 - 0x00007fff71acd000 	C:\Windows\SYSTEM32\dhcpcsvc.DLL
0x00007fff764b0000 - 0x00007fff7657b000 	C:\Windows\SYSTEM32\DNSAPI.dll

dbghelp: loaded successfully - version: 4.0.5 - missing functions: none
symbol engine: initialized successfully - sym options: 0x614 - pdb path: .;C:\Program Files\Android\Android Studio\jre\bin;C:\Windows\SYSTEM32;C:\Windows\WinSxS\amd64_microsoft.windows.common-controls_6595b64144ccf1df_6.0.19041.1110_none_60b5254171f9507e;C:\Program Files\Android\Android Studio\jre\bin\server;C:\Users\erels\.gradle\native\e1d6ef7f7dcc3fd88c89a11ec53ec762bb8ba0a96d01ffa2cd45eb1d1d8dd5c5\windows-amd64;C:\Users\erels\.gradle\native\5664cfc778a61ccfe75a443a1ab52a65af34e5dc3c78e0209fed803814484fcb\windows-amd64

VM Arguments:
jvm_args: --add-opens=java.base/java.util=ALL-UNNAMED --add-opens=java.base/java.lang=ALL-UNNAMED --add-opens=java.base/java.lang.invoke=ALL-UNNAMED --add-opens=java.base/java.util=ALL-UNNAMED --add-opens=java.prefs/java.util.prefs=ALL-UNNAMED --add-opens=java.prefs/java.util.prefs=ALL-UNNAMED --add-opens=java.base/java.nio.charset=ALL-UNNAMED --add-opens=java.base/java.net=ALL-UNNAMED --add-opens=java.base/java.util.concurrent.atomic=ALL-UNNAMED -Xmx2048m -Dfile.encoding=UTF-8 -Duser.country=US -Duser.language=en -Duser.variant 
java_command: org.gradle.launcher.daemon.bootstrap.GradleDaemon 7.3.3
java_class_path (initial): C:\Users\erels\.gradle\wrapper\dists\gradle-7.3.3-bin\6a41zxkdtcxs8rphpq6y0069z\gradle-7.3.3\lib\gradle-launcher-7.3.3.jar
Launcher Type: SUN_STANDARD

[Global flags]
     intx CICompilerCount                          = 4                                         {product} {ergonomic}
     uint ConcGCThreads                            = 2                                         {product} {ergonomic}
     uint G1ConcRefinementThreads                  = 8                                         {product} {ergonomic}
   size_t G1HeapRegionSize                         = 1048576                                   {product} {ergonomic}
    uintx GCDrainStackTargetSize                   = 64                                        {product} {ergonomic}
   size_t InitialHeapSize                          = 264241152                                 {product} {ergonomic}
   size_t MarkStackSize                            = 4194304                                   {product} {ergonomic}
   size_t MaxHeapSize                              = 2147483648                                {product} {command line}
   size_t MaxNewSize                               = 1287651328                                {product} {ergonomic}
   size_t MinHeapDeltaBytes                        = 1048576                                   {product} {ergonomic}
    uintx NonNMethodCodeHeapSize                   = 5836300                                {pd product} {ergonomic}
    uintx NonProfiledCodeHeapSize                  = 122910970                              {pd product} {ergonomic}
    uintx ProfiledCodeHeapSize                     = 122910970                              {pd product} {ergonomic}
    uintx ReservedCodeCacheSize                    = 251658240                              {pd product} {ergonomic}
     bool SegmentedCodeCache                       = true                                      {product} {ergonomic}
     bool UseCompressedClassPointers               = true                                 {lp64_product} {ergonomic}
     bool UseCompressedOops                        = true                                 {lp64_product} {ergonomic}
     bool UseG1GC                                  = true                                      {product} {ergonomic}
     bool UseLargePagesIndividualAllocation        = false                                  {pd product} {ergonomic}

Logging:
Log output configuration:
 #0: stdout all=warning uptime,level,tags
 #1: stderr all=off uptime,level,tags

Environment Variables:
PATH=C:\Windows\system32;C:\Windows;C:\Windows\System32\Wbem;C:\Windows\System32\WindowsPowerShell\v1.0\;C:\Windows\System32\OpenSSH\;C:\Program Files\PuTTY\;C:\Program Files\dotnet\;C:\Users\erels\.dnx\bin;C:\Program Files\Microsoft DNX\Dnvm\;C:\Program Files\Microsoft SQL Server\130\Tools\Binn\;C:\Program Files\Microsoft SQL Server\Client SDK\ODBC\170\Tools\Binn\;C:\Program Files\Microsoft SQL Server\110\Tools\Binn\;C:\Program Files (x86)\Microsoft SDKs\TypeScript\1.0\;C:\Program Files\Microsoft SQL Server\120\Tools\Binn\;C:\Program Files (x86)\dotnet\;C:\Strawberry\c\bin;C:\Strawberry\perl\site\bin;C:\Strawberry\perl\bin;C:\Program Files (x86)\Graphviz 2.28\bin;C:\Program Files (x86)\Microsoft Visual Studio\Shared\Python37_64;C:\ProgramData\Anaconda3\Scripts;C:\ProgramData\Anaconda3\Library\bin;C:\ProgramData\Anaconda3;C:\Program Files\Git\cmd;C:\Program Files\CMake\bin;C:\Program Files (x86)\Microsoft Visual Studio\2017\Professional\VC\Tools\MSVC\14.16.27023\lib\onecore\x86;C:\Program Files (x86)\GitExtensions\;C:\Program Files (x86)\Graphviz 2.28\include;C:\Program Files\Graphviz\bin;C:\Program Files\protoc-3.19.4-win64\bin;C:\Program Files\nodejs\;C:\Users\erels\AppData\Local\Microsoft\WindowsApps;C:\Program Files\JetBrains\PyCharm Community Edition 2021.2.3\bin;;C:\Users\erels\AppData\Roaming\npm;C:\Users\erels\AppData\Local\Programs\Microsoft VS Code\bin
USERNAME=erels
OS=Windows_NT
PROCESSOR_IDENTIFIER=Intel64 Family 6 Model 142 Stepping 12, GenuineIntel



---------------  S Y S T E M  ---------------

OS: Windows 10 , 64 bit Build 19041 (10.0.19041.1706)
OS uptime: 9 days 8:38 hours

CPU:total 8 (initial active 8) (4 cores per cpu, 2 threads per core) family 6 model 142 stepping 12 microcode 0xea, cmov, cx8, fxsr, mmx, sse, sse2, sse3, ssse3, sse4.1, sse4.2, popcnt, avx, avx2, aes, clmul, erms, 3dnowpref, lzcnt, ht, tsc, tscinvbit, bmi1, bmi2, adx, fma

Memory: 4k page, system-wide physical 16049M (1476M free)
TotalPageFile size 20144M (AvailPageFile size 5M)
current process WorkingSet (physical memory assigned to process): 253M, peak: 253M
current process commit charge ("private bytes"): 417M, peak: 418M

vm_info: OpenJDK 64-Bit Server VM (11.0.12+7-b1504.28-7817840) for windows-amd64 JRE (11.0.12+7-b1504.28-7817840), built on Oct 13 2021 22:12:33 by "builder" with MS VC++ 14.0 (VS2015)

END.
