#
# There is insufficient memory for the Java Runtime Environment to continue.
# Native memory allocation (malloc) failed to allocate 1843056 bytes for Chunk::new
# Possible reasons:
#   The system is out of physical RAM or swap space
#   The process is running with CompressedOops enabled, and the Java Heap may be blocking the growth of the native heap
# Possible solutions:
#   Reduce memory load on the system
#   Increase physical memory or swap space
#   Check if swap backing store is full
#   Decrease Java heap size (-Xmx/-Xms)
#   Decrease number of Java threads
#   Decrease Java thread stack sizes (-Xss)
#   Set larger code cache with -XX:ReservedCodeCacheSize=
#   JVM is running with Unscaled Compressed Oops mode in which the Java heap is
#     placed in the first 4GB address space. The Java Heap base address is the
#     maximum limit for the native heap growth. Please use -XX:HeapBaseMinAddress
#     to set the Java Heap base and to place the Java Heap above 4GB virtual address.
# This output file may be truncated or incomplete.
#
#  Out of Memory Error (./src/hotspot/share/memory/arena.cpp:197), pid=35896, tid=33500
#
# JRE version: OpenJDK Runtime Environment (11.0.12+7) (build 11.0.12+7-b1504.28-7817840)
# Java VM: OpenJDK 64-Bit Server VM (11.0.12+7-b1504.28-7817840, mixed mode, tiered, compressed oops, g1 gc, windows-amd64)
# No core dump will be written. Minidumps are not enabled by default on client versions of Windows
#

---------------  S U M M A R Y ------------

Command Line: --add-opens=java.base/java.util=ALL-UNNAMED --add-opens=java.base/java.lang=ALL-UNNAMED --add-opens=java.base/java.lang.invoke=ALL-UNNAMED --add-opens=java.base/java.util=ALL-UNNAMED --add-opens=java.prefs/java.util.prefs=ALL-UNNAMED --add-opens=java.prefs/java.util.prefs=ALL-UNNAMED --add-opens=java.base/java.nio.charset=ALL-UNNAMED --add-opens=java.base/java.net=ALL-UNNAMED --add-opens=java.base/java.util.concurrent.atomic=ALL-UNNAMED -Xmx2048m -Dfile.encoding=UTF-8 -Duser.country=US -Duser.language=en -Duser.variant org.gradle.launcher.daemon.bootstrap.GradleDaemon 7.3.3

Host: Intel(R) Core(TM) i7-10610U CPU @ 1.80GHz, 8 cores, 15G,  Windows 10 , 64 bit Build 19041 (10.0.19041.1706)
Time: Thu May 26 18:19:20 2022 Jerusalem Daylight Time elapsed time: 2.977254 seconds (0d 0h 0m 2s)

---------------  T H R E A D  ---------------

Current thread (0x0000021ef659a000):  JavaThread "C2 CompilerThread0" daemon [_thread_in_native, id=33500, stack(0x0000009684700000,0x0000009684800000)]


Current CompileTask:
C2:   2977 2083       4       java.net.URLClassLoader$1::run (5 bytes)

Stack: [0x0000009684700000,0x0000009684800000]
Native frames: (J=compiled Java code, j=interpreted, Vv=VM code, C=native code)
V  [jvm.dll+0x5fbcea]
V  [jvm.dll+0x731905]
V  [jvm.dll+0x732f1d]
V  [jvm.dll+0x7335d3]
V  [jvm.dll+0x247bf8]
V  [jvm.dll+0xc018c]
V  [jvm.dll+0xc06cc]
V  [jvm.dll+0x35b31d]
V  [jvm.dll+0x328803]
V  [jvm.dll+0x327cfa]
V  [jvm.dll+0x200602]
V  [jvm.dll+0x1ff794]
V  [jvm.dll+0x18868c]
V  [jvm.dll+0x20e0d7]
V  [jvm.dll+0x20c901]
V  [jvm.dll+0x6f9b7f]
V  [jvm.dll+0x6f26a5]
V  [jvm.dll+0x5fabf6]
C  [ucrtbase.dll+0x21bb2]
C  [KERNEL32.DLL+0x17034]
C  [ntdll.dll+0x52651]


---------------  P R O C E S S  ---------------

Threads class SMR info:
_java_thread_list=0x0000021ef8e2ea20, length=28, elements={
0x0000021edb841800, 0x0000021ef652c800, 0x0000021ef6537800, 0x0000021ef6590800,
0x0000021ef6592000, 0x0000021ef6594000, 0x0000021ef659a000, 0x0000021ef65a3000,
0x0000021ef65a7800, 0x0000021ef6715000, 0x0000021ef68de000, 0x0000021ef7aad800,
0x0000021ef84de800, 0x0000021ef846b000, 0x0000021ef8dbc800, 0x0000021ef8003000,
0x0000021ef84bd800, 0x0000021ef97b6000, 0x0000021ef8433000, 0x0000021ef86c6800,
0x0000021ef86c1800, 0x0000021ef86c5000, 0x0000021ef86c2800, 0x0000021ef86c4000,
0x0000021ef86c1000, 0x0000021ef86c5800, 0x0000021ef86c7800, 0x0000021ef86c3800
}

Java Threads: ( => current thread )
  0x0000021edb841800 JavaThread "main" [_thread_blocked, id=32556, stack(0x0000009683b00000,0x0000009683c00000)]
  0x0000021ef652c800 JavaThread "Reference Handler" daemon [_thread_blocked, id=34496, stack(0x0000009684200000,0x0000009684300000)]
  0x0000021ef6537800 JavaThread "Finalizer" daemon [_thread_blocked, id=40276, stack(0x0000009684300000,0x0000009684400000)]
  0x0000021ef6590800 JavaThread "Signal Dispatcher" daemon [_thread_blocked, id=13444, stack(0x0000009684400000,0x0000009684500000)]
  0x0000021ef6592000 JavaThread "Attach Listener" daemon [_thread_blocked, id=3052, stack(0x0000009684500000,0x0000009684600000)]
  0x0000021ef6594000 JavaThread "Service Thread" daemon [_thread_blocked, id=8624, stack(0x0000009684600000,0x0000009684700000)]
=>0x0000021ef659a000 JavaThread "C2 CompilerThread0" daemon [_thread_in_native, id=33500, stack(0x0000009684700000,0x0000009684800000)]
  0x0000021ef65a3000 JavaThread "C1 CompilerThread0" daemon [_thread_blocked, id=27356, stack(0x0000009684800000,0x0000009684900000)]
  0x0000021ef65a7800 JavaThread "Sweeper thread" daemon [_thread_blocked, id=19660, stack(0x0000009684900000,0x0000009684a00000)]
  0x0000021ef6715000 JavaThread "Common-Cleaner" daemon [_thread_blocked, id=16332, stack(0x0000009684a00000,0x0000009684b00000)]
  0x0000021ef68de000 JavaThread "C2 CompilerThread1" daemon [_thread_blocked, id=30056, stack(0x0000009684c00000,0x0000009684d00000)]
  0x0000021ef7aad800 JavaThread "C2 CompilerThread2" daemon [_thread_in_native, id=9144, stack(0x0000009685200000,0x0000009685300000)]
  0x0000021ef84de800 JavaThread "Daemon health stats" [_thread_blocked, id=1280, stack(0x0000009685300000,0x0000009685400000)]
  0x0000021ef846b000 JavaThread "Incoming local TCP Connector on port 49677" [_thread_in_native, id=31628, stack(0x0000009685400000,0x0000009685500000)]
  0x0000021ef8dbc800 JavaThread "Daemon periodic checks" [_thread_blocked, id=42816, stack(0x0000009685500000,0x0000009685600000)]
  0x0000021ef8003000 JavaThread "Daemon" [_thread_blocked, id=22920, stack(0x0000009685600000,0x0000009685700000)]
  0x0000021ef84bd800 JavaThread "Handler for socket connection from /127.0.0.1:49677 to /127.0.0.1:49678" [_thread_in_native, id=43452, stack(0x0000009685700000,0x0000009685800000)]
  0x0000021ef97b6000 JavaThread "Cancel handler" [_thread_blocked, id=316, stack(0x0000009685800000,0x0000009685900000)]
  0x0000021ef8433000 JavaThread "Daemon worker" [_thread_in_native, id=35328, stack(0x0000009685900000,0x0000009685a00000)]
  0x0000021ef86c6800 JavaThread "Asynchronous log dispatcher for DefaultDaemonConnection: socket connection from /127.0.0.1:49677 to /127.0.0.1:49678" [_thread_blocked, id=5292, stack(0x0000009685a00000,0x0000009685b00000)]
  0x0000021ef86c1800 JavaThread "Stdin handler" [_thread_blocked, id=32852, stack(0x0000009685b00000,0x0000009685c00000)]
  0x0000021ef86c5000 JavaThread "Daemon client event forwarder" [_thread_blocked, id=42880, stack(0x0000009685c00000,0x0000009685d00000)]
  0x0000021ef86c2800 JavaThread "Cache worker for journal cache (C:\Users\erels\.gradle\caches\journal-1)" [_thread_blocked, id=38572, stack(0x0000009685d00000,0x0000009685e00000)]
  0x0000021ef86c4000 JavaThread "File lock request listener" [_thread_in_native, id=16864, stack(0x0000009685e00000,0x0000009685f00000)]
  0x0000021ef86c1000 JavaThread "Cache worker for file hash cache (C:\Users\erels\.gradle\caches\7.3.3\fileHashes)" [_thread_blocked, id=39128, stack(0x0000009685f00000,0x0000009686000000)]
  0x0000021ef86c5800 JavaThread "Cache worker for file hash cache (C:\Users\erels\AndroidStudioProjects\CountDownTimer\.gradle\7.3.3\fileHashes)" [_thread_blocked, id=25616, stack(0x0000009686300000,0x0000009686400000)]
  0x0000021ef86c7800 JavaThread "File watcher server" daemon [_thread_in_native, id=29780, stack(0x0000009686400000,0x0000009686500000)]
  0x0000021ef86c3800 JavaThread "File watcher consumer" daemon [_thread_blocked, id=9456, stack(0x0000009686500000,0x0000009686600000)]

Other Threads:
  0x0000021ef6528800 VMThread "VM Thread" [stack: 0x0000009684100000,0x0000009684200000] [id=34416]
  0x0000021ef6736000 WatcherThread [stack: 0x0000009684b00000,0x0000009684c00000] [id=21804]
  0x0000021edb85c000 GCTaskThread "GC Thread#0" [stack: 0x0000009683c00000,0x0000009683d00000] [id=14236]
  0x0000021ef76c7000 GCTaskThread "GC Thread#1" [stack: 0x0000009684d00000,0x0000009684e00000] [id=14564]
  0x0000021ef6b33800 GCTaskThread "GC Thread#2" [stack: 0x0000009684e00000,0x0000009684f00000] [id=30668]
  0x0000021ef6db6800 GCTaskThread "GC Thread#3" [stack: 0x0000009684f00000,0x0000009685000000] [id=2708]
  0x0000021ef76b9800 GCTaskThread "GC Thread#4" [stack: 0x0000009685000000,0x0000009685100000] [id=37552]
  0x0000021ef725a800 GCTaskThread "GC Thread#5" [stack: 0x0000009685100000,0x0000009685200000] [id=43608]
  0x0000021ef9a68800 GCTaskThread "GC Thread#6" [stack: 0x0000009686000000,0x0000009686100000] [id=1160]
  0x0000021ef8968000 GCTaskThread "GC Thread#7" [stack: 0x0000009686100000,0x0000009686200000] [id=13276]
  0x0000021edb88b800 ConcurrentGCThread "G1 Main Marker" [stack: 0x0000009683d00000,0x0000009683e00000] [id=1928]
  0x0000021edb88d000 ConcurrentGCThread "G1 Conc#0" [stack: 0x0000009683e00000,0x0000009683f00000] [id=7076]
  0x0000021ef8b2c000 ConcurrentGCThread "G1 Conc#1" [stack: 0x0000009686200000,0x0000009686300000] [id=8560]
  0x0000021edb91e000 ConcurrentGCThread "G1 Refine#0" [stack: 0x0000009683f00000,0x0000009684000000] [id=41200]
  0x0000021ef5b7c800 ConcurrentGCThread "G1 Young RemSet Sampling" [stack: 0x0000009684000000,0x0000009684100000] [id=38972]

Threads with active compile tasks:
C2 CompilerThread0   2995 2083       4       java.net.URLClassLoader$1::run (5 bytes)
C2 CompilerThread2   2995 2084   !   4       java.net.URLClassLoader$1::run (63 bytes)

VM state:not at safepoint (normal execution)

VM Mutex/Monitor currently owned by a thread: None

Heap address: 0x0000000080000000, size: 2048 MB, Compressed Oops mode: 32-bit
Narrow klass base: 0x0000000000000000, Narrow klass shift: 3
Compressed class space size: 1073741824 Address: 0x0000000100000000

Heap:
 garbage-first heap   total 258048K, used 42275K [0x0000000080000000, 0x0000000100000000)
  region size 1024K, 26 young (26624K), 2 survivors (2048K)
 Metaspace       used 26203K, capacity 26764K, committed 27008K, reserved 1073152K
  class space    used 3401K, capacity 3592K, committed 3712K, reserved 1048576K
Heap Regions: E=young(eden), S=young(survivor), O=old, HS=humongous(starts), HC=humongous(continues), CS=collection set, F=free, A=archive, TAMS=top-at-mark-start (previous, next)
|   0|0x0000000080000000, 0x0000000080100000, 0x0000000080100000|100%| O|  |TAMS 0x0000000080000000, 0x0000000080000000| Untracked 
|   1|0x0000000080100000, 0x0000000080200000, 0x0000000080200000|100%| O|  |TAMS 0x0000000080100000, 0x0000000080100000| Untracked 
|   2|0x0000000080200000, 0x0000000080300000, 0x0000000080300000|100%| O|  |TAMS 0x0000000080200000, 0x0000000080200000| Untracked 
|   3|0x0000000080300000, 0x0000000080400000, 0x0000000080400000|100%|HS|  |TAMS 0x0000000080400000, 0x0000000080300000| Complete 
|   4|0x0000000080400000, 0x0000000080500000, 0x0000000080500000|100%|HC|  |TAMS 0x0000000080500000, 0x0000000080400000| Complete 
|   5|0x0000000080500000, 0x0000000080600000, 0x0000000080600000|100%|HC|  |TAMS 0x0000000080600000, 0x0000000080500000| Complete 
|   6|0x0000000080600000, 0x0000000080700000, 0x0000000080700000|100%| O|  |TAMS 0x0000000080700000, 0x0000000080600000| Untracked 
|   7|0x0000000080700000, 0x0000000080800000, 0x0000000080800000|100%| O|  |TAMS 0x0000000080800000, 0x0000000080700000| Untracked 
|   8|0x0000000080800000, 0x0000000080900000, 0x0000000080900000|100%| O|  |TAMS 0x00000000808df200, 0x0000000080800000| Untracked 
|   9|0x0000000080900000, 0x0000000080a00000, 0x0000000080a00000|100%| O|  |TAMS 0x0000000080900000, 0x0000000080900000| Untracked 
|  10|0x0000000080a00000, 0x0000000080b00000, 0x0000000080b00000|100%| O|  |TAMS 0x0000000080a00000, 0x0000000080a00000| Untracked 
|  11|0x0000000080b00000, 0x0000000080c00000, 0x0000000080c00000|100%| O|  |TAMS 0x0000000080b00000, 0x0000000080b00000| Untracked 
|  12|0x0000000080c00000, 0x0000000080d00000, 0x0000000080d00000|100%| O|  |TAMS 0x0000000080c00000, 0x0000000080c00000| Untracked 
|  13|0x0000000080d00000, 0x0000000080e00000, 0x0000000080e00000|100%| O|  |TAMS 0x0000000080d00000, 0x0000000080d00000| Untracked 
|  14|0x0000000080e00000, 0x0000000080f00000, 0x0000000080f00000|100%| O|  |TAMS 0x0000000080e00000, 0x0000000080e00000| Untracked 
|  15|0x0000000080f00000, 0x0000000081000000, 0x0000000081000000|100%| O|  |TAMS 0x0000000080f00000, 0x0000000080f00000| Untracked 
|  16|0x0000000081000000, 0x00000000810b5400, 0x0000000081100000| 70%| O|  |TAMS 0x0000000081000000, 0x0000000081000000| Untracked 
|  17|0x0000000081100000, 0x0000000081100000, 0x0000000081200000|  0%| F|  |TAMS 0x0000000081100000, 0x0000000081100000| Untracked 
|  18|0x0000000081200000, 0x0000000081200000, 0x0000000081300000|  0%| F|  |TAMS 0x0000000081200000, 0x0000000081200000| Untracked 
|  19|0x0000000081300000, 0x0000000081300000, 0x0000000081400000|  0%| F|  |TAMS 0x0000000081300000, 0x0000000081300000| Untracked 
|  20|0x0000000081400000, 0x0000000081400000, 0x0000000081500000|  0%| F|  |TAMS 0x0000000081400000, 0x0000000081400000| Untracked 
|  21|0x0000000081500000, 0x0000000081500000, 0x0000000081600000|  0%| F|  |TAMS 0x0000000081500000, 0x0000000081500000| Untracked 
|  22|0x0000000081600000, 0x0000000081600000, 0x0000000081700000|  0%| F|  |TAMS 0x0000000081600000, 0x0000000081600000| Untracked 
|  23|0x0000000081700000, 0x0000000081700000, 0x0000000081800000|  0%| F|  |TAMS 0x0000000081700000, 0x0000000081700000| Untracked 
|  24|0x0000000081800000, 0x0000000081800000, 0x0000000081900000|  0%| F|  |TAMS 0x0000000081800000, 0x0000000081800000| Untracked 
|  25|0x0000000081900000, 0x0000000081900000, 0x0000000081a00000|  0%| F|  |TAMS 0x0000000081900000, 0x0000000081900000| Untracked 
|  26|0x0000000081a00000, 0x0000000081a00000, 0x0000000081b00000|  0%| F|  |TAMS 0x0000000081a00000, 0x0000000081a00000| Untracked 
|  27|0x0000000081b00000, 0x0000000081b00000, 0x0000000081c00000|  0%| F|  |TAMS 0x0000000081b00000, 0x0000000081b00000| Untracked 
|  28|0x0000000081c00000, 0x0000000081c00000, 0x0000000081d00000|  0%| F|  |TAMS 0x0000000081c00000, 0x0000000081c00000| Untracked 
|  29|0x0000000081d00000, 0x0000000081d00000, 0x0000000081e00000|  0%| F|  |TAMS 0x0000000081d00000, 0x0000000081d00000| Untracked 
|  30|0x0000000081e00000, 0x0000000081e00000, 0x0000000081f00000|  0%| F|  |TAMS 0x0000000081e00000, 0x0000000081e00000| Untracked 
|  31|0x0000000081f00000, 0x0000000081f00000, 0x0000000082000000|  0%| F|  |TAMS 0x0000000081f00000, 0x0000000081f00000| Untracked 
|  32|0x0000000082000000, 0x0000000082000000, 0x0000000082100000|  0%| F|  |TAMS 0x0000000082000000, 0x0000000082000000| Untracked 
|  33|0x0000000082100000, 0x0000000082100000, 0x0000000082200000|  0%| F|  |TAMS 0x0000000082100000, 0x0000000082100000| Untracked 
|  34|0x0000000082200000, 0x0000000082200000, 0x0000000082300000|  0%| F|  |TAMS 0x0000000082200000, 0x0000000082200000| Untracked 
|  35|0x0000000082300000, 0x0000000082300000, 0x0000000082400000|  0%| F|  |TAMS 0x0000000082300000, 0x0000000082300000| Untracked 
|  36|0x0000000082400000, 0x0000000082400000, 0x0000000082500000|  0%| F|  |TAMS 0x0000000082400000, 0x0000000082400000| Untracked 
|  37|0x0000000082500000, 0x0000000082500000, 0x0000000082600000|  0%| F|  |TAMS 0x0000000082500000, 0x0000000082500000| Untracked 
|  38|0x0000000082600000, 0x0000000082600000, 0x0000000082700000|  0%| F|  |TAMS 0x0000000082600000, 0x0000000082600000| Untracked 
|  39|0x0000000082700000, 0x0000000082700000, 0x0000000082800000|  0%| F|  |TAMS 0x0000000082700000, 0x0000000082700000| Untracked 
|  40|0x0000000082800000, 0x0000000082800000, 0x0000000082900000|  0%| F|  |TAMS 0x0000000082800000, 0x0000000082800000| Untracked 
|  41|0x0000000082900000, 0x0000000082900000, 0x0000000082a00000|  0%| F|  |TAMS 0x0000000082900000, 0x0000000082900000| Untracked 
|  42|0x0000000082a00000, 0x0000000082a00000, 0x0000000082b00000|  0%| F|  |TAMS 0x0000000082a00000, 0x0000000082a00000| Untracked 
|  43|0x0000000082b00000, 0x0000000082b00000, 0x0000000082c00000|  0%| F|  |TAMS 0x0000000082b00000, 0x0000000082b00000| Untracked 
|  44|0x0000000082c00000, 0x0000000082c00000, 0x0000000082d00000|  0%| F|  |TAMS 0x0000000082c00000, 0x0000000082c00000| Untracked 
|  45|0x0000000082d00000, 0x0000000082d00000, 0x0000000082e00000|  0%| F|  |TAMS 0x0000000082d00000, 0x0000000082d00000| Untracked 
|  46|0x0000000082e00000, 0x0000000082e00000, 0x0000000082f00000|  0%| F|  |TAMS 0x0000000082e00000, 0x0000000082e00000| Untracked 
|  47|0x0000000082f00000, 0x0000000082f00000, 0x0000000083000000|  0%| F|  |TAMS 0x0000000082f00000, 0x0000000082f00000| Untracked 
|  48|0x0000000083000000, 0x0000000083000000, 0x0000000083100000|  0%| F|  |TAMS 0x0000000083000000, 0x0000000083000000| Untracked 
|  49|0x0000000083100000, 0x0000000083100000, 0x0000000083200000|  0%| F|  |TAMS 0x0000000083100000, 0x0000000083100000| Untracked 
|  50|0x0000000083200000, 0x0000000083200000, 0x0000000083300000|  0%| F|  |TAMS 0x0000000083200000, 0x0000000083200000| Untracked 
|  51|0x0000000083300000, 0x0000000083300000, 0x0000000083400000|  0%| F|  |TAMS 0x0000000083300000, 0x0000000083300000| Untracked 
|  52|0x0000000083400000, 0x0000000083400000, 0x0000000083500000|  0%| F|  |TAMS 0x0000000083400000, 0x0000000083400000| Untracked 
|  53|0x0000000083500000, 0x0000000083500000, 0x0000000083600000|  0%| F|  |TAMS 0x0000000083500000, 0x0000000083500000| Untracked 
|  54|0x0000000083600000, 0x0000000083600000, 0x0000000083700000|  0%| F|  |TAMS 0x0000000083600000, 0x0000000083600000| Untracked 
|  55|0x0000000083700000, 0x0000000083700000, 0x0000000083800000|  0%| F|  |TAMS 0x0000000083700000, 0x0000000083700000| Untracked 
|  56|0x0000000083800000, 0x0000000083800000, 0x0000000083900000|  0%| F|  |TAMS 0x0000000083800000, 0x0000000083800000| Untracked 
|  57|0x0000000083900000, 0x0000000083900000, 0x0000000083a00000|  0%| F|  |TAMS 0x0000000083900000, 0x0000000083900000| Untracked 
|  58|0x0000000083a00000, 0x0000000083a00000, 0x0000000083b00000|  0%| F|  |TAMS 0x0000000083a00000, 0x0000000083a00000| Untracked 
|  59|0x0000000083b00000, 0x0000000083b00000, 0x0000000083c00000|  0%| F|  |TAMS 0x0000000083b00000, 0x0000000083b00000| Untracked 
|  60|0x0000000083c00000, 0x0000000083c00000, 0x0000000083d00000|  0%| F|  |TAMS 0x0000000083c00000, 0x0000000083c00000| Untracked 
|  61|0x0000000083d00000, 0x0000000083d00000, 0x0000000083e00000|  0%| F|  |TAMS 0x0000000083d00000, 0x0000000083d00000| Untracked 
|  62|0x0000000083e00000, 0x0000000083e00000, 0x0000000083f00000|  0%| F|  |TAMS 0x0000000083e00000, 0x0000000083e00000| Untracked 
|  63|0x0000000083f00000, 0x0000000083f00000, 0x0000000084000000|  0%| F|  |TAMS 0x0000000083f00000, 0x0000000083f00000| Untracked 
|  64|0x0000000084000000, 0x0000000084000000, 0x0000000084100000|  0%| F|  |TAMS 0x0000000084000000, 0x0000000084000000| Untracked 
|  65|0x0000000084100000, 0x0000000084100000, 0x0000000084200000|  0%| F|  |TAMS 0x0000000084100000, 0x0000000084100000| Untracked 
|  66|0x0000000084200000, 0x0000000084200000, 0x0000000084300000|  0%| F|  |TAMS 0x0000000084200000, 0x0000000084200000| Untracked 
|  67|0x0000000084300000, 0x0000000084300000, 0x0000000084400000|  0%| F|  |TAMS 0x0000000084300000, 0x0000000084300000| Untracked 
|  68|0x0000000084400000, 0x0000000084400000, 0x0000000084500000|  0%| F|  |TAMS 0x0000000084400000, 0x0000000084400000| Untracked 
|  69|0x0000000084500000, 0x0000000084500000, 0x0000000084600000|  0%| F|  |TAMS 0x0000000084500000, 0x0000000084500000| Untracked 
|  70|0x0000000084600000, 0x0000000084600000, 0x0000000084700000|  0%| F|  |TAMS 0x0000000084600000, 0x0000000084600000| Untracked 
|  71|0x0000000084700000, 0x0000000084700000, 0x0000000084800000|  0%| F|  |TAMS 0x0000000084700000, 0x0000000084700000| Untracked 
|  72|0x0000000084800000, 0x0000000084800000, 0x0000000084900000|  0%| F|  |TAMS 0x0000000084800000, 0x0000000084800000| Untracked 
|  73|0x0000000084900000, 0x0000000084900000, 0x0000000084a00000|  0%| F|  |TAMS 0x0000000084900000, 0x0000000084900000| Untracked 
|  74|0x0000000084a00000, 0x0000000084a00000, 0x0000000084b00000|  0%| F|  |TAMS 0x0000000084a00000, 0x0000000084a00000| Untracked 
|  75|0x0000000084b00000, 0x0000000084b00000, 0x0000000084c00000|  0%| F|  |TAMS 0x0000000084b00000, 0x0000000084b00000| Untracked 
|  76|0x0000000084c00000, 0x0000000084c00000, 0x0000000084d00000|  0%| F|  |TAMS 0x0000000084c00000, 0x0000000084c00000| Untracked 
|  77|0x0000000084d00000, 0x0000000084d00000, 0x0000000084e00000|  0%| F|  |TAMS 0x0000000084d00000, 0x0000000084d00000| Untracked 
|  78|0x0000000084e00000, 0x0000000084e00000, 0x0000000084f00000|  0%| F|  |TAMS 0x0000000084e00000, 0x0000000084e00000| Untracked 
|  79|0x0000000084f00000, 0x0000000084f00000, 0x0000000085000000|  0%| F|  |TAMS 0x0000000084f00000, 0x0000000084f00000| Untracked 
|  80|0x0000000085000000, 0x0000000085000000, 0x0000000085100000|  0%| F|  |TAMS 0x0000000085000000, 0x0000000085000000| Untracked 
|  81|0x0000000085100000, 0x0000000085100000, 0x0000000085200000|  0%| F|  |TAMS 0x0000000085100000, 0x0000000085100000| Untracked 
|  82|0x0000000085200000, 0x0000000085200000, 0x0000000085300000|  0%| F|  |TAMS 0x0000000085200000, 0x0000000085200000| Untracked 
|  83|0x0000000085300000, 0x0000000085300000, 0x0000000085400000|  0%| F|  |TAMS 0x0000000085300000, 0x0000000085300000| Untracked 
|  84|0x0000000085400000, 0x0000000085400000, 0x0000000085500000|  0%| F|  |TAMS 0x0000000085400000, 0x0000000085400000| Untracked 
|  85|0x0000000085500000, 0x0000000085500000, 0x0000000085600000|  0%| F|  |TAMS 0x0000000085500000, 0x0000000085500000| Untracked 
|  86|0x0000000085600000, 0x0000000085600000, 0x0000000085700000|  0%| F|  |TAMS 0x0000000085600000, 0x0000000085600000| Untracked 
|  87|0x0000000085700000, 0x0000000085700000, 0x0000000085800000|  0%| F|  |TAMS 0x0000000085700000, 0x0000000085700000| Untracked 
|  88|0x0000000085800000, 0x0000000085800000, 0x0000000085900000|  0%| F|  |TAMS 0x0000000085800000, 0x0000000085800000| Untracked 
|  89|0x0000000085900000, 0x0000000085900000, 0x0000000085a00000|  0%| F|  |TAMS 0x0000000085900000, 0x0000000085900000| Untracked 
|  90|0x0000000085a00000, 0x0000000085a00000, 0x0000000085b00000|  0%| F|  |TAMS 0x0000000085a00000, 0x0000000085a00000| Untracked 
|  91|0x0000000085b00000, 0x0000000085b00000, 0x0000000085c00000|  0%| F|  |TAMS 0x0000000085b00000, 0x0000000085b00000| Untracked 
|  92|0x0000000085c00000, 0x0000000085c00000, 0x0000000085d00000|  0%| F|  |TAMS 0x0000000085c00000, 0x0000000085c00000| Untracked 
|  93|0x0000000085d00000, 0x0000000085d00000, 0x0000000085e00000|  0%| F|  |TAMS 0x0000000085d00000, 0x0000000085d00000| Untracked 
|  94|0x0000000085e00000, 0x0000000085e00000, 0x0000000085f00000|  0%| F|  |TAMS 0x0000000085e00000, 0x0000000085e00000| Untracked 
|  95|0x0000000085f00000, 0x0000000085f00000, 0x0000000086000000|  0%| F|  |TAMS 0x0000000085f00000, 0x0000000085f00000| Untracked 
|  96|0x0000000086000000, 0x0000000086000000, 0x0000000086100000|  0%| F|  |TAMS 0x0000000086000000, 0x0000000086000000| Untracked 
|  97|0x0000000086100000, 0x0000000086100000, 0x0000000086200000|  0%| F|  |TAMS 0x0000000086100000, 0x0000000086100000| Untracked 
|  98|0x0000000086200000, 0x0000000086200000, 0x0000000086300000|  0%| F|  |TAMS 0x0000000086200000, 0x0000000086200000| Untracked 
|  99|0x0000000086300000, 0x0000000086300000, 0x0000000086400000|  0%| F|  |TAMS 0x0000000086300000, 0x0000000086300000| Untracked 
| 100|0x0000000086400000, 0x0000000086400000, 0x0000000086500000|  0%| F|  |TAMS 0x0000000086400000, 0x0000000086400000| Untracked 
| 101|0x0000000086500000, 0x0000000086500000, 0x0000000086600000|  0%| F|  |TAMS 0x0000000086500000, 0x0000000086500000| Untracked 
| 102|0x0000000086600000, 0x0000000086600000, 0x0000000086700000|  0%| F|  |TAMS 0x0000000086600000, 0x0000000086600000| Untracked 
| 103|0x0000000086700000, 0x0000000086700000, 0x0000000086800000|  0%| F|  |TAMS 0x0000000086700000, 0x0000000086700000| Untracked 
| 104|0x0000000086800000, 0x0000000086800000, 0x0000000086900000|  0%| F|  |TAMS 0x0000000086800000, 0x0000000086800000| Untracked 
| 105|0x0000000086900000, 0x0000000086900000, 0x0000000086a00000|  0%| F|  |TAMS 0x0000000086900000, 0x0000000086900000| Untracked 
| 106|0x0000000086a00000, 0x0000000086a00000, 0x0000000086b00000|  0%| F|  |TAMS 0x0000000086a00000, 0x0000000086a00000| Untracked 
| 107|0x0000000086b00000, 0x0000000086b00000, 0x0000000086c00000|  0%| F|  |TAMS 0x0000000086b00000, 0x0000000086b00000| Untracked 
| 108|0x0000000086c00000, 0x0000000086c00000, 0x0000000086d00000|  0%| F|  |TAMS 0x0000000086c00000, 0x0000000086c00000| Untracked 
| 109|0x0000000086d00000, 0x0000000086d00000, 0x0000000086e00000|  0%| F|  |TAMS 0x0000000086d00000, 0x0000000086d00000| Untracked 
| 110|0x0000000086e00000, 0x0000000086e00000, 0x0000000086f00000|  0%| F|  |TAMS 0x0000000086e00000, 0x0000000086e00000| Untracked 
| 111|0x0000000086f00000, 0x0000000086f00000, 0x0000000087000000|  0%| F|  |TAMS 0x0000000086f00000, 0x0000000086f00000| Untracked 
| 112|0x0000000087000000, 0x0000000087000000, 0x0000000087100000|  0%| F|  |TAMS 0x0000000087000000, 0x0000000087000000| Untracked 
| 113|0x0000000087100000, 0x0000000087100000, 0x0000000087200000|  0%| F|  |TAMS 0x0000000087100000, 0x0000000087100000| Untracked 
| 114|0x0000000087200000, 0x0000000087200000, 0x0000000087300000|  0%| F|  |TAMS 0x0000000087200000, 0x0000000087200000| Untracked 
| 115|0x0000000087300000, 0x0000000087300000, 0x0000000087400000|  0%| F|  |TAMS 0x0000000087300000, 0x0000000087300000| Untracked 
| 116|0x0000000087400000, 0x0000000087400000, 0x0000000087500000|  0%| F|  |TAMS 0x0000000087400000, 0x0000000087400000| Untracked 
| 117|0x0000000087500000, 0x0000000087500000, 0x0000000087600000|  0%| F|  |TAMS 0x0000000087500000, 0x0000000087500000| Untracked 
| 118|0x0000000087600000, 0x0000000087600000, 0x0000000087700000|  0%| F|  |TAMS 0x0000000087600000, 0x0000000087600000| Untracked 
| 119|0x0000000087700000, 0x0000000087700000, 0x0000000087800000|  0%| F|  |TAMS 0x0000000087700000, 0x0000000087700000| Untracked 
| 120|0x0000000087800000, 0x0000000087800000, 0x0000000087900000|  0%| F|  |TAMS 0x0000000087800000, 0x0000000087800000| Untracked 
| 121|0x0000000087900000, 0x0000000087900000, 0x0000000087a00000|  0%| F|  |TAMS 0x0000000087900000, 0x0000000087900000| Untracked 
| 122|0x0000000087a00000, 0x0000000087a00000, 0x0000000087b00000|  0%| F|  |TAMS 0x0000000087a00000, 0x0000000087a00000| Untracked 
| 123|0x0000000087b00000, 0x0000000087b00000, 0x0000000087c00000|  0%| F|  |TAMS 0x0000000087b00000, 0x0000000087b00000| Untracked 
| 124|0x0000000087c00000, 0x0000000087c00000, 0x0000000087d00000|  0%| F|  |TAMS 0x0000000087c00000, 0x0000000087c00000| Untracked 
| 125|0x0000000087d00000, 0x0000000087d00000, 0x0000000087e00000|  0%| F|  |TAMS 0x0000000087d00000, 0x0000000087d00000| Untracked 
| 126|0x0000000087e00000, 0x0000000087e00000, 0x0000000087f00000|  0%| F|  |TAMS 0x0000000087e00000, 0x0000000087e00000| Untracked 
| 127|0x0000000087f00000, 0x0000000087f00000, 0x0000000088000000|  0%| F|  |TAMS 0x0000000087f00000, 0x0000000087f00000| Untracked 
| 128|0x0000000088000000, 0x0000000088000000, 0x0000000088100000|  0%| F|  |TAMS 0x0000000088000000, 0x0000000088000000| Untracked 
| 129|0x0000000088100000, 0x0000000088100000, 0x0000000088200000|  0%| F|  |TAMS 0x0000000088100000, 0x0000000088100000| Untracked 
| 130|0x0000000088200000, 0x0000000088200000, 0x0000000088300000|  0%| F|  |TAMS 0x0000000088200000, 0x0000000088200000| Untracked 
| 131|0x0000000088300000, 0x0000000088300000, 0x0000000088400000|  0%| F|  |TAMS 0x0000000088300000, 0x0000000088300000| Untracked 
| 132|0x0000000088400000, 0x0000000088400000, 0x0000000088500000|  0%| F|  |TAMS 0x0000000088400000, 0x0000000088400000| Untracked 
| 133|0x0000000088500000, 0x0000000088500000, 0x0000000088600000|  0%| F|  |TAMS 0x0000000088500000, 0x0000000088500000| Untracked 
| 134|0x0000000088600000, 0x0000000088600000, 0x0000000088700000|  0%| F|  |TAMS 0x0000000088600000, 0x0000000088600000| Untracked 
| 135|0x0000000088700000, 0x0000000088700000, 0x0000000088800000|  0%| F|  |TAMS 0x0000000088700000, 0x0000000088700000| Untracked 
| 136|0x0000000088800000, 0x0000000088800000, 0x0000000088900000|  0%| F|  |TAMS 0x0000000088800000, 0x0000000088800000| Untracked 
| 137|0x0000000088900000, 0x0000000088900000, 0x0000000088a00000|  0%| F|  |TAMS 0x0000000088900000, 0x0000000088900000| Untracked 
| 138|0x0000000088a00000, 0x0000000088a00000, 0x0000000088b00000|  0%| F|  |TAMS 0x0000000088a00000, 0x0000000088a00000| Untracked 
| 139|0x0000000088b00000, 0x0000000088b00000, 0x0000000088c00000|  0%| F|  |TAMS 0x0000000088b00000, 0x0000000088b00000| Untracked 
| 140|0x0000000088c00000, 0x0000000088c00000, 0x0000000088d00000|  0%| F|  |TAMS 0x0000000088c00000, 0x0000000088c00000| Untracked 
| 141|0x0000000088d00000, 0x0000000088d00000, 0x0000000088e00000|  0%| F|  |TAMS 0x0000000088d00000, 0x0000000088d00000| Untracked 
| 142|0x0000000088e00000, 0x0000000088e00000, 0x0000000088f00000|  0%| F|  |TAMS 0x0000000088e00000, 0x0000000088e00000| Untracked 
| 143|0x0000000088f00000, 0x0000000088f00000, 0x0000000089000000|  0%| F|  |TAMS 0x0000000088f00000, 0x0000000088f00000| Untracked 
| 144|0x0000000089000000, 0x0000000089000000, 0x0000000089100000|  0%| F|  |TAMS 0x0000000089000000, 0x0000000089000000| Untracked 
| 145|0x0000000089100000, 0x0000000089100000, 0x0000000089200000|  0%| F|  |TAMS 0x0000000089100000, 0x0000000089100000| Untracked 
| 146|0x0000000089200000, 0x0000000089200000, 0x0000000089300000|  0%| F|  |TAMS 0x0000000089200000, 0x0000000089200000| Untracked 
| 147|0x0000000089300000, 0x0000000089300000, 0x0000000089400000|  0%| F|  |TAMS 0x0000000089300000, 0x0000000089300000| Untracked 
| 148|0x0000000089400000, 0x0000000089400000, 0x0000000089500000|  0%| F|  |TAMS 0x0000000089400000, 0x0000000089400000| Untracked 
| 149|0x0000000089500000, 0x0000000089500000, 0x0000000089600000|  0%| F|  |TAMS 0x0000000089500000, 0x0000000089500000| Untracked 
| 150|0x0000000089600000, 0x0000000089600000, 0x0000000089700000|  0%| F|  |TAMS 0x0000000089600000, 0x0000000089600000| Untracked 
| 151|0x0000000089700000, 0x0000000089700000, 0x0000000089800000|  0%| F|  |TAMS 0x0000000089700000, 0x0000000089700000| Untracked 
| 152|0x0000000089800000, 0x0000000089800000, 0x0000000089900000|  0%| F|  |TAMS 0x0000000089800000, 0x0000000089800000| Untracked 
| 153|0x0000000089900000, 0x0000000089900000, 0x0000000089a00000|  0%| F|  |TAMS 0x0000000089900000, 0x0000000089900000| Untracked 
| 154|0x0000000089a00000, 0x0000000089a00000, 0x0000000089b00000|  0%| F|  |TAMS 0x0000000089a00000, 0x0000000089a00000| Untracked 
| 155|0x0000000089b00000, 0x0000000089b00000, 0x0000000089c00000|  0%| F|  |TAMS 0x0000000089b00000, 0x0000000089b00000| Untracked 
| 156|0x0000000089c00000, 0x0000000089c00000, 0x0000000089d00000|  0%| F|  |TAMS 0x0000000089c00000, 0x0000000089c00000| Untracked 
| 157|0x0000000089d00000, 0x0000000089d00000, 0x0000000089e00000|  0%| F|  |TAMS 0x0000000089d00000, 0x0000000089d00000| Untracked 
| 158|0x0000000089e00000, 0x0000000089e00000, 0x0000000089f00000|  0%| F|  |TAMS 0x0000000089e00000, 0x0000000089e00000| Untracked 
| 159|0x0000000089f00000, 0x0000000089f00000, 0x000000008a000000|  0%| F|  |TAMS 0x0000000089f00000, 0x0000000089f00000| Untracked 
| 160|0x000000008a000000, 0x000000008a000000, 0x000000008a100000|  0%| F|  |TAMS 0x000000008a000000, 0x000000008a000000| Untracked 
| 161|0x000000008a100000, 0x000000008a100000, 0x000000008a200000|  0%| F|  |TAMS 0x000000008a100000, 0x000000008a100000| Untracked 
| 162|0x000000008a200000, 0x000000008a200000, 0x000000008a300000|  0%| F|  |TAMS 0x000000008a200000, 0x000000008a200000| Untracked 
| 163|0x000000008a300000, 0x000000008a300000, 0x000000008a400000|  0%| F|  |TAMS 0x000000008a300000, 0x000000008a300000| Untracked 
| 164|0x000000008a400000, 0x000000008a400000, 0x000000008a500000|  0%| F|  |TAMS 0x000000008a400000, 0x000000008a400000| Untracked 
| 165|0x000000008a500000, 0x000000008a500000, 0x000000008a600000|  0%| F|  |TAMS 0x000000008a500000, 0x000000008a500000| Untracked 
| 166|0x000000008a600000, 0x000000008a600000, 0x000000008a700000|  0%| F|  |TAMS 0x000000008a600000, 0x000000008a600000| Untracked 
| 167|0x000000008a700000, 0x000000008a700000, 0x000000008a800000|  0%| F|  |TAMS 0x000000008a700000, 0x000000008a700000| Untracked 
| 168|0x000000008a800000, 0x000000008a800000, 0x000000008a900000|  0%| F|  |TAMS 0x000000008a800000, 0x000000008a800000| Untracked 
| 169|0x000000008a900000, 0x000000008a900000, 0x000000008aa00000|  0%| F|  |TAMS 0x000000008a900000, 0x000000008a900000| Untracked 
| 170|0x000000008aa00000, 0x000000008aa00000, 0x000000008ab00000|  0%| F|  |TAMS 0x000000008aa00000, 0x000000008aa00000| Untracked 
| 171|0x000000008ab00000, 0x000000008ab00000, 0x000000008ac00000|  0%| F|  |TAMS 0x000000008ab00000, 0x000000008ab00000| Untracked 
| 172|0x000000008ac00000, 0x000000008ac00000, 0x000000008ad00000|  0%| F|  |TAMS 0x000000008ac00000, 0x000000008ac00000| Untracked 
| 173|0x000000008ad00000, 0x000000008ad00000, 0x000000008ae00000|  0%| F|  |TAMS 0x000000008ad00000, 0x000000008ad00000| Untracked 
| 174|0x000000008ae00000, 0x000000008ae00000, 0x000000008af00000|  0%| F|  |TAMS 0x000000008ae00000, 0x000000008ae00000| Untracked 
| 175|0x000000008af00000, 0x000000008af00000, 0x000000008b000000|  0%| F|  |TAMS 0x000000008af00000, 0x000000008af00000| Untracked 
| 176|0x000000008b000000, 0x000000008b000000, 0x000000008b100000|  0%| F|  |TAMS 0x000000008b000000, 0x000000008b000000| Untracked 
| 177|0x000000008b100000, 0x000000008b100000, 0x000000008b200000|  0%| F|  |TAMS 0x000000008b100000, 0x000000008b100000| Untracked 
| 178|0x000000008b200000, 0x000000008b200000, 0x000000008b300000|  0%| F|  |TAMS 0x000000008b200000, 0x000000008b200000| Untracked 
| 179|0x000000008b300000, 0x000000008b300000, 0x000000008b400000|  0%| F|  |TAMS 0x000000008b300000, 0x000000008b300000| Untracked 
| 180|0x000000008b400000, 0x000000008b400000, 0x000000008b500000|  0%| F|  |TAMS 0x000000008b400000, 0x000000008b400000| Untracked 
| 181|0x000000008b500000, 0x000000008b500000, 0x000000008b600000|  0%| F|  |TAMS 0x000000008b500000, 0x000000008b500000| Untracked 
| 182|0x000000008b600000, 0x000000008b600000, 0x000000008b700000|  0%| F|  |TAMS 0x000000008b600000, 0x000000008b600000| Untracked 
| 183|0x000000008b700000, 0x000000008b700000, 0x000000008b800000|  0%| F|  |TAMS 0x000000008b700000, 0x000000008b700000| Untracked 
| 184|0x000000008b800000, 0x000000008b800000, 0x000000008b900000|  0%| F|  |TAMS 0x000000008b800000, 0x000000008b800000| Untracked 
| 185|0x000000008b900000, 0x000000008b900000, 0x000000008ba00000|  0%| F|  |TAMS 0x000000008b900000, 0x000000008b900000| Untracked 
| 186|0x000000008ba00000, 0x000000008ba00000, 0x000000008bb00000|  0%| F|  |TAMS 0x000000008ba00000, 0x000000008ba00000| Untracked 
| 187|0x000000008bb00000, 0x000000008bb00000, 0x000000008bc00000|  0%| F|  |TAMS 0x000000008bb00000, 0x000000008bb00000| Untracked 
| 188|0x000000008bc00000, 0x000000008bc00000, 0x000000008bd00000|  0%| F|  |TAMS 0x000000008bc00000, 0x000000008bc00000| Untracked 
| 189|0x000000008bd00000, 0x000000008bd00000, 0x000000008be00000|  0%| F|  |TAMS 0x000000008bd00000, 0x000000008bd00000| Untracked 
| 190|0x000000008be00000, 0x000000008be00000, 0x000000008bf00000|  0%| F|  |TAMS 0x000000008be00000, 0x000000008be00000| Untracked 
| 191|0x000000008bf00000, 0x000000008bf00000, 0x000000008c000000|  0%| F|  |TAMS 0x000000008bf00000, 0x000000008bf00000| Untracked 
| 192|0x000000008c000000, 0x000000008c000000, 0x000000008c100000|  0%| F|  |TAMS 0x000000008c000000, 0x000000008c000000| Untracked 
| 193|0x000000008c100000, 0x000000008c100000, 0x000000008c200000|  0%| F|  |TAMS 0x000000008c100000, 0x000000008c100000| Untracked 
| 194|0x000000008c200000, 0x000000008c200000, 0x000000008c300000|  0%| F|  |TAMS 0x000000008c200000, 0x000000008c200000| Untracked 
| 195|0x000000008c300000, 0x000000008c300000, 0x000000008c400000|  0%| F|  |TAMS 0x000000008c300000, 0x000000008c300000| Untracked 
| 196|0x000000008c400000, 0x000000008c400000, 0x000000008c500000|  0%| F|  |TAMS 0x000000008c400000, 0x000000008c400000| Untracked 
| 197|0x000000008c500000, 0x000000008c500000, 0x000000008c600000|  0%| F|  |TAMS 0x000000008c500000, 0x000000008c500000| Untracked 
| 198|0x000000008c600000, 0x000000008c600000, 0x000000008c700000|  0%| F|  |TAMS 0x000000008c600000, 0x000000008c600000| Untracked 
| 199|0x000000008c700000, 0x000000008c700000, 0x000000008c800000|  0%| F|  |TAMS 0x000000008c700000, 0x000000008c700000| Untracked 
| 200|0x000000008c800000, 0x000000008c800000, 0x000000008c900000|  0%| F|  |TAMS 0x000000008c800000, 0x000000008c800000| Untracked 
| 201|0x000000008c900000, 0x000000008c900000, 0x000000008ca00000|  0%| F|  |TAMS 0x000000008c900000, 0x000000008c900000| Untracked 
| 202|0x000000008ca00000, 0x000000008ca00000, 0x000000008cb00000|  0%| F|  |TAMS 0x000000008ca00000, 0x000000008ca00000| Untracked 
| 203|0x000000008cb00000, 0x000000008cb00000, 0x000000008cc00000|  0%| F|  |TAMS 0x000000008cb00000, 0x000000008cb00000| Untracked 
| 204|0x000000008cc00000, 0x000000008cc00000, 0x000000008cd00000|  0%| F|  |TAMS 0x000000008cc00000, 0x000000008cc00000| Untracked 
| 205|0x000000008cd00000, 0x000000008cd00000, 0x000000008ce00000|  0%| F|  |TAMS 0x000000008cd00000, 0x000000008cd00000| Untracked 
| 206|0x000000008ce00000, 0x000000008ce00000, 0x000000008cf00000|  0%| F|  |TAMS 0x000000008ce00000, 0x000000008ce00000| Untracked 
| 207|0x000000008cf00000, 0x000000008cf00000, 0x000000008d000000|  0%| F|  |TAMS 0x000000008cf00000, 0x000000008cf00000| Untracked 
| 208|0x000000008d000000, 0x000000008d000000, 0x000000008d100000|  0%| F|  |TAMS 0x000000008d000000, 0x000000008d000000| Untracked 
| 209|0x000000008d100000, 0x000000008d100000, 0x000000008d200000|  0%| F|  |TAMS 0x000000008d100000, 0x000000008d100000| Untracked 
| 210|0x000000008d200000, 0x000000008d200000, 0x000000008d300000|  0%| F|  |TAMS 0x000000008d200000, 0x000000008d200000| Untracked 
| 211|0x000000008d300000, 0x000000008d300000, 0x000000008d400000|  0%| F|  |TAMS 0x000000008d300000, 0x000000008d300000| Untracked 
| 212|0x000000008d400000, 0x000000008d400000, 0x000000008d500000|  0%| F|  |TAMS 0x000000008d400000, 0x000000008d400000| Untracked 
| 213|0x000000008d500000, 0x000000008d500000, 0x000000008d600000|  0%| F|  |TAMS 0x000000008d500000, 0x000000008d500000| Untracked 
| 214|0x000000008d600000, 0x000000008d600000, 0x000000008d700000|  0%| F|  |TAMS 0x000000008d600000, 0x000000008d600000| Untracked 
| 215|0x000000008d700000, 0x000000008d700000, 0x000000008d800000|  0%| F|  |TAMS 0x000000008d700000, 0x000000008d700000| Untracked 
| 216|0x000000008d800000, 0x000000008d800000, 0x000000008d900000|  0%| F|  |TAMS 0x000000008d800000, 0x000000008d800000| Untracked 
| 217|0x000000008d900000, 0x000000008d900000, 0x000000008da00000|  0%| F|  |TAMS 0x000000008d900000, 0x000000008d900000| Untracked 
| 218|0x000000008da00000, 0x000000008da00000, 0x000000008db00000|  0%| F|  |TAMS 0x000000008da00000, 0x000000008da00000| Untracked 
| 219|0x000000008db00000, 0x000000008db00000, 0x000000008dc00000|  0%| F|  |TAMS 0x000000008db00000, 0x000000008db00000| Untracked 
| 220|0x000000008dc00000, 0x000000008dc00000, 0x000000008dd00000|  0%| F|  |TAMS 0x000000008dc00000, 0x000000008dc00000| Untracked 
| 221|0x000000008dd00000, 0x000000008dd00000, 0x000000008de00000|  0%| F|  |TAMS 0x000000008dd00000, 0x000000008dd00000| Untracked 
| 222|0x000000008de00000, 0x000000008de00000, 0x000000008df00000|  0%| F|  |TAMS 0x000000008de00000, 0x000000008de00000| Untracked 
| 223|0x000000008df00000, 0x000000008df938c8, 0x000000008e000000| 57%| S|CS|TAMS 0x000000008df00000, 0x000000008df00000| Complete 
| 224|0x000000008e000000, 0x000000008e100000, 0x000000008e100000|100%| S|CS|TAMS 0x000000008e000000, 0x000000008e000000| Complete 
| 225|0x000000008e100000, 0x000000008e100000, 0x000000008e200000|  0%| F|  |TAMS 0x000000008e100000, 0x000000008e100000| Untracked 
| 226|0x000000008e200000, 0x000000008e200000, 0x000000008e300000|  0%| F|  |TAMS 0x000000008e200000, 0x000000008e200000| Untracked 
| 227|0x000000008e300000, 0x000000008e300000, 0x000000008e400000|  0%| F|  |TAMS 0x000000008e300000, 0x000000008e300000| Untracked 
| 228|0x000000008e400000, 0x000000008e4cfdd8, 0x000000008e500000| 81%| E|  |TAMS 0x000000008e400000, 0x000000008e400000| Complete 
| 229|0x000000008e500000, 0x000000008e600000, 0x000000008e600000|100%| E|CS|TAMS 0x000000008e500000, 0x000000008e500000| Complete 
| 230|0x000000008e600000, 0x000000008e700000, 0x000000008e700000|100%| E|CS|TAMS 0x000000008e600000, 0x000000008e600000| Complete 
| 231|0x000000008e700000, 0x000000008e800000, 0x000000008e800000|100%| E|CS|TAMS 0x000000008e700000, 0x000000008e700000| Complete 
| 232|0x000000008e800000, 0x000000008e900000, 0x000000008e900000|100%| E|CS|TAMS 0x000000008e800000, 0x000000008e800000| Complete 
| 233|0x000000008e900000, 0x000000008ea00000, 0x000000008ea00000|100%| E|CS|TAMS 0x000000008e900000, 0x000000008e900000| Complete 
| 234|0x000000008ea00000, 0x000000008eb00000, 0x000000008eb00000|100%| E|CS|TAMS 0x000000008ea00000, 0x000000008ea00000| Complete 
| 235|0x000000008eb00000, 0x000000008ec00000, 0x000000008ec00000|100%| E|CS|TAMS 0x000000008eb00000, 0x000000008eb00000| Complete 
| 236|0x000000008ec00000, 0x000000008ed00000, 0x000000008ed00000|100%| E|CS|TAMS 0x000000008ec00000, 0x000000008ec00000| Complete 
| 237|0x000000008ed00000, 0x000000008ee00000, 0x000000008ee00000|100%| E|CS|TAMS 0x000000008ed00000, 0x000000008ed00000| Complete 
| 238|0x000000008ee00000, 0x000000008ef00000, 0x000000008ef00000|100%| E|CS|TAMS 0x000000008ee00000, 0x000000008ee00000| Complete 
| 239|0x000000008ef00000, 0x000000008f000000, 0x000000008f000000|100%| E|CS|TAMS 0x000000008ef00000, 0x000000008ef00000| Complete 
| 240|0x000000008f000000, 0x000000008f100000, 0x000000008f100000|100%| E|CS|TAMS 0x000000008f000000, 0x000000008f000000| Complete 
| 241|0x000000008f100000, 0x000000008f200000, 0x000000008f200000|100%| E|CS|TAMS 0x000000008f100000, 0x000000008f100000| Complete 
| 242|0x000000008f200000, 0x000000008f300000, 0x000000008f300000|100%| E|CS|TAMS 0x000000008f200000, 0x000000008f200000| Complete 
| 243|0x000000008f300000, 0x000000008f400000, 0x000000008f400000|100%| E|CS|TAMS 0x000000008f300000, 0x000000008f300000| Complete 
| 244|0x000000008f400000, 0x000000008f500000, 0x000000008f500000|100%| E|CS|TAMS 0x000000008f400000, 0x000000008f400000| Complete 
| 245|0x000000008f500000, 0x000000008f600000, 0x000000008f600000|100%| E|CS|TAMS 0x000000008f500000, 0x000000008f500000| Complete 
| 246|0x000000008f600000, 0x000000008f700000, 0x000000008f700000|100%| E|CS|TAMS 0x000000008f600000, 0x000000008f600000| Complete 
| 247|0x000000008f700000, 0x000000008f800000, 0x000000008f800000|100%| E|CS|TAMS 0x000000008f700000, 0x000000008f700000| Complete 
| 248|0x000000008f800000, 0x000000008f900000, 0x000000008f900000|100%| E|CS|TAMS 0x000000008f800000, 0x000000008f800000| Complete 
| 249|0x000000008f900000, 0x000000008fa00000, 0x000000008fa00000|100%| E|CS|TAMS 0x000000008f900000, 0x000000008f900000| Complete 
| 250|0x000000008fa00000, 0x000000008fb00000, 0x000000008fb00000|100%| E|CS|TAMS 0x000000008fa00000, 0x000000008fa00000| Complete 
| 251|0x000000008fb00000, 0x000000008fc00000, 0x000000008fc00000|100%| E|CS|TAMS 0x000000008fb00000, 0x000000008fb00000| Complete 

Card table byte_map: [0x0000021eeea80000,0x0000021eeee80000] _byte_map_base: 0x0000021eee680000

Marking Bits (Prev, Next): (CMBitMap*) 0x0000021edb882c50, (CMBitMap*) 0x0000021edb882c18
 Prev Bits: [0x0000021ef1280000, 0x0000021ef3280000)
 Next Bits: [0x0000021eef280000, 0x0000021ef1280000)

Polling page: 0x0000021ed97f0000

Metaspace:

Usage:
  Non-class:     22.63 MB capacity,    22.27 MB ( 98%) used,   323.98 KB (  1%) free+waste,    46.31 KB ( <1%) overhead. 
      Class:      3.51 MB capacity,     3.32 MB ( 95%) used,   167.24 KB (  5%) free+waste,    22.94 KB ( <1%) overhead. 
       Both:     26.14 MB capacity,    25.59 MB ( 98%) used,   491.23 KB (  2%) free+waste,    69.25 KB ( <1%) overhead. 

Virtual space:
  Non-class space:       24.00 MB reserved,      22.75 MB ( 95%) committed 
      Class space:        1.00 GB reserved,       3.63 MB ( <1%) committed 
             Both:        1.02 GB reserved,      26.38 MB (  3%) committed 

Chunk freelists:
   Non-Class:  0 bytes
       Class:  24.00 KB
        Both:  24.00 KB

MaxMetaspaceSize: 17179869184.00 GB
CompressedClassSpaceSize: 1.00 GB
Initial GC threshold: 20.80 MB
Current GC threshold: 35.08 MB
CDS: off

CodeHeap 'non-profiled nmethods': size=120000Kb used=1177Kb max_used=1177Kb free=118822Kb
 bounds [0x0000021ee6e20000, 0x0000021ee7090000, 0x0000021eee350000]
CodeHeap 'profiled nmethods': size=120000Kb used=4682Kb max_used=4682Kb free=115317Kb
 bounds [0x0000021edf8f0000, 0x0000021edfd90000, 0x0000021ee6e20000]
CodeHeap 'non-nmethods': size=5760Kb used=1230Kb max_used=1257Kb free=4530Kb
 bounds [0x0000021edf350000, 0x0000021edf5c0000, 0x0000021edf8f0000]
 total_blobs=2698 nmethods=2198 adapters=412
 compilation: enabled
              stopped_count=0, restarted_count=0
 full_count=0

Compilation events (20 events):
Event: 2.915 Thread 0x0000021ef65a3000 2192       3       jdk.internal.loader.AbstractClassLoaderValue::extractValue (17 bytes)
Event: 2.915 Thread 0x0000021ef65a3000 nmethod 2192 0x0000021edfd7ab90 code [0x0000021edfd7ad60, 0x0000021edfd7b0c8]
Event: 2.924 Thread 0x0000021ef65a3000 2194       3       com.google.common.base.CharMatcher$IsEither::matches (22 bytes)
Event: 2.925 Thread 0x0000021ef65a3000 nmethod 2194 0x0000021edfd7b190 code [0x0000021edfd7b340, 0x0000021edfd7b4d8]
Event: 2.926 Thread 0x0000021ef65a3000 2195       3       java.util.Collections$UnmodifiableCollection::size (10 bytes)
Event: 2.927 Thread 0x0000021ef65a3000 nmethod 2195 0x0000021edfd7b590 code [0x0000021edfd7b740, 0x0000021edfd7b908]
Event: 2.927 Thread 0x0000021ef65a3000 2196       3       java.util.Collections$UnmodifiableList::get (11 bytes)
Event: 2.927 Thread 0x0000021ef65a3000 nmethod 2196 0x0000021edfd7ba10 code [0x0000021edfd7bbc0, 0x0000021edfd7bd88]
Event: 2.927 Thread 0x0000021ef65a3000 2197       1       org.gradle.api.internal.file.pattern.EndOfPathMatcher::getMaxSegments (2 bytes)
Event: 2.927 Thread 0x0000021ef65a3000 nmethod 2197 0x0000021ee6f43690 code [0x0000021ee6f43840, 0x0000021ee6f438f8]
Event: 2.927 Thread 0x0000021ef65a3000 2198       3       org.gradle.api.internal.file.pattern.PatternMatcherFactory::compile (117 bytes)
Event: 2.928 Thread 0x0000021ef65a3000 nmethod 2198 0x0000021edfd7be90 code [0x0000021edfd7c140, 0x0000021edfd7cdd8]
Event: 2.940 Thread 0x0000021ef65a3000 2199   !   3       java.util.concurrent.ConcurrentHashMap::putVal (432 bytes)
Event: 2.943 Thread 0x0000021ef65a3000 nmethod 2199 0x0000021edfd7d190 code [0x0000021edfd7d520, 0x0000021edfd7f658]
Event: 2.951 Thread 0x0000021ef65a3000 2200       3       java.lang.invoke.MemberName::<init> (131 bytes)
Event: 2.952 Thread 0x0000021ef65a3000 nmethod 2200 0x0000021edfd80110 code [0x0000021edfd80460, 0x0000021edfd81858]
Event: 2.952 Thread 0x0000021ef65a3000 2201       3       java.lang.invoke.Invokers$Holder::linkToTargetMethod (10 bytes)
Event: 2.953 Thread 0x0000021ef65a3000 nmethod 2201 0x0000021edfd81e10 code [0x0000021edfd81fe0, 0x0000021edfd823f8]
Event: 2.960 Thread 0x0000021ef65a3000 2202       3       java.util.concurrent.locks.ReentrantLock$Sync::tryRelease (45 bytes)
Event: 2.960 Thread 0x0000021ef65a3000 nmethod 2202 0x0000021edfd82510 code [0x0000021edfd826e0, 0x0000021edfd829c8]

GC Heap History (6 events):
Event: 0.660 GC heap before
{Heap before GC invocations=0 (full 0):
 garbage-first heap   total 258048K, used 29696K [0x0000000080000000, 0x0000000100000000)
  region size 1024K, 24 young (24576K), 0 survivors (0K)
 Metaspace       used 9855K, capacity 10054K, committed 10112K, reserved 1058816K
  class space    used 1028K, capacity 1102K, committed 1152K, reserved 1048576K
}
Event: 0.666 GC heap after
{Heap after GC invocations=1 (full 0):
 garbage-first heap   total 258048K, used 9084K [0x0000000080000000, 0x0000000100000000)
  region size 1024K, 3 young (3072K), 3 survivors (3072K)
 Metaspace       used 9855K, capacity 10054K, committed 10112K, reserved 1058816K
  class space    used 1028K, capacity 1102K, committed 1152K, reserved 1048576K
}
Event: 2.180 GC heap before
{Heap before GC invocations=1 (full 0):
 garbage-first heap   total 258048K, used 112508K [0x0000000080000000, 0x0000000100000000)
  region size 1024K, 105 young (107520K), 3 survivors (3072K)
 Metaspace       used 20764K, capacity 21153K, committed 21296K, reserved 1069056K
  class space    used 2560K, capacity 2716K, committed 2816K, reserved 1048576K
}
Event: 2.191 GC heap after
{Heap after GC invocations=2 (full 0):
 garbage-first heap   total 258048K, used 16940K [0x0000000080000000, 0x0000000100000000)
  region size 1024K, 11 young (11264K), 11 survivors (11264K)
 Metaspace       used 20764K, capacity 21153K, committed 21296K, reserved 1069056K
  class space    used 2560K, capacity 2716K, committed 2816K, reserved 1048576K
}
Event: 2.507 GC heap before
{Heap before GC invocations=3 (full 0):
 garbage-first heap   total 258048K, used 44588K [0x0000000080000000, 0x0000000100000000)
  region size 1024K, 38 young (38912K), 11 survivors (11264K)
 Metaspace       used 23430K, capacity 23948K, committed 24192K, reserved 1071104K
  class space    used 2978K, capacity 3163K, committed 3200K, reserved 1048576K
}
Event: 2.517 GC heap after
{Heap after GC invocations=4 (full 0):
 garbage-first heap   total 258048K, used 18723K [0x0000000080000000, 0x0000000100000000)
  region size 1024K, 2 young (2048K), 2 survivors (2048K)
 Metaspace       used 23430K, capacity 23948K, committed 24192K, reserved 1071104K
  class space    used 2978K, capacity 3163K, committed 3200K, reserved 1048576K
}

Deoptimization events (20 events):
Event: 2.285 Thread 0x0000021ef8433000 Uncommon trap: trap_request=0xffffff4d fr.pc=0x0000021ee6f09818 relative=0x0000000000000398
Event: 2.285 Thread 0x0000021ef8433000 Uncommon trap: reason=unstable_if action=reinterpret pc=0x0000021ee6f09818 method=jdk.internal.org.objectweb.asm.Type.getArgumentsAndReturnSizes(Ljava/lang/String;)I @ 88 c2
Event: 2.285 Thread 0x0000021ef8433000 DEOPT PACKING pc=0x0000021ee6f09818 sp=0x00000096859f9600
Event: 2.285 Thread 0x0000021ef8433000 DEOPT UNPACKING pc=0x0000021edf39a1af sp=0x00000096859f9588 mode 2
Event: 2.531 Thread 0x0000021ef8433000 Uncommon trap: trap_request=0xffffff4d fr.pc=0x0000021ee6e719fc relative=0x000000000000023c
Event: 2.531 Thread 0x0000021ef8433000 Uncommon trap: reason=unstable_if action=reinterpret pc=0x0000021ee6e719fc method=java.util.concurrent.ConcurrentHashMap.get(Ljava/lang/Object;)Ljava/lang/Object; @ 76 c2
Event: 2.531 Thread 0x0000021ef8433000 DEOPT PACKING pc=0x0000021ee6e719fc sp=0x00000096859f9640
Event: 2.531 Thread 0x0000021ef8433000 DEOPT UNPACKING pc=0x0000021edf39a1af sp=0x00000096859f95a8 mode 2
Event: 2.783 Thread 0x0000021ef8433000 Uncommon trap: trap_request=0xffffffcc fr.pc=0x0000021ee6f3c2f8 relative=0x00000000000002b8
Event: 2.783 Thread 0x0000021ef8433000 Uncommon trap: reason=intrinsic_or_type_checked_inlining action=make_not_entrant pc=0x0000021ee6f3c2f8 method=java.util.Arrays.copyOf([Ljava/lang/Object;ILjava/lang/Class;)[Ljava/lang/Object; @ 35 c2
Event: 2.783 Thread 0x0000021ef8433000 DEOPT PACKING pc=0x0000021ee6f3c2f8 sp=0x00000096859fa220
Event: 2.783 Thread 0x0000021ef8433000 DEOPT UNPACKING pc=0x0000021edf39a1af sp=0x00000096859fa1b0 mode 2
Event: 2.920 Thread 0x0000021ef8433000 Uncommon trap: trap_request=0xffffff7e fr.pc=0x0000021ee6f3d59c relative=0x000000000000015c
Event: 2.920 Thread 0x0000021ef8433000 Uncommon trap: reason=predicate action=maybe_recompile pc=0x0000021ee6f3d59c method=com.google.common.base.CharMatcher.indexIn(Ljava/lang/CharSequence;I)I @ 19 c2
Event: 2.920 Thread 0x0000021ef8433000 DEOPT PACKING pc=0x0000021ee6f3d59c sp=0x00000096859fb330
Event: 2.920 Thread 0x0000021ef8433000 DEOPT UNPACKING pc=0x0000021edf39a1af sp=0x00000096859fb2c0 mode 2
Event: 2.937 Thread 0x0000021ef8433000 Uncommon trap: trap_request=0xffffff4d fr.pc=0x0000021ee6ed11bc relative=0x000000000000137c
Event: 2.937 Thread 0x0000021ef8433000 Uncommon trap: reason=unstable_if action=reinterpret pc=0x0000021ee6ed11bc method=java.util.concurrent.ConcurrentHashMap.putVal(Ljava/lang/Object;Ljava/lang/Object;Z)Ljava/lang/Object; @ 231 c2
Event: 2.937 Thread 0x0000021ef8433000 DEOPT PACKING pc=0x0000021ee6ed11bc sp=0x00000096859fc5b0
Event: 2.937 Thread 0x0000021ef8433000 DEOPT UNPACKING pc=0x0000021edf39a1af sp=0x00000096859fc530 mode 2

Classes redefined (0 events):
No events

Internal exceptions (20 events):
Event: 1.359 Thread 0x0000021edb841800 Exception <a 'java/lang/NoSuchMethodError'{0x000000008be745b0}: 'java.lang.Object java.lang.invoke.DirectMethodHandle$Holder.invokeStaticInit(java.lang.Object, int, int, int, int)'> (0x000000008be745b0) thrown at [./src/hotspot/share/interpreter/linkResolver.cpp, line 773]
Event: 1.461 Thread 0x0000021edb841800 Exception <a 'java/lang/NoSuchMethodError'{0x000000008bec32e8}: 'java.lang.Object java.lang.invoke.DirectMethodHandle$Holder.invokeStaticInit(java.lang.Object, java.lang.Object, int, int, int, int)'> (0x000000008bec32e8) thrown at [./src/hotspot/share/interpreter/linkResolver.cpp, line 773]
Event: 1.685 Thread 0x0000021edb841800 Exception <a 'java/io/IOException'{0x000000008bb05798}> (0x000000008bb05798) thrown at [./src/hotspot/share/prims/jni.cpp, line 615]
Event: 1.805 Thread 0x0000021ef8433000 Exception <a 'java/lang/NoSuchMethodError'{0x000000008b5ed3c8}: 'long java.lang.invoke.DirectMethodHandle$Holder.invokeInterface(java.lang.Object, java.lang.Object)'> (0x000000008b5ed3c8) thrown at [./src/hotspot/share/interpreter/linkResolver.cpp, line 773]
Event: 1.806 Thread 0x0000021ef8433000 Exception <a 'java/lang/NoSuchMethodError'{0x000000008b5fa468}: 'void java.lang.invoke.DelegatingMethodHandle$Holder.reinvoke_L(java.lang.Object, java.lang.Object, java.lang.Object, java.lang.Object, java.lang.Object, java.lang.Object, java.lang.Object)'> (0x000000008b5fa468) thrown at [./src/hotspot/share/interpreter/linkResolver.cpp, line 773]
Event: 2.069 Thread 0x0000021ef8433000 Exception <a 'java/lang/NoSuchMethodError'{0x00000000899098d8}: 'void java.lang.invoke.DirectMethodHandle$Holder.invokeStaticInit(java.lang.Object)'> (0x00000000899098d8) thrown at [./src/hotspot/share/interpreter/linkResolver.cpp, line 773]
Event: 2.081 Thread 0x0000021ef8433000 Exception <a 'java/lang/NoSuchMethodError'{0x00000000899b6000}: 'java.lang.Object java.lang.invoke.DirectMethodHandle$Holder.invokeStatic(java.lang.Object, java.lang.Object, java.lang.Object, int)'> (0x00000000899b6000) thrown at [./src/hotspot/share/interpreter/linkResolver.cpp, line 773]
Event: 2.082 Thread 0x0000021ef8433000 Exception <a 'java/lang/NoSuchMethodError'{0x00000000899ba718}: 'java.lang.Object java.lang.invoke.DirectMethodHandle$Holder.invokeSpecial(java.lang.Object, java.lang.Object, java.lang.Object, java.lang.Object, int)'> (0x00000000899ba718) thrown at [./src/hotspot/share/interpreter/linkResolver.cpp, line 773]
Event: 2.082 Thread 0x0000021ef8433000 Exception <a 'java/lang/NoSuchMethodError'{0x00000000899be650}: 'java.lang.Object java.lang.invoke.Invokers$Holder.linkToTargetMethod(java.lang.Object, java.lang.Object, int, java.lang.Object)'> (0x00000000899be650) thrown at [./src/hotspot/share/interpreter/linkResolver.cpp, line 773]
Event: 2.213 Thread 0x0000021ef8433000 Exception <a 'java/lang/NoSuchMethodError'{0x000000008fbea700}: 'int java.lang.invoke.DirectMethodHandle$Holder.invokeSpecialIFC(java.lang.Object, java.lang.Object, java.lang.Object, java.lang.Object)'> (0x000000008fbea700) thrown at [./src/hotspot/share/interpreter/linkResolver.cpp, line 773]
Event: 2.216 Thread 0x0000021ef8433000 Exception <a 'java/lang/NoSuchMethodError'{0x000000008fbf86b8}: 'java.lang.Object java.lang.invoke.DirectMethodHandle$Holder.invokeInterface(java.lang.Object, java.lang.Object, java.lang.Object)'> (0x000000008fbf86b8) thrown at [./src/hotspot/share/interpreter/linkResolver.cpp, line 773]
Event: 2.216 Thread 0x0000021ef8433000 Exception <a 'java/lang/IncompatibleClassChangeError'{0x000000008fbfbb90}: Found class java.lang.Object, but interface was expected> (0x000000008fbfbb90) thrown at [./src/hotspot/share/interpreter/linkResolver.cpp, line 839]
Event: 2.376 Thread 0x0000021ef8433000 Exception <a 'java/lang/NoSuchMethodError'{0x000000008efa9868}: 'java.lang.Object java.lang.invoke.DirectMethodHandle$Holder.invokeSpecial(java.lang.Object, java.lang.Object, java.lang.Object, java.lang.Object, java.lang.Object, java.lang.Object, java.lang.Object, java.lang.Object, java.lang.Object)'> (0x000000008efa9868) thrown at [./src/hotspot/share/interpreter/linkResolver.cpp, line 773]
Event: 2.456 Thread 0x0000021ef8433000 Exception <a 'java/lang/NoSuchMethodError'{0x000000008e585dd0}: 'java.lang.Object java.lang.invoke.DirectMethodHandle$Holder.invokeVirtual(java.lang.Object, java.lang.Object, java.lang.Object, java.lang.Object)'> (0x000000008e585dd0) thrown at [./src/hotspot/share/interpreter/linkResolver.cpp, line 773]
Event: 2.581 Thread 0x0000021ef8433000 Exception <a 'java/lang/NoSuchMethodError'{0x000000008f963f10}: 'void java.lang.invoke.DirectMethodHandle$Holder.invokeSpecial(java.lang.Object, java.lang.Object, java.lang.Object, java.lang.Object, java.lang.Object, java.lang.Object)'> (0x000000008f963f10) thrown at [./src/hotspot/share/interpreter/linkResolver.cpp, line 773]
Event: 2.600 Thread 0x0000021ef8433000 Exception <a 'java/lang/NoSuchMethodError'{0x000000008f9d2758}: 'void java.lang.invoke.DirectMethodHandle$Holder.invokeSpecial(java.lang.Object, java.lang.Object, java.lang.Object, java.lang.Object, java.lang.Object, java.lang.Object, java.lang.Object)'> (0x000000008f9d2758) thrown at [./src/hotspot/share/interpreter/linkResolver.cpp, line 773]
Event: 2.600 Thread 0x0000021ef8433000 Exception <a 'java/lang/NoSuchMethodError'{0x000000008f9dac48}: 'java.lang.Object java.lang.invoke.Invokers$Holder.linkToTargetMethod(java.lang.Object, java.lang.Object, java.lang.Object, java.lang.Object, java.lang.Object, java.lang.Object)'> (0x000000008f9dac48) thrown at [./src/hotspot/share/interpreter/linkResolver.cpp, line 773]
Event: 2.712 Thread 0x0000021ef8433000 Exception <a 'java/lang/NoSuchMethodError'{0x000000008ef94cb8}: 'int java.lang.invoke.DirectMethodHandle$Holder.invokeStaticInit(java.lang.Object, java.lang.Object, java.lang.Object)'> (0x000000008ef94cb8) thrown at [./src/hotspot/share/interpreter/linkResolver.cpp, line 773]
Event: 2.828 Thread 0x0000021ef8433000 Exception <a 'java/lang/NoSuchMethodError'{0x000000008eabade0}: 'void java.lang.invoke.DirectMethodHandle$Holder.invokeStaticInit(java.lang.Object, java.lang.Object)'> (0x000000008eabade0) thrown at [./src/hotspot/share/interpreter/linkResolver.cpp, line 773]
Event: 2.951 Thread 0x0000021ef8433000 Exception <a 'java/lang/NoSuchMethodError'{0x000000008e423d88}: 'void java.lang.invoke.DirectMethodHandle$Holder.invokeStatic(java.lang.Object, java.lang.Object, java.lang.Object, java.lang.Object)'> (0x000000008e423d88) thrown at [./src/hotspot/share/interpreter/linkResolver.cpp, line 773]

Events (20 events):
Event: 2.951 loading class org/gradle/internal/watch/registry/impl/DefaultFileWatcherRegistry done
Event: 2.951 loading class org/gradle/internal/watch/registry/FileWatcherRegistry$ChangeHandler
Event: 2.951 loading class org/gradle/internal/watch/registry/FileWatcherRegistry$ChangeHandler done
Event: 2.952 Executing VM operation: RevokeBias
Event: 2.952 Executing VM operation: RevokeBias done
Event: 2.952 loading class org/gradle/internal/watch/registry/FileWatcherRegistry$ChangeHandler
Event: 2.952 loading class org/gradle/internal/watch/registry/FileWatcherRegistry$ChangeHandler done
Event: 2.952 Thread 0x0000021ef86c3800 Thread added: 0x0000021ef86c3800
Event: 2.953 loading class net/rubygrapefruit/platform/internal/FileSystemList
Event: 2.953 loading class net/rubygrapefruit/platform/internal/FileSystemList done
Event: 2.953 loading class net/rubygrapefruit/platform/file/CaseSensitivity
Event: 2.953 loading class net/rubygrapefruit/platform/file/CaseSensitivity done
Event: 2.953 loading class net/rubygrapefruit/platform/internal/jni/PosixFileSystemFunctions
Event: 2.953 loading class net/rubygrapefruit/platform/internal/jni/PosixFileSystemFunctions done
Event: 2.954 loading class net/rubygrapefruit/platform/internal/DefaultFileSystemInfo
Event: 2.954 loading class net/rubygrapefruit/platform/internal/DefaultFileSystemInfo done
Event: 2.954 loading class net/rubygrapefruit/platform/file/FileSystemInfo
Event: 2.954 loading class net/rubygrapefruit/platform/file/FileSystemInfo done
Event: 2.955 loading class net/rubygrapefruit/platform/internal/FileSystemList$DefaultCaseSensitivity
Event: 2.955 loading class net/rubygrapefruit/platform/internal/FileSystemList$DefaultCaseSensitivity done


Dynamic libraries:
0x00007ff7b9740000 - 0x00007ff7b974a000 	C:\Program Files\Android\Android Studio\jre\bin\java.exe
0x00007fff798f0000 - 0x00007fff79ae5000 	C:\Windows\SYSTEM32\ntdll.dll
0x00007fff79650000 - 0x00007fff7970d000 	C:\Windows\System32\KERNEL32.DLL
0x00007fff79380000 - 0x00007fff7964d000 	C:\Windows\System32\KERNELBASE.dll
0x00007fff76fc0000 - 0x00007fff770c0000 	C:\Windows\System32\ucrtbase.dll
0x00007fff669e0000 - 0x00007fff669f7000 	C:\Program Files\Android\Android Studio\jre\bin\VCRUNTIME140.dll
0x00007fff666e0000 - 0x00007fff666f9000 	C:\Program Files\Android\Android Studio\jre\bin\jli.dll
0x00007fff79710000 - 0x00007fff798b0000 	C:\Windows\System32\USER32.dll
0x00007fff770c0000 - 0x00007fff770e2000 	C:\Windows\System32\win32u.dll
0x00007fff4b7d0000 - 0x00007fff4ba6a000 	C:\Windows\WinSxS\amd64_microsoft.windows.common-controls_6595b64144ccf1df_6.0.19041.1110_none_60b5254171f9507e\COMCTL32.dll
0x00007fff78990000 - 0x00007fff789ba000 	C:\Windows\System32\GDI32.dll
0x00007fff77f40000 - 0x00007fff77fde000 	C:\Windows\System32\msvcrt.dll
0x00007fff773b0000 - 0x00007fff774bb000 	C:\Windows\System32\gdi32full.dll
0x00007fff770f0000 - 0x00007fff7718d000 	C:\Windows\System32\msvcp_win.dll
0x00007fff78350000 - 0x00007fff78380000 	C:\Windows\System32\IMM32.DLL
0x00007fff65e90000 - 0x00007fff65f2d000 	C:\Program Files\Android\Android Studio\jre\bin\msvcp140.dll
0x00007fff19080000 - 0x00007fff19b65000 	C:\Program Files\Android\Android Studio\jre\bin\server\jvm.dll
0x00007fff78a80000 - 0x00007fff78b2e000 	C:\Windows\System32\ADVAPI32.dll
0x00007fff782b0000 - 0x00007fff7834c000 	C:\Windows\System32\sechost.dll
0x00007fff79250000 - 0x00007fff79375000 	C:\Windows\System32\RPCRT4.dll
0x00007fff77630000 - 0x00007fff77638000 	C:\Windows\System32\PSAPI.DLL
0x00007fff50050000 - 0x00007fff50059000 	C:\Windows\SYSTEM32\WSOCK32.dll
0x00007fff785c0000 - 0x00007fff7862b000 	C:\Windows\System32\WS2_32.dll
0x00007fff6ffd0000 - 0x00007fff6ffda000 	C:\Windows\SYSTEM32\VERSION.dll
0x00007fff50010000 - 0x00007fff50037000 	C:\Windows\SYSTEM32\WINMM.dll
0x00007fff75960000 - 0x00007fff75972000 	C:\Windows\SYSTEM32\kernel.appcore.dll
0x00007fff70d40000 - 0x00007fff70d51000 	C:\Program Files\Android\Android Studio\jre\bin\verify.dll
0x00007fff754e0000 - 0x00007fff756c4000 	C:\Windows\SYSTEM32\DBGHELP.DLL
0x00007fff6c020000 - 0x00007fff6c04c000 	C:\Windows\SYSTEM32\dbgcore.DLL
0x00007fff775a0000 - 0x00007fff77622000 	C:\Windows\System32\bcryptPrimitives.dll
0x00007fff6f500000 - 0x00007fff6f529000 	C:\Program Files\Android\Android Studio\jre\bin\java.dll
0x00007fff73f90000 - 0x00007fff73f9b000 	C:\Program Files\Android\Android Studio\jre\bin\jimage.dll
0x00007fff6f610000 - 0x00007fff6f628000 	C:\Program Files\Android\Android Studio\jre\bin\zip.dll
0x00007fff77720000 - 0x00007fff77e64000 	C:\Windows\System32\SHELL32.dll
0x00007fff74c20000 - 0x00007fff753b4000 	C:\Windows\SYSTEM32\windows.storage.dll
0x00007fff78630000 - 0x00007fff78984000 	C:\Windows\System32\combase.dll
0x00007fff76a20000 - 0x00007fff76a4c000 	C:\Windows\SYSTEM32\Wldp.dll
0x00007fff781f0000 - 0x00007fff7829d000 	C:\Windows\System32\SHCORE.dll
0x00007fff78060000 - 0x00007fff780b5000 	C:\Windows\System32\shlwapi.dll
0x00007fff76f00000 - 0x00007fff76f1f000 	C:\Windows\SYSTEM32\profapi.dll
0x00007fff6f1b0000 - 0x00007fff6f1ca000 	C:\Program Files\Android\Android Studio\jre\bin\net.dll
0x00007fff73670000 - 0x00007fff7377a000 	C:\Windows\SYSTEM32\WINHTTP.dll
0x00007fff76780000 - 0x00007fff767ea000 	C:\Windows\system32\mswsock.dll
0x00007fff6c4d0000 - 0x00007fff6c4e4000 	C:\Program Files\Android\Android Studio\jre\bin\nio.dll
0x00007fff66bf0000 - 0x00007fff66c17000 	C:\Users\erels\.gradle\native\e1d6ef7f7dcc3fd88c89a11ec53ec762bb8ba0a96d01ffa2cd45eb1d1d8dd5c5\windows-amd64\native-platform.dll
0x00007fff56ef0000 - 0x00007fff57034000 	C:\Users\erels\.gradle\native\5664cfc778a61ccfe75a443a1ab52a65af34e5dc3c78e0209fed803814484fcb\windows-amd64\native-platform-file-events.dll
0x00007fff70dd0000 - 0x00007fff70dda000 	C:\Program Files\Android\Android Studio\jre\bin\management.dll
0x00007fff70d30000 - 0x00007fff70d3d000 	C:\Program Files\Android\Android Studio\jre\bin\management_ext.dll
0x00007fff76970000 - 0x00007fff76988000 	C:\Windows\SYSTEM32\CRYPTSP.dll
0x00007fff76090000 - 0x00007fff760c4000 	C:\Windows\system32\rsaenh.dll
0x00007fff774c0000 - 0x00007fff774e7000 	C:\Windows\System32\bcrypt.dll
0x00007fff76e80000 - 0x00007fff76eae000 	C:\Windows\SYSTEM32\USERENV.dll
0x00007fff76990000 - 0x00007fff7699c000 	C:\Windows\SYSTEM32\CRYPTBASE.dll
0x00007fff76420000 - 0x00007fff7645b000 	C:\Windows\SYSTEM32\IPHLPAPI.DLL
0x00007fff78b30000 - 0x00007fff78b38000 	C:\Windows\System32\NSI.dll
0x00007fff71b10000 - 0x00007fff71b27000 	C:\Windows\SYSTEM32\dhcpcsvc6.DLL
0x00007fff71ab0000 - 0x00007fff71acd000 	C:\Windows\SYSTEM32\dhcpcsvc.DLL
0x00007fff764b0000 - 0x00007fff7657b000 	C:\Windows\SYSTEM32\DNSAPI.dll

dbghelp: loaded successfully - version: 4.0.5 - missing functions: none
symbol engine: initialized successfully - sym options: 0x614 - pdb path: .;C:\Program Files\Android\Android Studio\jre\bin;C:\Windows\SYSTEM32;C:\Windows\WinSxS\amd64_microsoft.windows.common-controls_6595b64144ccf1df_6.0.19041.1110_none_60b5254171f9507e;C:\Program Files\Android\Android Studio\jre\bin\server;C:\Users\erels\.gradle\native\e1d6ef7f7dcc3fd88c89a11ec53ec762bb8ba0a96d01ffa2cd45eb1d1d8dd5c5\windows-amd64;C:\Users\erels\.gradle\native\5664cfc778a61ccfe75a443a1ab52a65af34e5dc3c78e0209fed803814484fcb\windows-amd64

VM Arguments:
jvm_args: --add-opens=java.base/java.util=ALL-UNNAMED --add-opens=java.base/java.lang=ALL-UNNAMED --add-opens=java.base/java.lang.invoke=ALL-UNNAMED --add-opens=java.base/java.util=ALL-UNNAMED --add-opens=java.prefs/java.util.prefs=ALL-UNNAMED --add-opens=java.prefs/java.util.prefs=ALL-UNNAMED --add-opens=java.base/java.nio.charset=ALL-UNNAMED --add-opens=java.base/java.net=ALL-UNNAMED --add-opens=java.base/java.util.concurrent.atomic=ALL-UNNAMED -Xmx2048m -Dfile.encoding=UTF-8 -Duser.country=US -Duser.language=en -Duser.variant 
java_command: org.gradle.launcher.daemon.bootstrap.GradleDaemon 7.3.3
java_class_path (initial): C:\Users\erels\.gradle\wrapper\dists\gradle-7.3.3-bin\6a41zxkdtcxs8rphpq6y0069z\gradle-7.3.3\lib\gradle-launcher-7.3.3.jar
Launcher Type: SUN_STANDARD

[Global flags]
     intx CICompilerCount                          = 4                                         {product} {ergonomic}
     uint ConcGCThreads                            = 2                                         {product} {ergonomic}
     uint G1ConcRefinementThreads                  = 8                                         {product} {ergonomic}
   size_t G1HeapRegionSize                         = 1048576                                   {product} {ergonomic}
    uintx GCDrainStackTargetSize                   = 64                                        {product} {ergonomic}
   size_t InitialHeapSize                          = 264241152                                 {product} {ergonomic}
   size_t MarkStackSize                            = 4194304                                   {product} {ergonomic}
   size_t MaxHeapSize                              = 2147483648                                {product} {command line}
   size_t MaxNewSize                               = 1287651328                                {product} {ergonomic}
   size_t MinHeapDeltaBytes                        = 1048576                                   {product} {ergonomic}
    uintx NonNMethodCodeHeapSize                   = 5836300                                {pd product} {ergonomic}
    uintx NonProfiledCodeHeapSize                  = 122910970                              {pd product} {ergonomic}
    uintx ProfiledCodeHeapSize                     = 122910970                              {pd product} {ergonomic}
    uintx ReservedCodeCacheSize                    = 251658240                              {pd product} {ergonomic}
     bool SegmentedCodeCache                       = true                                      {product} {ergonomic}
     bool UseCompressedClassPointers               = true                                 {lp64_product} {ergonomic}
     bool UseCompressedOops                        = true                                 {lp64_product} {ergonomic}
     bool UseG1GC                                  = true                                      {product} {ergonomic}
     bool UseLargePagesIndividualAllocation        = false                                  {pd product} {ergonomic}

Logging:
Log output configuration:
 #0: stdout all=warning uptime,level,tags
 #1: stderr all=off uptime,level,tags

Environment Variables:
PATH=C:\Windows\system32;C:\Windows;C:\Windows\System32\Wbem;C:\Windows\System32\WindowsPowerShell\v1.0\;C:\Windows\System32\OpenSSH\;C:\Program Files\PuTTY\;C:\Program Files\dotnet\;C:\Users\erels\.dnx\bin;C:\Program Files\Microsoft DNX\Dnvm\;C:\Program Files\Microsoft SQL Server\130\Tools\Binn\;C:\Program Files\Microsoft SQL Server\Client SDK\ODBC\170\Tools\Binn\;C:\Program Files\Microsoft SQL Server\110\Tools\Binn\;C:\Program Files (x86)\Microsoft SDKs\TypeScript\1.0\;C:\Program Files\Microsoft SQL Server\120\Tools\Binn\;C:\Program Files (x86)\dotnet\;C:\Strawberry\c\bin;C:\Strawberry\perl\site\bin;C:\Strawberry\perl\bin;C:\Program Files (x86)\Graphviz 2.28\bin;C:\Program Files (x86)\Microsoft Visual Studio\Shared\Python37_64;C:\ProgramData\Anaconda3\Scripts;C:\ProgramData\Anaconda3\Library\bin;C:\ProgramData\Anaconda3;C:\Program Files\Git\cmd;C:\Program Files\CMake\bin;C:\Program Files (x86)\Microsoft Visual Studio\2017\Professional\VC\Tools\MSVC\14.16.27023\lib\onecore\x86;C:\Program Files (x86)\GitExtensions\;C:\Program Files (x86)\Graphviz 2.28\include;C:\Program Files\Graphviz\bin;C:\Program Files\protoc-3.19.4-win64\bin;C:\Program Files\nodejs\;C:\Users\erels\AppData\Local\Microsoft\WindowsApps;C:\Program Files\JetBrains\PyCharm Community Edition 2021.2.3\bin;;C:\Users\erels\AppData\Roaming\npm;C:\Users\erels\AppData\Local\Programs\Microsoft VS Code\bin
USERNAME=erels
OS=Windows_NT
PROCESSOR_IDENTIFIER=Intel64 Family 6 Model 142 Stepping 12, GenuineIntel



---------------  S Y S T E M  ---------------

OS: Windows 10 , 64 bit Build 19041 (10.0.19041.1706)
OS uptime: 9 days 8:38 hours

CPU:total 8 (initial active 8) (4 cores per cpu, 2 threads per core) family 6 model 142 stepping 12 microcode 0xea, cmov, cx8, fxsr, mmx, sse, sse2, sse3, ssse3, sse4.1, sse4.2, popcnt, avx, avx2, aes, clmul, erms, 3dnowpref, lzcnt, ht, tsc, tscinvbit, bmi1, bmi2, adx, fma

Memory: 4k page, system-wide physical 16049M (1591M free)
TotalPageFile size 20144M (AvailPageFile size 5M)
current process WorkingSet (physical memory assigned to process): 259M, peak: 259M
current process commit charge ("private bytes"): 424M, peak: 426M

vm_info: OpenJDK 64-Bit Server VM (11.0.12+7-b1504.28-7817840) for windows-amd64 JRE (11.0.12+7-b1504.28-7817840), built on Oct 13 2021 22:12:33 by "builder" with MS VC++ 14.0 (VS2015)

END.
