#
# There is insufficient memory for the Java Runtime Environment to continue.
# Native memory allocation (malloc) failed to allocate 1457776 bytes for Chunk::new
# Possible reasons:
#   The system is out of physical RAM or swap space
#   The process is running with CompressedOops enabled, and the Java Heap may be blocking the growth of the native heap
# Possible solutions:
#   Reduce memory load on the system
#   Increase physical memory or swap space
#   Check if swap backing store is full
#   Decrease Java heap size (-Xmx/-Xms)
#   Decrease number of Java threads
#   Decrease Java thread stack sizes (-Xss)
#   Set larger code cache with -XX:ReservedCodeCacheSize=
#   JVM is running with Unscaled Compressed Oops mode in which the Java heap is
#     placed in the first 4GB address space. The Java Heap base address is the
#     maximum limit for the native heap growth. Please use -XX:HeapBaseMinAddress
#     to set the Java Heap base and to place the Java Heap above 4GB virtual address.
# This output file may be truncated or incomplete.
#
#  Out of Memory Error (./src/hotspot/share/memory/arena.cpp:197), pid=18672, tid=33356
#
# JRE version: OpenJDK Runtime Environment (11.0.12+7) (build 11.0.12+7-b1504.28-7817840)
# Java VM: OpenJDK 64-Bit Server VM (11.0.12+7-b1504.28-7817840, mixed mode, tiered, compressed oops, g1 gc, windows-amd64)
# No core dump will be written. Minidumps are not enabled by default on client versions of Windows
#

---------------  S U M M A R Y ------------

Command Line: --add-opens=java.base/java.util=ALL-UNNAMED --add-opens=java.base/java.lang=ALL-UNNAMED --add-opens=java.base/java.lang.invoke=ALL-UNNAMED --add-opens=java.base/java.util=ALL-UNNAMED --add-opens=java.prefs/java.util.prefs=ALL-UNNAMED --add-opens=java.prefs/java.util.prefs=ALL-UNNAMED --add-opens=java.base/java.nio.charset=ALL-UNNAMED --add-opens=java.base/java.net=ALL-UNNAMED --add-opens=java.base/java.util.concurrent.atomic=ALL-UNNAMED -Xmx2048m -Dfile.encoding=UTF-8 -Duser.country=US -Duser.language=en -Duser.variant org.gradle.launcher.daemon.bootstrap.GradleDaemon 7.3.3

Host: Intel(R) Core(TM) i7-10610U CPU @ 1.80GHz, 8 cores, 15G,  Windows 10 , 64 bit Build 19041 (10.0.19041.1706)
Time: Thu May 26 18:18:38 2022 Jerusalem Daylight Time elapsed time: 14.054568 seconds (0d 0h 0m 14s)

---------------  T H R E A D  ---------------

Current thread (0x000001da9bdf2800):  JavaThread "C2 CompilerThread2" daemon [_thread_in_native, id=33356, stack(0x000000a8f7200000,0x000000a8f7300000)]


Current CompileTask:
C2:  14054 3649       4       java.net.URLClassLoader$1::run (5 bytes)

Stack: [0x000000a8f7200000,0x000000a8f7300000]
Native frames: (J=compiled Java code, j=interpreted, Vv=VM code, C=native code)
V  [jvm.dll+0x5fbcea]
V  [jvm.dll+0x731905]
V  [jvm.dll+0x732f1d]
V  [jvm.dll+0x7335d3]
V  [jvm.dll+0x247bf8]
V  [jvm.dll+0xc018c]
V  [jvm.dll+0xc06cc]
V  [jvm.dll+0x35b31d]
V  [jvm.dll+0x19d0bc]
V  [jvm.dll+0x20070e]
V  [jvm.dll+0x1ff794]
V  [jvm.dll+0x18868c]
V  [jvm.dll+0x20e0d7]
V  [jvm.dll+0x20c901]
V  [jvm.dll+0x6f9b7f]
V  [jvm.dll+0x6f26a5]
V  [jvm.dll+0x5fabf6]
C  [ucrtbase.dll+0x21bb2]
C  [KERNEL32.DLL+0x17034]
C  [ntdll.dll+0x52651]


---------------  P R O C E S S  ---------------

Threads class SMR info:
_java_thread_list=0x000001da9d3a8290, length=37, elements={
0x000001dafd4c5800, 0x000001daff794000, 0x000001daff795000, 0x000001daff7f9000,
0x000001daff7fa000, 0x000001daff7fc000, 0x000001daff802000, 0x000001daff804000,
0x000001daff80d000, 0x000001daff984000, 0x000001da9b68e000, 0x000001da9b68d800,
0x000001da9a5cd000, 0x000001da99eba000, 0x000001da99eba800, 0x000001da9a879000,
0x000001da9a87a000, 0x000001da9adcf800, 0x000001da9b413000, 0x000001da9b413800,
0x000001da9b414800, 0x000001da9b411000, 0x000001da9b415000, 0x000001da9b416000,
0x000001da9b410800, 0x000001da9b417000, 0x000001da9b412000, 0x000001da98a98800,
0x000001da9d47c800, 0x000001da98a94800, 0x000001da98a99800, 0x000001da9bdf2800,
0x000001da98a9b000, 0x000001da98a95800, 0x000001da98a9c000, 0x000001da98a9c800,
0x000001da98a97800
}

Java Threads: ( => current thread )
  0x000001dafd4c5800 JavaThread "main" [_thread_blocked, id=37484, stack(0x000000a8f4400000,0x000000a8f4500000)]
  0x000001daff794000 JavaThread "Reference Handler" daemon [_thread_blocked, id=28768, stack(0x000000a8f4b00000,0x000000a8f4c00000)]
  0x000001daff795000 JavaThread "Finalizer" daemon [_thread_blocked, id=21076, stack(0x000000a8f4c00000,0x000000a8f4d00000)]
  0x000001daff7f9000 JavaThread "Signal Dispatcher" daemon [_thread_blocked, id=29976, stack(0x000000a8f4d00000,0x000000a8f4e00000)]
  0x000001daff7fa000 JavaThread "Attach Listener" daemon [_thread_blocked, id=26656, stack(0x000000a8f4e00000,0x000000a8f4f00000)]
  0x000001daff7fc000 JavaThread "Service Thread" daemon [_thread_blocked, id=37572, stack(0x000000a8f4f00000,0x000000a8f5000000)]
  0x000001daff802000 JavaThread "C2 CompilerThread0" daemon [_thread_in_native, id=10888, stack(0x000000a8f5000000,0x000000a8f5100000)]
  0x000001daff804000 JavaThread "C1 CompilerThread0" daemon [_thread_in_native, id=21676, stack(0x000000a8f5100000,0x000000a8f5200000)]
  0x000001daff80d000 JavaThread "Sweeper thread" daemon [_thread_blocked, id=23436, stack(0x000000a8f5200000,0x000000a8f5300000)]
  0x000001daff984000 JavaThread "Common-Cleaner" daemon [_thread_blocked, id=34432, stack(0x000000a8f5300000,0x000000a8f5400000)]
  0x000001da9b68e000 JavaThread "Daemon health stats" [_thread_blocked, id=15436, stack(0x000000a8f5c00000,0x000000a8f5d00000)]
  0x000001da9b68d800 JavaThread "Incoming local TCP Connector on port 49384" [_thread_in_native, id=38676, stack(0x000000a8f5b00000,0x000000a8f5c00000)]
  0x000001da9a5cd000 JavaThread "Daemon periodic checks" [_thread_blocked, id=19032, stack(0x000000a8f5d00000,0x000000a8f5e00000)]
  0x000001da99eba000 JavaThread "Daemon" [_thread_blocked, id=31740, stack(0x000000a8f5e00000,0x000000a8f5f00000)]
  0x000001da99eba800 JavaThread "Handler for socket connection from /127.0.0.1:49384 to /127.0.0.1:49385" [_thread_in_native, id=42272, stack(0x000000a8f5f00000,0x000000a8f6000000)]
  0x000001da9a879000 JavaThread "Cancel handler" [_thread_blocked, id=33844, stack(0x000000a8f5500000,0x000000a8f5600000)]
  0x000001da9a87a000 JavaThread "Daemon worker" [_thread_in_Java, id=22672, stack(0x000000a8f6000000,0x000000a8f6100000)]
  0x000001da9adcf800 JavaThread "Asynchronous log dispatcher for DefaultDaemonConnection: socket connection from /127.0.0.1:49384 to /127.0.0.1:49385" [_thread_blocked, id=18944, stack(0x000000a8f6100000,0x000000a8f6200000)]
  0x000001da9b413000 JavaThread "Stdin handler" [_thread_blocked, id=4024, stack(0x000000a8f6200000,0x000000a8f6300000)]
  0x000001da9b413800 JavaThread "Daemon client event forwarder" [_thread_blocked, id=26040, stack(0x000000a8f6300000,0x000000a8f6400000)]
  0x000001da9b414800 JavaThread "Cache worker for journal cache (C:\Users\erels\.gradle\caches\journal-1)" [_thread_blocked, id=20428, stack(0x000000a8f6400000,0x000000a8f6500000)]
  0x000001da9b411000 JavaThread "File lock request listener" [_thread_in_native, id=29596, stack(0x000000a8f6500000,0x000000a8f6600000)]
  0x000001da9b415000 JavaThread "Cache worker for file hash cache (C:\Users\erels\.gradle\caches\7.3.3\fileHashes)" [_thread_blocked, id=17924, stack(0x000000a8f6600000,0x000000a8f6700000)]
  0x000001da9b416000 JavaThread "Cache worker for file hash cache (C:\Users\erels\AndroidStudioProjects\CountDownTimer\.gradle\7.3.3\fileHashes)" [_thread_blocked, id=17200, stack(0x000000a8f6b00000,0x000000a8f6c00000)]
  0x000001da9b410800 JavaThread "File watcher server" daemon [_thread_in_native, id=34056, stack(0x000000a8f6c00000,0x000000a8f6d00000)]
  0x000001da9b417000 JavaThread "File watcher consumer" daemon [_thread_blocked, id=16804, stack(0x000000a8f6d00000,0x000000a8f6e00000)]
  0x000001da9b412000 JavaThread "Cache worker for checksums cache (C:\Users\erels\AndroidStudioProjects\CountDownTimer\.gradle\7.3.3\checksums)" [_thread_blocked, id=18324, stack(0x000000a8f6a00000,0x000000a8f6b00000)]
  0x000001da98a98800 JavaThread "Cache worker for cache directory md-supplier (C:\Users\erels\.gradle\caches\7.3.3\md-supplier)" [_thread_blocked, id=37676, stack(0x000000a8f6e00000,0x000000a8f6f00000)]
  0x000001da9d47c800 JavaThread "C2 CompilerThread1" daemon [_thread_in_native, id=21548, stack(0x000000a8f6f00000,0x000000a8f7000000)]
  0x000001da98a94800 JavaThread "Cache worker for cache directory md-rule (C:\Users\erels\.gradle\caches\7.3.3\md-rule)" [_thread_blocked, id=12552, stack(0x000000a8f7000000,0x000000a8f7100000)]
  0x000001da98a99800 JavaThread "Cache worker for execution history cache (C:\Users\erels\.gradle\caches\7.3.3\executionHistory)" [_thread_blocked, id=23980, stack(0x000000a8f7100000,0x000000a8f7200000)]
=>0x000001da9bdf2800 JavaThread "C2 CompilerThread2" daemon [_thread_in_native, id=33356, stack(0x000000a8f7200000,0x000000a8f7300000)]
  0x000001da98a9b000 JavaThread "jar transforms" [_thread_blocked, id=41196, stack(0x000000a8f7300000,0x000000a8f7400000)]
  0x000001da98a95800 JavaThread "Cache worker for file content cache (C:\Users\erels\.gradle\caches\7.3.3\fileContent)" [_thread_blocked, id=32652, stack(0x000000a8f7400000,0x000000a8f7500000)]
  0x000001da98a9c000 JavaThread "jar transforms Thread 2" [_thread_blocked, id=7972, stack(0x000000a8f7500000,0x000000a8f7600000)]
  0x000001da98a9c800 JavaThread "Cache worker for dependencies-accessors (C:\Users\erels\AndroidStudioProjects\CountDownTimer\.gradle\7.3.3\dependencies-accessors)" [_thread_blocked, id=23280, stack(0x000000a8f7600000,0x000000a8f7700000)]
  0x000001da98a97800 JavaThread "jar transforms Thread 3" [_thread_blocked, id=29316, stack(0x000000a8f7700000,0x000000a8f7800000)]

Other Threads:
  0x000001daff78d800 VMThread "VM Thread" [stack: 0x000000a8f4a00000,0x000000a8f4b00000] [id=21508]
  0x000001daff9a2000 WatcherThread [stack: 0x000000a8f5400000,0x000000a8f5500000] [id=21852]
  0x000001dafd4da000 GCTaskThread "GC Thread#0" [stack: 0x000000a8f4500000,0x000000a8f4600000] [id=19832]
  0x000001da9949a800 GCTaskThread "GC Thread#1" [stack: 0x000000a8f5600000,0x000000a8f5700000] [id=28424]
  0x000001da99467000 GCTaskThread "GC Thread#2" [stack: 0x000000a8f5700000,0x000000a8f5800000] [id=10164]
  0x000001da98d17800 GCTaskThread "GC Thread#3" [stack: 0x000000a8f5800000,0x000000a8f5900000] [id=33324]
  0x000001da994fc000 GCTaskThread "GC Thread#4" [stack: 0x000000a8f5900000,0x000000a8f5a00000] [id=10484]
  0x000001da995cb800 GCTaskThread "GC Thread#5" [stack: 0x000000a8f5a00000,0x000000a8f5b00000] [id=3668]
  0x000001da9ac87800 GCTaskThread "GC Thread#6" [stack: 0x000000a8f6700000,0x000000a8f6800000] [id=36168]
  0x000001da9bc09000 GCTaskThread "GC Thread#7" [stack: 0x000000a8f6800000,0x000000a8f6900000] [id=44664]
  0x000001dafd50b000 ConcurrentGCThread "G1 Main Marker" [stack: 0x000000a8f4600000,0x000000a8f4700000] [id=23708]
  0x000001dafd50c800 ConcurrentGCThread "G1 Conc#0" [stack: 0x000000a8f4700000,0x000000a8f4800000] [id=26692]
  0x000001da9bbf5000 ConcurrentGCThread "G1 Conc#1" [stack: 0x000000a8f6900000,0x000000a8f6a00000] [id=15228]
  0x000001dafd59e000 ConcurrentGCThread "G1 Refine#0" [stack: 0x000000a8f4800000,0x000000a8f4900000] [id=36960]
  0x000001dafeddc800 ConcurrentGCThread "G1 Young RemSet Sampling" [stack: 0x000000a8f4900000,0x000000a8f4a00000] [id=41732]

Threads with active compile tasks:
C2 CompilerThread0  14095 3743   !   4       java.util.zip.ZipFile::getInputStream (323 bytes)
C2 CompilerThread1  14095 3650   !   4       java.net.URLClassLoader$1::run (63 bytes)
C2 CompilerThread2  14096 3649       4       java.net.URLClassLoader$1::run (5 bytes)

VM state:not at safepoint (normal execution)

VM Mutex/Monitor currently owned by a thread: None

Heap address: 0x0000000080000000, size: 2048 MB, Compressed Oops mode: 32-bit
Narrow klass base: 0x0000000000000000, Narrow klass shift: 3
Compressed class space size: 1073741824 Address: 0x0000000100000000

Heap:
 garbage-first heap   total 258048K, used 129396K [0x0000000080000000, 0x0000000100000000)
  region size 1024K, 109 young (111616K), 6 survivors (6144K)
 Metaspace       used 44165K, capacity 45131K, committed 45260K, reserved 1089536K
  class space    used 5653K, capacity 6020K, committed 6144K, reserved 1048576K
Heap Regions: E=young(eden), S=young(survivor), O=old, HS=humongous(starts), HC=humongous(continues), CS=collection set, F=free, A=archive, TAMS=top-at-mark-start (previous, next)
|   0|0x0000000080000000, 0x0000000080100000, 0x0000000080100000|100%| O|  |TAMS 0x0000000080100000, 0x0000000080000000| Untracked 
|   1|0x0000000080100000, 0x0000000080200000, 0x0000000080200000|100%| O|  |TAMS 0x0000000080200000, 0x0000000080100000| Untracked 
|   2|0x0000000080200000, 0x0000000080300000, 0x0000000080300000|100%| O|  |TAMS 0x0000000080300000, 0x0000000080200000| Untracked 
|   3|0x0000000080300000, 0x0000000080400000, 0x0000000080400000|100%|HS|  |TAMS 0x0000000080400000, 0x0000000080300000| Complete 
|   4|0x0000000080400000, 0x0000000080500000, 0x0000000080500000|100%|HC|  |TAMS 0x0000000080500000, 0x0000000080400000| Complete 
|   5|0x0000000080500000, 0x0000000080600000, 0x0000000080600000|100%|HC|  |TAMS 0x0000000080600000, 0x0000000080500000| Complete 
|   6|0x0000000080600000, 0x0000000080700000, 0x0000000080700000|100%| O|  |TAMS 0x0000000080700000, 0x0000000080600000| Untracked 
|   7|0x0000000080700000, 0x0000000080800000, 0x0000000080800000|100%| O|  |TAMS 0x0000000080800000, 0x0000000080700000| Untracked 
|   8|0x0000000080800000, 0x0000000080900000, 0x0000000080900000|100%| O|  |TAMS 0x0000000080900000, 0x0000000080800000| Untracked 
|   9|0x0000000080900000, 0x0000000080a00000, 0x0000000080a00000|100%| O|  |TAMS 0x0000000080a00000, 0x0000000080900000| Untracked 
|  10|0x0000000080a00000, 0x0000000080b00000, 0x0000000080b00000|100%| O|  |TAMS 0x0000000080b00000, 0x0000000080a00000| Untracked 
|  11|0x0000000080b00000, 0x0000000080c00000, 0x0000000080c00000|100%| O|  |TAMS 0x0000000080c00000, 0x0000000080b00000| Untracked 
|  12|0x0000000080c00000, 0x0000000080d00000, 0x0000000080d00000|100%| O|  |TAMS 0x0000000080d00000, 0x0000000080c00000| Untracked 
|  13|0x0000000080d00000, 0x0000000080e00000, 0x0000000080e00000|100%| O|  |TAMS 0x0000000080e00000, 0x0000000080d00000| Untracked 
|  14|0x0000000080e00000, 0x0000000080f00000, 0x0000000080f00000|100%| O|  |TAMS 0x0000000080f00000, 0x0000000080e00000| Untracked 
|  15|0x0000000080f00000, 0x0000000081000000, 0x0000000081000000|100%| O|  |TAMS 0x0000000081000000, 0x0000000080f00000| Untracked 
|  16|0x0000000081000000, 0x000000008101fc00, 0x0000000081100000| 12%| O|  |TAMS 0x000000008101fc00, 0x0000000081000000| Untracked 
|  17|0x0000000081100000, 0x0000000081200000, 0x0000000081200000|100%|HS|  |TAMS 0x0000000081100000, 0x0000000081100000| Complete 
|  18|0x0000000081200000, 0x0000000081300000, 0x0000000081300000|100%|HS|  |TAMS 0x0000000081200000, 0x0000000081200000| Complete 
|  19|0x0000000081300000, 0x0000000081400000, 0x0000000081400000|100%|HC|  |TAMS 0x0000000081300000, 0x0000000081300000| Complete 
|  20|0x0000000081400000, 0x0000000081500000, 0x0000000081500000|100%|HS|  |TAMS 0x0000000081400000, 0x0000000081400000| Complete 
|  21|0x0000000081500000, 0x0000000081500000, 0x0000000081600000|  0%| F|  |TAMS 0x0000000081500000, 0x0000000081500000| Untracked 
|  22|0x0000000081600000, 0x0000000081600000, 0x0000000081700000|  0%| F|  |TAMS 0x0000000081600000, 0x0000000081600000| Untracked 
|  23|0x0000000081700000, 0x0000000081700000, 0x0000000081800000|  0%| F|  |TAMS 0x0000000081700000, 0x0000000081700000| Untracked 
|  24|0x0000000081800000, 0x0000000081800000, 0x0000000081900000|  0%| F|  |TAMS 0x0000000081800000, 0x0000000081800000| Untracked 
|  25|0x0000000081900000, 0x0000000081900000, 0x0000000081a00000|  0%| F|  |TAMS 0x0000000081900000, 0x0000000081900000| Untracked 
|  26|0x0000000081a00000, 0x0000000081a00000, 0x0000000081b00000|  0%| F|  |TAMS 0x0000000081a00000, 0x0000000081a00000| Untracked 
|  27|0x0000000081b00000, 0x0000000081b00000, 0x0000000081c00000|  0%| F|  |TAMS 0x0000000081b00000, 0x0000000081b00000| Untracked 
|  28|0x0000000081c00000, 0x0000000081c00000, 0x0000000081d00000|  0%| F|  |TAMS 0x0000000081c00000, 0x0000000081c00000| Untracked 
|  29|0x0000000081d00000, 0x0000000081d00000, 0x0000000081e00000|  0%| F|  |TAMS 0x0000000081d00000, 0x0000000081d00000| Untracked 
|  30|0x0000000081e00000, 0x0000000081e00000, 0x0000000081f00000|  0%| F|  |TAMS 0x0000000081e00000, 0x0000000081e00000| Untracked 
|  31|0x0000000081f00000, 0x0000000081f00000, 0x0000000082000000|  0%| F|  |TAMS 0x0000000081f00000, 0x0000000081f00000| Untracked 
|  32|0x0000000082000000, 0x0000000082000000, 0x0000000082100000|  0%| F|  |TAMS 0x0000000082000000, 0x0000000082000000| Untracked 
|  33|0x0000000082100000, 0x0000000082100000, 0x0000000082200000|  0%| F|  |TAMS 0x0000000082100000, 0x0000000082100000| Untracked 
|  34|0x0000000082200000, 0x0000000082200000, 0x0000000082300000|  0%| F|  |TAMS 0x0000000082200000, 0x0000000082200000| Untracked 
|  35|0x0000000082300000, 0x0000000082300000, 0x0000000082400000|  0%| F|  |TAMS 0x0000000082300000, 0x0000000082300000| Untracked 
|  36|0x0000000082400000, 0x0000000082400000, 0x0000000082500000|  0%| F|  |TAMS 0x0000000082400000, 0x0000000082400000| Untracked 
|  37|0x0000000082500000, 0x0000000082500000, 0x0000000082600000|  0%| F|  |TAMS 0x0000000082500000, 0x0000000082500000| Untracked 
|  38|0x0000000082600000, 0x0000000082600000, 0x0000000082700000|  0%| F|  |TAMS 0x0000000082600000, 0x0000000082600000| Untracked 
|  39|0x0000000082700000, 0x0000000082700000, 0x0000000082800000|  0%| F|  |TAMS 0x0000000082700000, 0x0000000082700000| Untracked 
|  40|0x0000000082800000, 0x0000000082800000, 0x0000000082900000|  0%| F|  |TAMS 0x0000000082800000, 0x0000000082800000| Untracked 
|  41|0x0000000082900000, 0x0000000082900000, 0x0000000082a00000|  0%| F|  |TAMS 0x0000000082900000, 0x0000000082900000| Untracked 
|  42|0x0000000082a00000, 0x0000000082a00000, 0x0000000082b00000|  0%| F|  |TAMS 0x0000000082a00000, 0x0000000082a00000| Untracked 
|  43|0x0000000082b00000, 0x0000000082b00000, 0x0000000082c00000|  0%| F|  |TAMS 0x0000000082b00000, 0x0000000082b00000| Untracked 
|  44|0x0000000082c00000, 0x0000000082c00000, 0x0000000082d00000|  0%| F|  |TAMS 0x0000000082c00000, 0x0000000082c00000| Untracked 
|  45|0x0000000082d00000, 0x0000000082d00000, 0x0000000082e00000|  0%| F|  |TAMS 0x0000000082d00000, 0x0000000082d00000| Untracked 
|  46|0x0000000082e00000, 0x0000000082e00000, 0x0000000082f00000|  0%| F|  |TAMS 0x0000000082e00000, 0x0000000082e00000| Untracked 
|  47|0x0000000082f00000, 0x0000000082f00000, 0x0000000083000000|  0%| F|  |TAMS 0x0000000082f00000, 0x0000000082f00000| Untracked 
|  48|0x0000000083000000, 0x0000000083000000, 0x0000000083100000|  0%| F|  |TAMS 0x0000000083000000, 0x0000000083000000| Untracked 
|  49|0x0000000083100000, 0x0000000083100000, 0x0000000083200000|  0%| F|  |TAMS 0x0000000083100000, 0x0000000083100000| Untracked 
|  50|0x0000000083200000, 0x0000000083200000, 0x0000000083300000|  0%| F|  |TAMS 0x0000000083200000, 0x0000000083200000| Untracked 
|  51|0x0000000083300000, 0x0000000083300000, 0x0000000083400000|  0%| F|  |TAMS 0x0000000083300000, 0x0000000083300000| Untracked 
|  52|0x0000000083400000, 0x0000000083400000, 0x0000000083500000|  0%| F|  |TAMS 0x0000000083400000, 0x0000000083400000| Untracked 
|  53|0x0000000083500000, 0x0000000083500000, 0x0000000083600000|  0%| F|  |TAMS 0x0000000083500000, 0x0000000083500000| Untracked 
|  54|0x0000000083600000, 0x0000000083600000, 0x0000000083700000|  0%| F|  |TAMS 0x0000000083600000, 0x0000000083600000| Untracked 
|  55|0x0000000083700000, 0x0000000083700000, 0x0000000083800000|  0%| F|  |TAMS 0x0000000083700000, 0x0000000083700000| Untracked 
|  56|0x0000000083800000, 0x0000000083800000, 0x0000000083900000|  0%| F|  |TAMS 0x0000000083800000, 0x0000000083800000| Untracked 
|  57|0x0000000083900000, 0x0000000083900000, 0x0000000083a00000|  0%| F|  |TAMS 0x0000000083900000, 0x0000000083900000| Untracked 
|  58|0x0000000083a00000, 0x0000000083a00000, 0x0000000083b00000|  0%| F|  |TAMS 0x0000000083a00000, 0x0000000083a00000| Untracked 
|  59|0x0000000083b00000, 0x0000000083b00000, 0x0000000083c00000|  0%| F|  |TAMS 0x0000000083b00000, 0x0000000083b00000| Untracked 
|  60|0x0000000083c00000, 0x0000000083c00000, 0x0000000083d00000|  0%| F|  |TAMS 0x0000000083c00000, 0x0000000083c00000| Untracked 
|  61|0x0000000083d00000, 0x0000000083d00000, 0x0000000083e00000|  0%| F|  |TAMS 0x0000000083d00000, 0x0000000083d00000| Untracked 
|  62|0x0000000083e00000, 0x0000000083e00000, 0x0000000083f00000|  0%| F|  |TAMS 0x0000000083e00000, 0x0000000083e00000| Untracked 
|  63|0x0000000083f00000, 0x0000000083f00000, 0x0000000084000000|  0%| F|  |TAMS 0x0000000083f00000, 0x0000000083f00000| Untracked 
|  64|0x0000000084000000, 0x0000000084000000, 0x0000000084100000|  0%| F|  |TAMS 0x0000000084000000, 0x0000000084000000| Untracked 
|  65|0x0000000084100000, 0x0000000084100000, 0x0000000084200000|  0%| F|  |TAMS 0x0000000084100000, 0x0000000084100000| Untracked 
|  66|0x0000000084200000, 0x0000000084200000, 0x0000000084300000|  0%| F|  |TAMS 0x0000000084200000, 0x0000000084200000| Untracked 
|  67|0x0000000084300000, 0x0000000084300000, 0x0000000084400000|  0%| F|  |TAMS 0x0000000084300000, 0x0000000084300000| Untracked 
|  68|0x0000000084400000, 0x0000000084400000, 0x0000000084500000|  0%| F|  |TAMS 0x0000000084400000, 0x0000000084400000| Untracked 
|  69|0x0000000084500000, 0x0000000084500000, 0x0000000084600000|  0%| F|  |TAMS 0x0000000084500000, 0x0000000084500000| Untracked 
|  70|0x0000000084600000, 0x0000000084600000, 0x0000000084700000|  0%| F|  |TAMS 0x0000000084600000, 0x0000000084600000| Untracked 
|  71|0x0000000084700000, 0x0000000084700000, 0x0000000084800000|  0%| F|  |TAMS 0x0000000084700000, 0x0000000084700000| Untracked 
|  72|0x0000000084800000, 0x0000000084800000, 0x0000000084900000|  0%| F|  |TAMS 0x0000000084800000, 0x0000000084800000| Untracked 
|  73|0x0000000084900000, 0x0000000084900000, 0x0000000084a00000|  0%| F|  |TAMS 0x0000000084900000, 0x0000000084900000| Untracked 
|  74|0x0000000084a00000, 0x0000000084a00000, 0x0000000084b00000|  0%| F|  |TAMS 0x0000000084a00000, 0x0000000084a00000| Untracked 
|  75|0x0000000084b00000, 0x0000000084b00000, 0x0000000084c00000|  0%| F|  |TAMS 0x0000000084b00000, 0x0000000084b00000| Untracked 
|  76|0x0000000084c00000, 0x0000000084c00000, 0x0000000084d00000|  0%| F|  |TAMS 0x0000000084c00000, 0x0000000084c00000| Untracked 
|  77|0x0000000084d00000, 0x0000000084d00000, 0x0000000084e00000|  0%| F|  |TAMS 0x0000000084d00000, 0x0000000084d00000| Untracked 
|  78|0x0000000084e00000, 0x0000000084e00000, 0x0000000084f00000|  0%| F|  |TAMS 0x0000000084e00000, 0x0000000084e00000| Untracked 
|  79|0x0000000084f00000, 0x0000000084f00000, 0x0000000085000000|  0%| F|  |TAMS 0x0000000084f00000, 0x0000000084f00000| Untracked 
|  80|0x0000000085000000, 0x0000000085000000, 0x0000000085100000|  0%| F|  |TAMS 0x0000000085000000, 0x0000000085000000| Untracked 
|  81|0x0000000085100000, 0x0000000085100000, 0x0000000085200000|  0%| F|  |TAMS 0x0000000085100000, 0x0000000085100000| Untracked 
|  82|0x0000000085200000, 0x0000000085200000, 0x0000000085300000|  0%| F|  |TAMS 0x0000000085200000, 0x0000000085200000| Untracked 
|  83|0x0000000085300000, 0x0000000085300000, 0x0000000085400000|  0%| F|  |TAMS 0x0000000085300000, 0x0000000085300000| Untracked 
|  84|0x0000000085400000, 0x0000000085400000, 0x0000000085500000|  0%| F|  |TAMS 0x0000000085400000, 0x0000000085400000| Untracked 
|  85|0x0000000085500000, 0x0000000085500000, 0x0000000085600000|  0%| F|  |TAMS 0x0000000085500000, 0x0000000085500000| Untracked 
|  86|0x0000000085600000, 0x0000000085600000, 0x0000000085700000|  0%| F|  |TAMS 0x0000000085600000, 0x0000000085600000| Untracked 
|  87|0x0000000085700000, 0x0000000085700000, 0x0000000085800000|  0%| F|  |TAMS 0x0000000085700000, 0x0000000085700000| Untracked 
|  88|0x0000000085800000, 0x0000000085800000, 0x0000000085900000|  0%| F|  |TAMS 0x0000000085800000, 0x0000000085800000| Untracked 
|  89|0x0000000085900000, 0x0000000085900000, 0x0000000085a00000|  0%| F|  |TAMS 0x0000000085900000, 0x0000000085900000| Untracked 
|  90|0x0000000085a00000, 0x0000000085a00000, 0x0000000085b00000|  0%| F|  |TAMS 0x0000000085a00000, 0x0000000085a00000| Untracked 
|  91|0x0000000085b00000, 0x0000000085b00000, 0x0000000085c00000|  0%| F|  |TAMS 0x0000000085b00000, 0x0000000085b00000| Untracked 
|  92|0x0000000085c00000, 0x0000000085c00000, 0x0000000085d00000|  0%| F|  |TAMS 0x0000000085c00000, 0x0000000085c00000| Untracked 
|  93|0x0000000085d00000, 0x0000000085d00000, 0x0000000085e00000|  0%| F|  |TAMS 0x0000000085d00000, 0x0000000085d00000| Untracked 
|  94|0x0000000085e00000, 0x0000000085e00000, 0x0000000085f00000|  0%| F|  |TAMS 0x0000000085e00000, 0x0000000085e00000| Untracked 
|  95|0x0000000085f00000, 0x0000000085f00000, 0x0000000086000000|  0%| F|  |TAMS 0x0000000085f00000, 0x0000000085f00000| Untracked 
|  96|0x0000000086000000, 0x0000000086000000, 0x0000000086100000|  0%| F|  |TAMS 0x0000000086000000, 0x0000000086000000| Untracked 
|  97|0x0000000086100000, 0x0000000086100000, 0x0000000086200000|  0%| F|  |TAMS 0x0000000086100000, 0x0000000086100000| Untracked 
|  98|0x0000000086200000, 0x0000000086200000, 0x0000000086300000|  0%| F|  |TAMS 0x0000000086200000, 0x0000000086200000| Untracked 
|  99|0x0000000086300000, 0x0000000086300000, 0x0000000086400000|  0%| F|  |TAMS 0x0000000086300000, 0x0000000086300000| Untracked 
| 100|0x0000000086400000, 0x0000000086400000, 0x0000000086500000|  0%| F|  |TAMS 0x0000000086400000, 0x0000000086400000| Untracked 
| 101|0x0000000086500000, 0x0000000086500000, 0x0000000086600000|  0%| F|  |TAMS 0x0000000086500000, 0x0000000086500000| Untracked 
| 102|0x0000000086600000, 0x0000000086600000, 0x0000000086700000|  0%| F|  |TAMS 0x0000000086600000, 0x0000000086600000| Untracked 
| 103|0x0000000086700000, 0x0000000086700000, 0x0000000086800000|  0%| F|  |TAMS 0x0000000086700000, 0x0000000086700000| Untracked 
| 104|0x0000000086800000, 0x0000000086800000, 0x0000000086900000|  0%| F|  |TAMS 0x0000000086800000, 0x0000000086800000| Untracked 
| 105|0x0000000086900000, 0x0000000086900000, 0x0000000086a00000|  0%| F|  |TAMS 0x0000000086900000, 0x0000000086900000| Untracked 
| 106|0x0000000086a00000, 0x0000000086a00000, 0x0000000086b00000|  0%| F|  |TAMS 0x0000000086a00000, 0x0000000086a00000| Untracked 
| 107|0x0000000086b00000, 0x0000000086b00000, 0x0000000086c00000|  0%| F|  |TAMS 0x0000000086b00000, 0x0000000086b00000| Untracked 
| 108|0x0000000086c00000, 0x0000000086c00000, 0x0000000086d00000|  0%| F|  |TAMS 0x0000000086c00000, 0x0000000086c00000| Untracked 
| 109|0x0000000086d00000, 0x0000000086d00000, 0x0000000086e00000|  0%| F|  |TAMS 0x0000000086d00000, 0x0000000086d00000| Untracked 
| 110|0x0000000086e00000, 0x0000000086e00000, 0x0000000086f00000|  0%| F|  |TAMS 0x0000000086e00000, 0x0000000086e00000| Untracked 
| 111|0x0000000086f00000, 0x0000000086f00000, 0x0000000087000000|  0%| F|  |TAMS 0x0000000086f00000, 0x0000000086f00000| Untracked 
| 112|0x0000000087000000, 0x0000000087000000, 0x0000000087100000|  0%| F|  |TAMS 0x0000000087000000, 0x0000000087000000| Untracked 
| 113|0x0000000087100000, 0x0000000087100000, 0x0000000087200000|  0%| F|  |TAMS 0x0000000087100000, 0x0000000087100000| Untracked 
| 114|0x0000000087200000, 0x0000000087200000, 0x0000000087300000|  0%| F|  |TAMS 0x0000000087200000, 0x0000000087200000| Untracked 
| 115|0x0000000087300000, 0x0000000087300000, 0x0000000087400000|  0%| F|  |TAMS 0x0000000087300000, 0x0000000087300000| Untracked 
| 116|0x0000000087400000, 0x0000000087400000, 0x0000000087500000|  0%| F|  |TAMS 0x0000000087400000, 0x0000000087400000| Untracked 
| 117|0x0000000087500000, 0x0000000087500000, 0x0000000087600000|  0%| F|  |TAMS 0x0000000087500000, 0x0000000087500000| Untracked 
| 118|0x0000000087600000, 0x0000000087600000, 0x0000000087700000|  0%| F|  |TAMS 0x0000000087600000, 0x0000000087600000| Untracked 
| 119|0x0000000087700000, 0x0000000087700000, 0x0000000087800000|  0%| F|  |TAMS 0x0000000087700000, 0x0000000087700000| Untracked 
| 120|0x0000000087800000, 0x0000000087800000, 0x0000000087900000|  0%| F|  |TAMS 0x0000000087800000, 0x0000000087800000| Untracked 
| 121|0x0000000087900000, 0x0000000087900000, 0x0000000087a00000|  0%| F|  |TAMS 0x0000000087900000, 0x0000000087900000| Untracked 
| 122|0x0000000087a00000, 0x0000000087a00000, 0x0000000087b00000|  0%| F|  |TAMS 0x0000000087a00000, 0x0000000087a00000| Untracked 
| 123|0x0000000087b00000, 0x0000000087b00000, 0x0000000087c00000|  0%| F|  |TAMS 0x0000000087b00000, 0x0000000087b00000| Untracked 
| 124|0x0000000087c00000, 0x0000000087c00000, 0x0000000087d00000|  0%| F|  |TAMS 0x0000000087c00000, 0x0000000087c00000| Untracked 
| 125|0x0000000087d00000, 0x0000000087d00000, 0x0000000087e00000|  0%| F|  |TAMS 0x0000000087d00000, 0x0000000087d00000| Untracked 
| 126|0x0000000087e00000, 0x0000000087e00000, 0x0000000087f00000|  0%| F|  |TAMS 0x0000000087e00000, 0x0000000087e00000| Untracked 
| 127|0x0000000087f00000, 0x0000000087f00000, 0x0000000088000000|  0%| F|  |TAMS 0x0000000087f00000, 0x0000000087f00000| Untracked 
| 128|0x0000000088000000, 0x0000000088000000, 0x0000000088100000|  0%| F|  |TAMS 0x0000000088000000, 0x0000000088000000| Untracked 
| 129|0x0000000088100000, 0x0000000088100000, 0x0000000088200000|  0%| F|  |TAMS 0x0000000088100000, 0x0000000088100000| Untracked 
| 130|0x0000000088200000, 0x0000000088200000, 0x0000000088300000|  0%| F|  |TAMS 0x0000000088200000, 0x0000000088200000| Untracked 
| 131|0x0000000088300000, 0x0000000088300000, 0x0000000088400000|  0%| F|  |TAMS 0x0000000088300000, 0x0000000088300000| Untracked 
| 132|0x0000000088400000, 0x0000000088400000, 0x0000000088500000|  0%| F|  |TAMS 0x0000000088400000, 0x0000000088400000| Untracked 
| 133|0x0000000088500000, 0x0000000088500000, 0x0000000088600000|  0%| F|  |TAMS 0x0000000088500000, 0x0000000088500000| Untracked 
| 134|0x0000000088600000, 0x0000000088600000, 0x0000000088700000|  0%| F|  |TAMS 0x0000000088600000, 0x0000000088600000| Untracked 
| 135|0x0000000088700000, 0x0000000088700000, 0x0000000088800000|  0%| F|  |TAMS 0x0000000088700000, 0x0000000088700000| Untracked 
| 136|0x0000000088800000, 0x0000000088800000, 0x0000000088900000|  0%| F|  |TAMS 0x0000000088800000, 0x0000000088800000| Untracked 
| 137|0x0000000088900000, 0x0000000088900000, 0x0000000088a00000|  0%| F|  |TAMS 0x0000000088900000, 0x0000000088900000| Untracked 
| 138|0x0000000088a00000, 0x0000000088a00000, 0x0000000088b00000|  0%| F|  |TAMS 0x0000000088a00000, 0x0000000088a00000| Untracked 
| 139|0x0000000088b00000, 0x0000000088b00000, 0x0000000088c00000|  0%| F|  |TAMS 0x0000000088b00000, 0x0000000088b00000| Untracked 
| 140|0x0000000088c00000, 0x0000000088c00000, 0x0000000088d00000|  0%| F|  |TAMS 0x0000000088c00000, 0x0000000088c00000| Untracked 
| 141|0x0000000088d00000, 0x0000000088d00000, 0x0000000088e00000|  0%| F|  |TAMS 0x0000000088d00000, 0x0000000088d00000| Untracked 
| 142|0x0000000088e00000, 0x0000000088e80800, 0x0000000088f00000| 50%| E|  |TAMS 0x0000000088e00000, 0x0000000088e00000| Complete 
| 143|0x0000000088f00000, 0x0000000089000000, 0x0000000089000000|100%| E|CS|TAMS 0x0000000088f00000, 0x0000000088f00000| Complete 
| 144|0x0000000089000000, 0x0000000089100000, 0x0000000089100000|100%| E|CS|TAMS 0x0000000089000000, 0x0000000089000000| Complete 
| 145|0x0000000089100000, 0x0000000089200000, 0x0000000089200000|100%| E|CS|TAMS 0x0000000089100000, 0x0000000089100000| Complete 
| 146|0x0000000089200000, 0x0000000089300000, 0x0000000089300000|100%| E|CS|TAMS 0x0000000089200000, 0x0000000089200000| Complete 
| 147|0x0000000089300000, 0x0000000089400000, 0x0000000089400000|100%| E|CS|TAMS 0x0000000089300000, 0x0000000089300000| Complete 
| 148|0x0000000089400000, 0x0000000089500000, 0x0000000089500000|100%| E|CS|TAMS 0x0000000089400000, 0x0000000089400000| Complete 
| 149|0x0000000089500000, 0x0000000089600000, 0x0000000089600000|100%| E|CS|TAMS 0x0000000089500000, 0x0000000089500000| Complete 
| 150|0x0000000089600000, 0x0000000089700000, 0x0000000089700000|100%| E|CS|TAMS 0x0000000089600000, 0x0000000089600000| Complete 
| 151|0x0000000089700000, 0x0000000089800000, 0x0000000089800000|100%| E|CS|TAMS 0x0000000089700000, 0x0000000089700000| Complete 
| 152|0x0000000089800000, 0x0000000089900000, 0x0000000089900000|100%| E|CS|TAMS 0x0000000089800000, 0x0000000089800000| Complete 
| 153|0x0000000089900000, 0x0000000089a00000, 0x0000000089a00000|100%| E|  |TAMS 0x0000000089900000, 0x0000000089900000| Complete 
| 154|0x0000000089a00000, 0x0000000089b00000, 0x0000000089b00000|100%| E|CS|TAMS 0x0000000089a00000, 0x0000000089a00000| Complete 
| 155|0x0000000089b00000, 0x0000000089b3d740, 0x0000000089c00000| 24%| S|CS|TAMS 0x0000000089b00000, 0x0000000089b00000| Complete 
| 156|0x0000000089c00000, 0x0000000089d00000, 0x0000000089d00000|100%| S|CS|TAMS 0x0000000089c00000, 0x0000000089c00000| Complete 
| 157|0x0000000089d00000, 0x0000000089e00000, 0x0000000089e00000|100%| S|CS|TAMS 0x0000000089d00000, 0x0000000089d00000| Complete 
| 158|0x0000000089e00000, 0x0000000089f00000, 0x0000000089f00000|100%| S|CS|TAMS 0x0000000089e00000, 0x0000000089e00000| Complete 
| 159|0x0000000089f00000, 0x000000008a000000, 0x000000008a000000|100%| S|CS|TAMS 0x0000000089f00000, 0x0000000089f00000| Complete 
| 160|0x000000008a000000, 0x000000008a100000, 0x000000008a100000|100%| S|CS|TAMS 0x000000008a000000, 0x000000008a000000| Complete 
| 161|0x000000008a100000, 0x000000008a200000, 0x000000008a200000|100%| E|CS|TAMS 0x000000008a100000, 0x000000008a100000| Complete 
| 162|0x000000008a200000, 0x000000008a300000, 0x000000008a300000|100%| E|CS|TAMS 0x000000008a200000, 0x000000008a200000| Complete 
| 163|0x000000008a300000, 0x000000008a400000, 0x000000008a400000|100%| E|CS|TAMS 0x000000008a300000, 0x000000008a300000| Complete 
| 164|0x000000008a400000, 0x000000008a500000, 0x000000008a500000|100%| E|CS|TAMS 0x000000008a400000, 0x000000008a400000| Complete 
| 165|0x000000008a500000, 0x000000008a600000, 0x000000008a600000|100%| E|CS|TAMS 0x000000008a500000, 0x000000008a500000| Complete 
| 166|0x000000008a600000, 0x000000008a700000, 0x000000008a700000|100%| E|CS|TAMS 0x000000008a600000, 0x000000008a600000| Complete 
| 167|0x000000008a700000, 0x000000008a800000, 0x000000008a800000|100%| E|CS|TAMS 0x000000008a700000, 0x000000008a700000| Complete 
| 168|0x000000008a800000, 0x000000008a900000, 0x000000008a900000|100%| E|CS|TAMS 0x000000008a800000, 0x000000008a800000| Complete 
| 169|0x000000008a900000, 0x000000008aa00000, 0x000000008aa00000|100%| E|CS|TAMS 0x000000008a900000, 0x000000008a900000| Complete 
| 170|0x000000008aa00000, 0x000000008ab00000, 0x000000008ab00000|100%| E|CS|TAMS 0x000000008aa00000, 0x000000008aa00000| Complete 
| 171|0x000000008ab00000, 0x000000008ac00000, 0x000000008ac00000|100%| E|CS|TAMS 0x000000008ab00000, 0x000000008ab00000| Complete 
| 172|0x000000008ac00000, 0x000000008ad00000, 0x000000008ad00000|100%| E|CS|TAMS 0x000000008ac00000, 0x000000008ac00000| Complete 
| 173|0x000000008ad00000, 0x000000008ae00000, 0x000000008ae00000|100%| E|CS|TAMS 0x000000008ad00000, 0x000000008ad00000| Complete 
| 174|0x000000008ae00000, 0x000000008af00000, 0x000000008af00000|100%| E|CS|TAMS 0x000000008ae00000, 0x000000008ae00000| Complete 
| 175|0x000000008af00000, 0x000000008b000000, 0x000000008b000000|100%| E|CS|TAMS 0x000000008af00000, 0x000000008af00000| Complete 
| 176|0x000000008b000000, 0x000000008b100000, 0x000000008b100000|100%| E|CS|TAMS 0x000000008b000000, 0x000000008b000000| Complete 
| 177|0x000000008b100000, 0x000000008b200000, 0x000000008b200000|100%| E|CS|TAMS 0x000000008b100000, 0x000000008b100000| Complete 
| 178|0x000000008b200000, 0x000000008b300000, 0x000000008b300000|100%| E|CS|TAMS 0x000000008b200000, 0x000000008b200000| Complete 
| 179|0x000000008b300000, 0x000000008b400000, 0x000000008b400000|100%| E|CS|TAMS 0x000000008b300000, 0x000000008b300000| Complete 
| 180|0x000000008b400000, 0x000000008b500000, 0x000000008b500000|100%| E|CS|TAMS 0x000000008b400000, 0x000000008b400000| Complete 
| 181|0x000000008b500000, 0x000000008b600000, 0x000000008b600000|100%| E|CS|TAMS 0x000000008b500000, 0x000000008b500000| Complete 
| 182|0x000000008b600000, 0x000000008b700000, 0x000000008b700000|100%| E|CS|TAMS 0x000000008b600000, 0x000000008b600000| Complete 
| 183|0x000000008b700000, 0x000000008b800000, 0x000000008b800000|100%| E|CS|TAMS 0x000000008b700000, 0x000000008b700000| Complete 
| 184|0x000000008b800000, 0x000000008b900000, 0x000000008b900000|100%| E|CS|TAMS 0x000000008b800000, 0x000000008b800000| Complete 
| 185|0x000000008b900000, 0x000000008ba00000, 0x000000008ba00000|100%| E|CS|TAMS 0x000000008b900000, 0x000000008b900000| Complete 
| 186|0x000000008ba00000, 0x000000008bb00000, 0x000000008bb00000|100%| E|CS|TAMS 0x000000008ba00000, 0x000000008ba00000| Complete 
| 187|0x000000008bb00000, 0x000000008bc00000, 0x000000008bc00000|100%| E|CS|TAMS 0x000000008bb00000, 0x000000008bb00000| Complete 
| 188|0x000000008bc00000, 0x000000008bd00000, 0x000000008bd00000|100%| E|CS|TAMS 0x000000008bc00000, 0x000000008bc00000| Complete 
| 189|0x000000008bd00000, 0x000000008be00000, 0x000000008be00000|100%| E|CS|TAMS 0x000000008bd00000, 0x000000008bd00000| Complete 
| 190|0x000000008be00000, 0x000000008bf00000, 0x000000008bf00000|100%| E|CS|TAMS 0x000000008be00000, 0x000000008be00000| Complete 
| 191|0x000000008bf00000, 0x000000008c000000, 0x000000008c000000|100%| E|CS|TAMS 0x000000008bf00000, 0x000000008bf00000| Complete 
| 192|0x000000008c000000, 0x000000008c100000, 0x000000008c100000|100%| E|CS|TAMS 0x000000008c000000, 0x000000008c000000| Complete 
| 193|0x000000008c100000, 0x000000008c200000, 0x000000008c200000|100%| E|CS|TAMS 0x000000008c100000, 0x000000008c100000| Complete 
| 194|0x000000008c200000, 0x000000008c300000, 0x000000008c300000|100%| E|CS|TAMS 0x000000008c200000, 0x000000008c200000| Complete 
| 195|0x000000008c300000, 0x000000008c400000, 0x000000008c400000|100%| E|CS|TAMS 0x000000008c300000, 0x000000008c300000| Complete 
| 196|0x000000008c400000, 0x000000008c500000, 0x000000008c500000|100%| E|CS|TAMS 0x000000008c400000, 0x000000008c400000| Complete 
| 197|0x000000008c500000, 0x000000008c600000, 0x000000008c600000|100%| E|CS|TAMS 0x000000008c500000, 0x000000008c500000| Complete 
| 198|0x000000008c600000, 0x000000008c700000, 0x000000008c700000|100%| E|CS|TAMS 0x000000008c600000, 0x000000008c600000| Complete 
| 199|0x000000008c700000, 0x000000008c800000, 0x000000008c800000|100%| E|CS|TAMS 0x000000008c700000, 0x000000008c700000| Complete 
| 200|0x000000008c800000, 0x000000008c900000, 0x000000008c900000|100%| E|CS|TAMS 0x000000008c800000, 0x000000008c800000| Complete 
| 201|0x000000008c900000, 0x000000008ca00000, 0x000000008ca00000|100%| E|CS|TAMS 0x000000008c900000, 0x000000008c900000| Complete 
| 202|0x000000008ca00000, 0x000000008cb00000, 0x000000008cb00000|100%| E|CS|TAMS 0x000000008ca00000, 0x000000008ca00000| Complete 
| 203|0x000000008cb00000, 0x000000008cc00000, 0x000000008cc00000|100%| E|CS|TAMS 0x000000008cb00000, 0x000000008cb00000| Complete 
| 204|0x000000008cc00000, 0x000000008cd00000, 0x000000008cd00000|100%| E|CS|TAMS 0x000000008cc00000, 0x000000008cc00000| Complete 
| 205|0x000000008cd00000, 0x000000008ce00000, 0x000000008ce00000|100%| E|CS|TAMS 0x000000008cd00000, 0x000000008cd00000| Complete 
| 206|0x000000008ce00000, 0x000000008cf00000, 0x000000008cf00000|100%| E|CS|TAMS 0x000000008ce00000, 0x000000008ce00000| Complete 
| 207|0x000000008cf00000, 0x000000008d000000, 0x000000008d000000|100%| E|CS|TAMS 0x000000008cf00000, 0x000000008cf00000| Complete 
| 208|0x000000008d000000, 0x000000008d100000, 0x000000008d100000|100%| E|CS|TAMS 0x000000008d000000, 0x000000008d000000| Complete 
| 209|0x000000008d100000, 0x000000008d200000, 0x000000008d200000|100%| E|CS|TAMS 0x000000008d100000, 0x000000008d100000| Complete 
| 210|0x000000008d200000, 0x000000008d300000, 0x000000008d300000|100%| E|CS|TAMS 0x000000008d200000, 0x000000008d200000| Complete 
| 211|0x000000008d300000, 0x000000008d400000, 0x000000008d400000|100%| E|CS|TAMS 0x000000008d300000, 0x000000008d300000| Complete 
| 212|0x000000008d400000, 0x000000008d500000, 0x000000008d500000|100%| E|CS|TAMS 0x000000008d400000, 0x000000008d400000| Complete 
| 213|0x000000008d500000, 0x000000008d600000, 0x000000008d600000|100%| E|CS|TAMS 0x000000008d500000, 0x000000008d500000| Complete 
| 214|0x000000008d600000, 0x000000008d700000, 0x000000008d700000|100%| E|CS|TAMS 0x000000008d600000, 0x000000008d600000| Complete 
| 215|0x000000008d700000, 0x000000008d800000, 0x000000008d800000|100%| E|CS|TAMS 0x000000008d700000, 0x000000008d700000| Complete 
| 216|0x000000008d800000, 0x000000008d900000, 0x000000008d900000|100%| E|CS|TAMS 0x000000008d800000, 0x000000008d800000| Complete 
| 217|0x000000008d900000, 0x000000008da00000, 0x000000008da00000|100%| E|CS|TAMS 0x000000008d900000, 0x000000008d900000| Complete 
| 218|0x000000008da00000, 0x000000008db00000, 0x000000008db00000|100%| E|CS|TAMS 0x000000008da00000, 0x000000008da00000| Complete 
| 219|0x000000008db00000, 0x000000008dc00000, 0x000000008dc00000|100%| E|CS|TAMS 0x000000008db00000, 0x000000008db00000| Complete 
| 220|0x000000008dc00000, 0x000000008dd00000, 0x000000008dd00000|100%| E|CS|TAMS 0x000000008dc00000, 0x000000008dc00000| Complete 
| 221|0x000000008dd00000, 0x000000008de00000, 0x000000008de00000|100%| E|CS|TAMS 0x000000008dd00000, 0x000000008dd00000| Complete 
| 222|0x000000008de00000, 0x000000008df00000, 0x000000008df00000|100%| E|CS|TAMS 0x000000008de00000, 0x000000008de00000| Complete 
| 223|0x000000008df00000, 0x000000008e000000, 0x000000008e000000|100%| E|CS|TAMS 0x000000008df00000, 0x000000008df00000| Complete 
| 224|0x000000008e000000, 0x000000008e100000, 0x000000008e100000|100%| E|CS|TAMS 0x000000008e000000, 0x000000008e000000| Complete 
| 225|0x000000008e100000, 0x000000008e200000, 0x000000008e200000|100%| E|CS|TAMS 0x000000008e100000, 0x000000008e100000| Complete 
| 226|0x000000008e200000, 0x000000008e300000, 0x000000008e300000|100%| E|CS|TAMS 0x000000008e200000, 0x000000008e200000| Complete 
| 227|0x000000008e300000, 0x000000008e400000, 0x000000008e400000|100%| E|CS|TAMS 0x000000008e300000, 0x000000008e300000| Complete 
| 228|0x000000008e400000, 0x000000008e500000, 0x000000008e500000|100%| E|CS|TAMS 0x000000008e400000, 0x000000008e400000| Complete 
| 229|0x000000008e500000, 0x000000008e600000, 0x000000008e600000|100%| E|CS|TAMS 0x000000008e500000, 0x000000008e500000| Complete 
| 230|0x000000008e600000, 0x000000008e700000, 0x000000008e700000|100%| E|CS|TAMS 0x000000008e600000, 0x000000008e600000| Complete 
| 231|0x000000008e700000, 0x000000008e800000, 0x000000008e800000|100%| E|CS|TAMS 0x000000008e700000, 0x000000008e700000| Complete 
| 232|0x000000008e800000, 0x000000008e900000, 0x000000008e900000|100%| E|CS|TAMS 0x000000008e800000, 0x000000008e800000| Complete 
| 233|0x000000008e900000, 0x000000008ea00000, 0x000000008ea00000|100%| E|CS|TAMS 0x000000008e900000, 0x000000008e900000| Complete 
| 234|0x000000008ea00000, 0x000000008eb00000, 0x000000008eb00000|100%| E|CS|TAMS 0x000000008ea00000, 0x000000008ea00000| Complete 
| 235|0x000000008eb00000, 0x000000008ec00000, 0x000000008ec00000|100%| E|CS|TAMS 0x000000008eb00000, 0x000000008eb00000| Complete 
| 236|0x000000008ec00000, 0x000000008ed00000, 0x000000008ed00000|100%| E|CS|TAMS 0x000000008ec00000, 0x000000008ec00000| Complete 
| 237|0x000000008ed00000, 0x000000008ee00000, 0x000000008ee00000|100%| E|CS|TAMS 0x000000008ed00000, 0x000000008ed00000| Complete 
| 238|0x000000008ee00000, 0x000000008ef00000, 0x000000008ef00000|100%| E|CS|TAMS 0x000000008ee00000, 0x000000008ee00000| Complete 
| 239|0x000000008ef00000, 0x000000008f000000, 0x000000008f000000|100%| E|CS|TAMS 0x000000008ef00000, 0x000000008ef00000| Complete 
| 240|0x000000008f000000, 0x000000008f100000, 0x000000008f100000|100%| E|CS|TAMS 0x000000008f000000, 0x000000008f000000| Complete 
| 241|0x000000008f100000, 0x000000008f200000, 0x000000008f200000|100%| E|CS|TAMS 0x000000008f100000, 0x000000008f100000| Complete 
| 242|0x000000008f200000, 0x000000008f300000, 0x000000008f300000|100%| E|CS|TAMS 0x000000008f200000, 0x000000008f200000| Complete 
| 243|0x000000008f300000, 0x000000008f400000, 0x000000008f400000|100%| E|CS|TAMS 0x000000008f300000, 0x000000008f300000| Complete 
| 244|0x000000008f400000, 0x000000008f500000, 0x000000008f500000|100%| E|CS|TAMS 0x000000008f400000, 0x000000008f400000| Complete 
| 245|0x000000008f500000, 0x000000008f600000, 0x000000008f600000|100%| E|CS|TAMS 0x000000008f500000, 0x000000008f500000| Complete 
| 246|0x000000008f600000, 0x000000008f700000, 0x000000008f700000|100%| E|CS|TAMS 0x000000008f600000, 0x000000008f600000| Complete 
| 247|0x000000008f700000, 0x000000008f800000, 0x000000008f800000|100%| E|CS|TAMS 0x000000008f700000, 0x000000008f700000| Complete 
| 248|0x000000008f800000, 0x000000008f900000, 0x000000008f900000|100%| E|CS|TAMS 0x000000008f800000, 0x000000008f800000| Complete 
| 249|0x000000008f900000, 0x000000008fa00000, 0x000000008fa00000|100%| E|CS|TAMS 0x000000008f900000, 0x000000008f900000| Complete 
| 250|0x000000008fa00000, 0x000000008fb00000, 0x000000008fb00000|100%| E|CS|TAMS 0x000000008fa00000, 0x000000008fa00000| Complete 
| 251|0x000000008fb00000, 0x000000008fc00000, 0x000000008fc00000|100%| E|CS|TAMS 0x000000008fb00000, 0x000000008fb00000| Complete 

Card table byte_map: [0x000001dafdcd0000,0x000001dafe0d0000] _byte_map_base: 0x000001dafd8d0000

Marking Bits (Prev, Next): (CMBitMap*) 0x000001dafd5024b8, (CMBitMap*) 0x000001dafd5024f0
 Prev Bits: [0x000001da92a30000, 0x000001da94a30000)
 Next Bits: [0x000001da94a30000, 0x000001da96a30000)

Polling page: 0x000001dafb4c0000

Metaspace:

Usage:
  Non-class:     38.26 MB capacity,    37.63 MB ( 98%) used,   534.79 KB (  1%) free+waste,   104.25 KB ( <1%) overhead. 
      Class:      5.91 MB capacity,     5.53 MB ( 94%) used,   339.91 KB (  6%) free+waste,    49.88 KB ( <1%) overhead. 
       Both:     44.17 MB capacity,    43.17 MB ( 98%) used,   874.70 KB (  2%) free+waste,   154.13 KB ( <1%) overhead. 

Virtual space:
  Non-class space:       40.00 MB reserved,      38.45 MB ( 96%) committed 
      Class space:        1.00 GB reserved,       6.00 MB ( <1%) committed 
             Both:        1.04 GB reserved,      44.45 MB (  4%) committed 

Chunk freelists:
   Non-Class:  3.00 KB
       Class:  27.00 KB
        Both:  30.00 KB

MaxMetaspaceSize: 17179869184.00 GB
CompressedClassSpaceSize: 1.00 GB
Initial GC threshold: 20.80 MB
Current GC threshold: 58.88 MB
CDS: off

CodeHeap 'non-profiled nmethods': size=120000Kb used=2157Kb max_used=2157Kb free=117842Kb
 bounds [0x000001da8b500000, 0x000001da8b770000, 0x000001da92a30000]
CodeHeap 'profiled nmethods': size=120000Kb used=8098Kb max_used=8098Kb free=111901Kb
 bounds [0x000001da83fd0000, 0x000001da847c0000, 0x000001da8b500000]
CodeHeap 'non-nmethods': size=5760Kb used=2303Kb max_used=2326Kb free=3456Kb
 bounds [0x000001da83a30000, 0x000001da83ca0000, 0x000001da83fd0000]
 total_blobs=4522 nmethods=3748 adapters=684
 compilation: enabled
              stopped_count=0, restarted_count=0
 full_count=0

Compilation events (20 events):
Event: 14.000 Thread 0x000001daff804000 3735       1       jdk.internal.reflect.ClassFileAssembler::getStack (5 bytes)
Event: 14.000 Thread 0x000001daff804000 nmethod 3735 0x000001da8b718590 code [0x000001da8b718740, 0x000001da8b7187f8]
Event: 14.001 Thread 0x000001daff804000 3736       3       java.util.Collections$SingletonList::iterator (8 bytes)
Event: 14.001 Thread 0x000001daff804000 nmethod 3736 0x000001da847a3390 code [0x000001da847a3560, 0x000001da847a3838]
Event: 14.001 Thread 0x000001daff804000 3738       3       org.gradle.internal.instantiation.generator.AbstractClassGenerator$GeneratedClassImpl$GeneratedConstructorImpl::getParameterTypes (8 bytes)
Event: 14.001 Thread 0x000001daff804000 nmethod 3738 0x000001da847a3990 code [0x000001da847a3b60, 0x000001da847a3e68]
Event: 14.002 Thread 0x000001daff804000 3741       3       com.google.common.collect.ImmutableList::asImmutableList (60 bytes)
Event: 14.002 Thread 0x000001daff804000 nmethod 3741 0x000001da847a3f90 code [0x000001da847a4200, 0x000001da847a4bd8]
Event: 14.003 Thread 0x000001daff804000 3739       1       org.gradle.internal.instantiation.generator.DefaultInstantiationScheme::instantiator (5 bytes)
Event: 14.003 Thread 0x000001daff804000 nmethod 3739 0x000001da8b718890 code [0x000001da8b718a40, 0x000001da8b718af8]
Event: 14.003 Thread 0x000001daff804000 3740       1       org.gradle.internal.instantiation.generator.AbstractClassGenerator$GeneratedClassImpl::getOuterType (5 bytes)
Event: 14.003 Thread 0x000001daff804000 nmethod 3740 0x000001da8b718b90 code [0x000001da8b718d40, 0x000001da8b718df8]
Event: 14.003 Thread 0x000001daff804000 3742       1       com.google.common.collect.SingletonImmutableList::size (2 bytes)
Event: 14.003 Thread 0x000001daff804000 nmethod 3742 0x000001da8b718e90 code [0x000001da8b719040, 0x000001da8b7190f8]
Event: 14.026 Thread 0x000001daff802000 nmethod 3733 0x000001da8b719190 code [0x000001da8b7193a0, 0x000001da8b719f08]
Event: 14.026 Thread 0x000001daff802000 3737       4       com.google.common.base.Preconditions::checkNotNull (14 bytes)
Event: 14.027 Thread 0x000001daff802000 nmethod 3737 0x000001da8b71a690 code [0x000001da8b71a820, 0x000001da8b71a878]
Event: 14.027 Thread 0x000001daff802000 3743   !   4       java.util.zip.ZipFile::getInputStream (323 bytes)
Event: 14.034 Thread 0x000001daff804000 3744       1       org.gradle.internal.instantiation.generator.AbstractClassGenerator$GeneratedClassImpl::getConstructors (5 bytes)
Event: 14.034 Thread 0x000001daff804000 nmethod 3744 0x000001da8b71a990 code [0x000001da8b71ab40, 0x000001da8b71abf8]

GC Heap History (8 events):
Event: 1.565 GC heap before
{Heap before GC invocations=0 (full 0):
 garbage-first heap   total 258048K, used 30720K [0x0000000080000000, 0x0000000100000000)
  region size 1024K, 24 young (24576K), 0 survivors (0K)
 Metaspace       used 9871K, capacity 10118K, committed 10368K, reserved 1058816K
  class space    used 1027K, capacity 1102K, committed 1152K, reserved 1048576K
}
Event: 1.572 GC heap after
{Heap after GC invocations=1 (full 0):
 garbage-first heap   total 258048K, used 9331K [0x0000000080000000, 0x0000000100000000)
  region size 1024K, 3 young (3072K), 3 survivors (3072K)
 Metaspace       used 9871K, capacity 10118K, committed 10368K, reserved 1058816K
  class space    used 1027K, capacity 1102K, committed 1152K, reserved 1048576K
}
Event: 4.519 GC heap before
{Heap before GC invocations=1 (full 0):
 garbage-first heap   total 258048K, used 111731K [0x0000000080000000, 0x0000000100000000)
  region size 1024K, 103 young (105472K), 3 survivors (3072K)
 Metaspace       used 20725K, capacity 21138K, committed 21248K, reserved 1067008K
  class space    used 2549K, capacity 2711K, committed 2816K, reserved 1048576K
}
Event: 4.535 GC heap after
{Heap after GC invocations=2 (full 0):
 garbage-first heap   total 258048K, used 16940K [0x0000000080000000, 0x0000000100000000)
  region size 1024K, 11 young (11264K), 11 survivors (11264K)
 Metaspace       used 20725K, capacity 21138K, committed 21248K, reserved 1067008K
  class space    used 2549K, capacity 2711K, committed 2816K, reserved 1048576K
}
Event: 4.964 GC heap before
{Heap before GC invocations=3 (full 0):
 garbage-first heap   total 258048K, used 38444K [0x0000000080000000, 0x0000000100000000)
  region size 1024K, 32 young (32768K), 11 survivors (11264K)
 Metaspace       used 22881K, capacity 23394K, committed 23552K, reserved 1069056K
  class space    used 2896K, capacity 3064K, committed 3072K, reserved 1048576K
}
Event: 4.975 GC heap after
{Heap after GC invocations=4 (full 0):
 garbage-first heap   total 258048K, used 17758K [0x0000000080000000, 0x0000000100000000)
  region size 1024K, 2 young (2048K), 2 survivors (2048K)
 Metaspace       used 22881K, capacity 23394K, committed 23552K, reserved 1069056K
  class space    used 2896K, capacity 3064K, committed 3072K, reserved 1048576K
}
Event: 11.666 GC heap before
{Heap before GC invocations=4 (full 0):
 garbage-first heap   total 258048K, used 107870K [0x0000000080000000, 0x0000000100000000)
  region size 1024K, 91 young (93184K), 2 survivors (2048K)
 Metaspace       used 34957K, capacity 35787K, committed 35840K, reserved 1081344K
  class space    used 4530K, capacity 4839K, committed 4864K, reserved 1048576K
}
Event: 11.684 GC heap after
{Heap after GC invocations=5 (full 0):
 garbage-first heap   total 258048K, used 21876K [0x0000000080000000, 0x0000000100000000)
  region size 1024K, 6 young (6144K), 6 survivors (6144K)
 Metaspace       used 34957K, capacity 35787K, committed 35840K, reserved 1081344K
  class space    used 4530K, capacity 4839K, committed 4864K, reserved 1048576K
}

Deoptimization events (20 events):
Event: 13.825 Thread 0x000001da9a87a000 DEOPT PACKING pc=0x000001da8b6fe43c sp=0x000000a8f60fa3d0
Event: 13.825 Thread 0x000001da9a87a000 DEOPT UNPACKING pc=0x000001da83a7a1af sp=0x000000a8f60fa360 mode 2
Event: 13.852 Thread 0x000001da9a87a000 DEOPT PACKING pc=0x000001da8467e5f4 sp=0x000000a8f60f6c00
Event: 13.852 Thread 0x000001da9a87a000 DEOPT UNPACKING pc=0x000001da83a7a95e sp=0x000000a8f60f61a0 mode 0
Event: 13.866 Thread 0x000001da9b68e000 Uncommon trap: trap_request=0xffffffc6 fr.pc=0x000001da8b6a0c1c relative=0x00000000000005fc
Event: 13.866 Thread 0x000001da9b68e000 Uncommon trap: reason=bimorphic_or_optimized_type_check action=maybe_recompile pc=0x000001da8b6a0c1c method=java.util.stream.Sink$ChainedReference.cancellationRequested()Z @ 4 c2
Event: 13.866 Thread 0x000001da9b68e000 DEOPT PACKING pc=0x000001da8b6a0c1c sp=0x000000a8f5cfe6c0
Event: 13.866 Thread 0x000001da9b68e000 DEOPT UNPACKING pc=0x000001da83a7a1af sp=0x000000a8f5cfe600 mode 2
Event: 13.981 Thread 0x000001da9a87a000 Uncommon trap: trap_request=0xffffffc6 fr.pc=0x000001da8b62cd78 relative=0x0000000000000218
Event: 13.981 Thread 0x000001da9a87a000 Uncommon trap: reason=bimorphic_or_optimized_type_check action=maybe_recompile pc=0x000001da8b62cd78 method=com.google.common.base.CharMatcher.indexIn(Ljava/lang/CharSequence;I)I @ 31 c2
Event: 13.981 Thread 0x000001da9a87a000 DEOPT PACKING pc=0x000001da8b62cd78 sp=0x000000a8f60f7fa0
Event: 13.981 Thread 0x000001da9a87a000 DEOPT UNPACKING pc=0x000001da83a7a1af sp=0x000000a8f60f7f48 mode 2
Event: 13.991 Thread 0x000001da9a87a000 Uncommon trap: trap_request=0xffffffc6 fr.pc=0x000001da8b62cd78 relative=0x0000000000000218
Event: 13.991 Thread 0x000001da9a87a000 Uncommon trap: reason=bimorphic_or_optimized_type_check action=maybe_recompile pc=0x000001da8b62cd78 method=com.google.common.base.CharMatcher.indexIn(Ljava/lang/CharSequence;I)I @ 31 c2
Event: 13.991 Thread 0x000001da9a87a000 DEOPT PACKING pc=0x000001da8b62cd78 sp=0x000000a8f60f7fa0
Event: 13.991 Thread 0x000001da9a87a000 DEOPT UNPACKING pc=0x000001da83a7a1af sp=0x000000a8f60f7f48 mode 2
Event: 13.996 Thread 0x000001da9a87a000 Uncommon trap: trap_request=0xffffffc6 fr.pc=0x000001da8b62cd78 relative=0x0000000000000218
Event: 13.996 Thread 0x000001da9a87a000 Uncommon trap: reason=bimorphic_or_optimized_type_check action=maybe_recompile pc=0x000001da8b62cd78 method=com.google.common.base.CharMatcher.indexIn(Ljava/lang/CharSequence;I)I @ 31 c2
Event: 13.996 Thread 0x000001da9a87a000 DEOPT PACKING pc=0x000001da8b62cd78 sp=0x000000a8f60f98b0
Event: 13.996 Thread 0x000001da9a87a000 DEOPT UNPACKING pc=0x000001da83a7a1af sp=0x000000a8f60f9858 mode 2

Classes redefined (0 events):
No events

Internal exceptions (20 events):
Event: 13.225 Thread 0x000001da9a87a000 Exception <a 'java/lang/ClassNotFoundException'{0x000000008bb05730}: org/gradle/api/internal/provider/AbstractPropertyCustomizer> (0x000000008bb05730) thrown at [./src/hotspot/share/classfile/systemDictionary.cpp, line 231]
Event: 13.227 Thread 0x000001da9a87a000 Exception <a 'java/lang/ClassNotFoundException'{0x000000008bb380f0}: org/gradle/api/internal/provider/DefaultPropertyCustomizer> (0x000000008bb380f0) thrown at [./src/hotspot/share/classfile/systemDictionary.cpp, line 231]
Event: 13.301 Thread 0x000001da9a87a000 Exception <a 'java/lang/ClassNotFoundException'{0x000000008b92ba30}: org/gradle/initialization/DefaultProjectDescriptorBeanInfo> (0x000000008b92ba30) thrown at [./src/hotspot/share/classfile/systemDictionary.cpp, line 231]
Event: 13.302 Thread 0x000001da9a87a000 Exception <a 'java/lang/ClassNotFoundException'{0x000000008b951af0}: org/gradle/initialization/DefaultProjectDescriptorCustomizer> (0x000000008b951af0) thrown at [./src/hotspot/share/classfile/systemDictionary.cpp, line 231]
Event: 13.308 Thread 0x000001da9a87a000 Implicit null exception at 0x000001da8b672cec to 0x000001da8b672d94
Event: 13.569 Thread 0x000001da9b413800 Exception <a 'java/lang/NoSuchMethodError'{0x000000008fb8f2d8}: <clinit>> (0x000000008fb8f2d8) thrown at [./src/hotspot/share/prims/jni.cpp, line 1365]
Event: 13.570 Thread 0x000001da9b413800 Exception <a 'java/lang/NoSuchMethodError'{0x000000008fb909c8}: <clinit>> (0x000000008fb909c8) thrown at [./src/hotspot/share/prims/jni.cpp, line 1365]
Event: 13.572 Thread 0x000001da9b413800 Exception <a 'java/lang/NoSuchMethodError'{0x000000008ae0a918}: <clinit>> (0x000000008ae0a918) thrown at [./src/hotspot/share/prims/jni.cpp, line 1365]
Event: 13.573 Thread 0x000001da9b413800 Exception <a 'java/lang/NoSuchMethodError'{0x000000008ae0cca0}: <clinit>> (0x000000008ae0cca0) thrown at [./src/hotspot/share/prims/jni.cpp, line 1365]
Event: 13.575 Thread 0x000001da9b413800 Exception <a 'java/lang/NoSuchMethodError'{0x000000008ae1c940}: <clinit>> (0x000000008ae1c940) thrown at [./src/hotspot/share/prims/jni.cpp, line 1365]
Event: 13.748 Thread 0x000001da9a87a000 Implicit null exception at 0x000001da8b5f2ef4 to 0x000001da8b5f3104
Event: 13.748 Thread 0x000001da9a87a000 Implicit null exception at 0x000001da8b5554f8 to 0x000001da8b55558a
Event: 13.959 Thread 0x000001da9a87a000 Exception <a 'java/lang/ClassNotFoundException'{0x000000008965c660}: build_6khlasygeyan0nbsw3eicr9v6BeanInfo> (0x000000008965c660) thrown at [./src/hotspot/share/classfile/systemDictionary.cpp, line 231]
Event: 13.960 Thread 0x000001da9a87a000 Exception <a 'java/lang/ClassNotFoundException'{0x00000000896735f8}: org/gradle/api/internal/project/ProjectScriptBeanInfo> (0x00000000896735f8) thrown at [./src/hotspot/share/classfile/systemDictionary.cpp, line 231]
Event: 13.961 Thread 0x000001da9a87a000 Exception <a 'java/lang/ClassNotFoundException'{0x000000008968a4b8}: org/gradle/api/internal/project/ProjectScriptCustomizer> (0x000000008968a4b8) thrown at [./src/hotspot/share/classfile/systemDictionary.cpp, line 231]
Event: 13.962 Thread 0x000001da9a87a000 Exception <a 'java/lang/ClassNotFoundException'{0x00000000896a5738}: build_6khlasygeyan0nbsw3eicr9v6Customizer> (0x00000000896a5738) thrown at [./src/hotspot/share/classfile/systemDictionary.cpp, line 231]
Event: 13.976 Thread 0x000001da9a87a000 Exception <a 'java/lang/ClassNotFoundException'{0x0000000089538f40}: org/gradle/plugin/use/internal/PluginRequestCollector$PluginDependenciesSpecImplBeanInfo> (0x0000000089538f40) thrown at [./src/hotspot/share/classfile/systemDictionary.cpp, line 231]
Event: 13.977 Thread 0x000001da9a87a000 Exception <a 'java/lang/ClassNotFoundException'{0x0000000089567ec0}: org/gradle/plugin/use/internal/PluginRequestCollector$PluginDependenciesSpecImplCustomizer> (0x0000000089567ec0) thrown at [./src/hotspot/share/classfile/systemDictionary.cpp, line 231]
Event: 13.986 Thread 0x000001da9a87a000 Exception <a 'java/lang/ClassNotFoundException'{0x00000000895e7cb8}: org/gradle/plugin/use/internal/PluginRequestCollector$PluginDependencySpecImplBeanInfo> (0x00000000895e7cb8) thrown at [./src/hotspot/share/classfile/systemDictionary.cpp, line 231]
Event: 13.987 Thread 0x000001da9a87a000 Exception <a 'java/lang/ClassNotFoundException'{0x0000000089416300}: org/gradle/plugin/use/internal/PluginRequestCollector$PluginDependencySpecImplCustomizer> (0x0000000089416300) thrown at [./src/hotspot/share/classfile/systemDictionary.cpp, line 231]

Events (20 events):
Event: 14.047 loading class org/gradle/api/internal/artifacts/configurations/OutgoingVariant
Event: 14.047 loading class org/gradle/api/internal/artifacts/configurations/OutgoingVariant done
Event: 14.047 loading class org/gradle/api/internal/artifacts/configurations/DefaultConfiguration$ConfigurationFileCollection
Event: 14.047 loading class org/gradle/api/internal/artifacts/configurations/DefaultConfiguration$ConfigurationFileCollection done
Event: 14.048 loading class org/gradle/api/internal/artifacts/configurations/MutationValidator$MutationType
Event: 14.048 loading class org/gradle/api/internal/artifacts/configurations/MutationValidator$MutationType done
Event: 14.049 loading class org/gradle/api/internal/artifacts/configurations/DefaultConfiguration$ConfigurationArtifactCollection
Event: 14.049 loading class org/gradle/api/internal/artifacts/configurations/DefaultConfiguration$ConfigurationArtifactCollection done
Event: 14.050 loading class org/gradle/api/internal/artifacts/configurations/ArtifactCollectionInternal
Event: 14.050 loading class org/gradle/api/internal/artifacts/configurations/ArtifactCollectionInternal done
Event: 14.050 loading class org/gradle/api/artifacts/ArtifactCollection
Event: 14.050 loading class org/gradle/api/artifacts/ArtifactCollection done
Event: 14.051 loading class org/gradle/internal/deprecation/DeprecationMessageBuilder$WithDocumentation
Event: 14.051 loading class org/gradle/internal/deprecation/DeprecationMessageBuilder$WithDocumentation done
Event: 14.051 loading class org/gradle/api/artifacts/result/ResolvedComponentResult
Event: 14.051 loading class org/gradle/api/artifacts/result/ResolvedComponentResult done
Event: 14.052 loading class org/gradle/api/artifacts/result/ComponentResult
Event: 14.052 loading class org/gradle/api/artifacts/result/ComponentResult done
Event: 14.052 loading class org/gradle/api/artifacts/Configuration$State
Event: 14.052 loading class org/gradle/api/artifacts/Configuration$State done


Dynamic libraries:
0x00007ff7b9740000 - 0x00007ff7b974a000 	C:\Program Files\Android\Android Studio\jre\bin\java.exe
0x00007fff798f0000 - 0x00007fff79ae5000 	C:\Windows\SYSTEM32\ntdll.dll
0x00007fff79650000 - 0x00007fff7970d000 	C:\Windows\System32\KERNEL32.DLL
0x00007fff79380000 - 0x00007fff7964d000 	C:\Windows\System32\KERNELBASE.dll
0x00007fff76fc0000 - 0x00007fff770c0000 	C:\Windows\System32\ucrtbase.dll
0x00007fff669e0000 - 0x00007fff669f9000 	C:\Program Files\Android\Android Studio\jre\bin\jli.dll
0x00007fff666e0000 - 0x00007fff666f7000 	C:\Program Files\Android\Android Studio\jre\bin\VCRUNTIME140.dll
0x00007fff79710000 - 0x00007fff798b0000 	C:\Windows\System32\USER32.dll
0x00007fff770c0000 - 0x00007fff770e2000 	C:\Windows\System32\win32u.dll
0x00007fff78990000 - 0x00007fff789ba000 	C:\Windows\System32\GDI32.dll
0x00007fff4b7d0000 - 0x00007fff4ba6a000 	C:\Windows\WinSxS\amd64_microsoft.windows.common-controls_6595b64144ccf1df_6.0.19041.1110_none_60b5254171f9507e\COMCTL32.dll
0x00007fff773b0000 - 0x00007fff774bb000 	C:\Windows\System32\gdi32full.dll
0x00007fff77f40000 - 0x00007fff77fde000 	C:\Windows\System32\msvcrt.dll
0x00007fff770f0000 - 0x00007fff7718d000 	C:\Windows\System32\msvcp_win.dll
0x00007fff78350000 - 0x00007fff78380000 	C:\Windows\System32\IMM32.DLL
0x00007fff65e90000 - 0x00007fff65f2d000 	C:\Program Files\Android\Android Studio\jre\bin\msvcp140.dll
0x00007fff19080000 - 0x00007fff19b65000 	C:\Program Files\Android\Android Studio\jre\bin\server\jvm.dll
0x00007fff78a80000 - 0x00007fff78b2e000 	C:\Windows\System32\ADVAPI32.dll
0x00007fff782b0000 - 0x00007fff7834c000 	C:\Windows\System32\sechost.dll
0x00007fff79250000 - 0x00007fff79375000 	C:\Windows\System32\RPCRT4.dll
0x00007fff77630000 - 0x00007fff77638000 	C:\Windows\System32\PSAPI.DLL
0x00007fff50010000 - 0x00007fff50037000 	C:\Windows\SYSTEM32\WINMM.dll
0x00007fff50050000 - 0x00007fff50059000 	C:\Windows\SYSTEM32\WSOCK32.dll
0x00007fff6ffd0000 - 0x00007fff6ffda000 	C:\Windows\SYSTEM32\VERSION.dll
0x00007fff785c0000 - 0x00007fff7862b000 	C:\Windows\System32\WS2_32.dll
0x00007fff75960000 - 0x00007fff75972000 	C:\Windows\SYSTEM32\kernel.appcore.dll
0x00007fff70d40000 - 0x00007fff70d51000 	C:\Program Files\Android\Android Studio\jre\bin\verify.dll
0x00007fff754e0000 - 0x00007fff756c4000 	C:\Windows\SYSTEM32\DBGHELP.DLL
0x00007fff6c020000 - 0x00007fff6c04c000 	C:\Windows\SYSTEM32\dbgcore.DLL
0x00007fff775a0000 - 0x00007fff77622000 	C:\Windows\System32\bcryptPrimitives.dll
0x00007fff6f500000 - 0x00007fff6f529000 	C:\Program Files\Android\Android Studio\jre\bin\java.dll
0x00007fff73f90000 - 0x00007fff73f9b000 	C:\Program Files\Android\Android Studio\jre\bin\jimage.dll
0x00007fff6f610000 - 0x00007fff6f628000 	C:\Program Files\Android\Android Studio\jre\bin\zip.dll
0x00007fff77720000 - 0x00007fff77e64000 	C:\Windows\System32\SHELL32.dll
0x00007fff74c20000 - 0x00007fff753b4000 	C:\Windows\SYSTEM32\windows.storage.dll
0x00007fff78630000 - 0x00007fff78984000 	C:\Windows\System32\combase.dll
0x00007fff76a20000 - 0x00007fff76a4c000 	C:\Windows\SYSTEM32\Wldp.dll
0x00007fff781f0000 - 0x00007fff7829d000 	C:\Windows\System32\SHCORE.dll
0x00007fff78060000 - 0x00007fff780b5000 	C:\Windows\System32\shlwapi.dll
0x00007fff76f00000 - 0x00007fff76f1f000 	C:\Windows\SYSTEM32\profapi.dll
0x00007fff6f1b0000 - 0x00007fff6f1ca000 	C:\Program Files\Android\Android Studio\jre\bin\net.dll
0x00007fff73670000 - 0x00007fff7377a000 	C:\Windows\SYSTEM32\WINHTTP.dll
0x00007fff76780000 - 0x00007fff767ea000 	C:\Windows\system32\mswsock.dll
0x00007fff6c4d0000 - 0x00007fff6c4e4000 	C:\Program Files\Android\Android Studio\jre\bin\nio.dll
0x00007fff66bf0000 - 0x00007fff66c17000 	C:\Users\erels\.gradle\native\e1d6ef7f7dcc3fd88c89a11ec53ec762bb8ba0a96d01ffa2cd45eb1d1d8dd5c5\windows-amd64\native-platform.dll
0x00007fff56ef0000 - 0x00007fff57034000 	C:\Users\erels\.gradle\native\5664cfc778a61ccfe75a443a1ab52a65af34e5dc3c78e0209fed803814484fcb\windows-amd64\native-platform-file-events.dll
0x00007fff70dd0000 - 0x00007fff70dda000 	C:\Program Files\Android\Android Studio\jre\bin\management.dll
0x00007fff70d30000 - 0x00007fff70d3d000 	C:\Program Files\Android\Android Studio\jre\bin\management_ext.dll
0x00007fff76970000 - 0x00007fff76988000 	C:\Windows\SYSTEM32\CRYPTSP.dll
0x00007fff76090000 - 0x00007fff760c4000 	C:\Windows\system32\rsaenh.dll
0x00007fff774c0000 - 0x00007fff774e7000 	C:\Windows\System32\bcrypt.dll
0x00007fff76e80000 - 0x00007fff76eae000 	C:\Windows\SYSTEM32\USERENV.dll
0x00007fff76990000 - 0x00007fff7699c000 	C:\Windows\SYSTEM32\CRYPTBASE.dll
0x00007fff76420000 - 0x00007fff7645b000 	C:\Windows\SYSTEM32\IPHLPAPI.DLL
0x00007fff78b30000 - 0x00007fff78b38000 	C:\Windows\System32\NSI.dll
0x00007fff71b10000 - 0x00007fff71b27000 	C:\Windows\SYSTEM32\dhcpcsvc6.DLL
0x00007fff71ab0000 - 0x00007fff71acd000 	C:\Windows\SYSTEM32\dhcpcsvc.DLL
0x00007fff764b0000 - 0x00007fff7657b000 	C:\Windows\SYSTEM32\DNSAPI.dll

dbghelp: loaded successfully - version: 4.0.5 - missing functions: none
symbol engine: initialized successfully - sym options: 0x614 - pdb path: .;C:\Program Files\Android\Android Studio\jre\bin;C:\Windows\SYSTEM32;C:\Windows\WinSxS\amd64_microsoft.windows.common-controls_6595b64144ccf1df_6.0.19041.1110_none_60b5254171f9507e;C:\Program Files\Android\Android Studio\jre\bin\server;C:\Users\erels\.gradle\native\e1d6ef7f7dcc3fd88c89a11ec53ec762bb8ba0a96d01ffa2cd45eb1d1d8dd5c5\windows-amd64;C:\Users\erels\.gradle\native\5664cfc778a61ccfe75a443a1ab52a65af34e5dc3c78e0209fed803814484fcb\windows-amd64

VM Arguments:
jvm_args: --add-opens=java.base/java.util=ALL-UNNAMED --add-opens=java.base/java.lang=ALL-UNNAMED --add-opens=java.base/java.lang.invoke=ALL-UNNAMED --add-opens=java.base/java.util=ALL-UNNAMED --add-opens=java.prefs/java.util.prefs=ALL-UNNAMED --add-opens=java.prefs/java.util.prefs=ALL-UNNAMED --add-opens=java.base/java.nio.charset=ALL-UNNAMED --add-opens=java.base/java.net=ALL-UNNAMED --add-opens=java.base/java.util.concurrent.atomic=ALL-UNNAMED -Xmx2048m -Dfile.encoding=UTF-8 -Duser.country=US -Duser.language=en -Duser.variant 
java_command: org.gradle.launcher.daemon.bootstrap.GradleDaemon 7.3.3
java_class_path (initial): C:\Users\erels\.gradle\wrapper\dists\gradle-7.3.3-bin\6a41zxkdtcxs8rphpq6y0069z\gradle-7.3.3\lib\gradle-launcher-7.3.3.jar
Launcher Type: SUN_STANDARD

[Global flags]
     intx CICompilerCount                          = 4                                         {product} {ergonomic}
     uint ConcGCThreads                            = 2                                         {product} {ergonomic}
     uint G1ConcRefinementThreads                  = 8                                         {product} {ergonomic}
   size_t G1HeapRegionSize                         = 1048576                                   {product} {ergonomic}
    uintx GCDrainStackTargetSize                   = 64                                        {product} {ergonomic}
   size_t InitialHeapSize                          = 264241152                                 {product} {ergonomic}
   size_t MarkStackSize                            = 4194304                                   {product} {ergonomic}
   size_t MaxHeapSize                              = 2147483648                                {product} {command line}
   size_t MaxNewSize                               = 1287651328                                {product} {ergonomic}
   size_t MinHeapDeltaBytes                        = 1048576                                   {product} {ergonomic}
    uintx NonNMethodCodeHeapSize                   = 5836300                                {pd product} {ergonomic}
    uintx NonProfiledCodeHeapSize                  = 122910970                              {pd product} {ergonomic}
    uintx ProfiledCodeHeapSize                     = 122910970                              {pd product} {ergonomic}
    uintx ReservedCodeCacheSize                    = 251658240                              {pd product} {ergonomic}
     bool SegmentedCodeCache                       = true                                      {product} {ergonomic}
     bool UseCompressedClassPointers               = true                                 {lp64_product} {ergonomic}
     bool UseCompressedOops                        = true                                 {lp64_product} {ergonomic}
     bool UseG1GC                                  = true                                      {product} {ergonomic}
     bool UseLargePagesIndividualAllocation        = false                                  {pd product} {ergonomic}

Logging:
Log output configuration:
 #0: stdout all=warning uptime,level,tags
 #1: stderr all=off uptime,level,tags

Environment Variables:
PATH=C:\Windows\system32;C:\Windows;C:\Windows\System32\Wbem;C:\Windows\System32\WindowsPowerShell\v1.0\;C:\Windows\System32\OpenSSH\;C:\Program Files\PuTTY\;C:\Program Files\dotnet\;C:\Users\erels\.dnx\bin;C:\Program Files\Microsoft DNX\Dnvm\;C:\Program Files\Microsoft SQL Server\130\Tools\Binn\;C:\Program Files\Microsoft SQL Server\Client SDK\ODBC\170\Tools\Binn\;C:\Program Files\Microsoft SQL Server\110\Tools\Binn\;C:\Program Files (x86)\Microsoft SDKs\TypeScript\1.0\;C:\Program Files\Microsoft SQL Server\120\Tools\Binn\;C:\Program Files (x86)\dotnet\;C:\Strawberry\c\bin;C:\Strawberry\perl\site\bin;C:\Strawberry\perl\bin;C:\Program Files (x86)\Graphviz 2.28\bin;C:\Program Files (x86)\Microsoft Visual Studio\Shared\Python37_64;C:\ProgramData\Anaconda3\Scripts;C:\ProgramData\Anaconda3\Library\bin;C:\ProgramData\Anaconda3;C:\Program Files\Git\cmd;C:\Program Files\CMake\bin;C:\Program Files (x86)\Microsoft Visual Studio\2017\Professional\VC\Tools\MSVC\14.16.27023\lib\onecore\x86;C:\Program Files (x86)\GitExtensions\;C:\Program Files (x86)\Graphviz 2.28\include;C:\Program Files\Graphviz\bin;C:\Program Files\protoc-3.19.4-win64\bin;C:\Program Files\nodejs\;C:\Users\erels\AppData\Local\Microsoft\WindowsApps;C:\Program Files\JetBrains\PyCharm Community Edition 2021.2.3\bin;;C:\Users\erels\AppData\Roaming\npm;C:\Users\erels\AppData\Local\Programs\Microsoft VS Code\bin
USERNAME=erels
OS=Windows_NT
PROCESSOR_IDENTIFIER=Intel64 Family 6 Model 142 Stepping 12, GenuineIntel



---------------  S Y S T E M  ---------------

OS: Windows 10 , 64 bit Build 19041 (10.0.19041.1706)
OS uptime: 9 days 8:38 hours

CPU:total 8 (initial active 8) (4 cores per cpu, 2 threads per core) family 6 model 142 stepping 12 microcode 0xea, cmov, cx8, fxsr, mmx, sse, sse2, sse3, ssse3, sse4.1, sse4.2, popcnt, avx, avx2, aes, clmul, erms, 3dnowpref, lzcnt, ht, tsc, tscinvbit, bmi1, bmi2, adx, fma

Memory: 4k page, system-wide physical 16049M (1490M free)
TotalPageFile size 20144M (AvailPageFile size 5M)
current process WorkingSet (physical memory assigned to process): 311M, peak: 311M
current process commit charge ("private bytes"): 468M, peak: 468M

vm_info: OpenJDK 64-Bit Server VM (11.0.12+7-b1504.28-7817840) for windows-amd64 JRE (11.0.12+7-b1504.28-7817840), built on Oct 13 2021 22:12:33 by "builder" with MS VC++ 14.0 (VS2015)

END.
